Information,12/4/2019 2:22:38 PM,Service Control Manager,7036,None,The Apache Tomcat 8.0 Tomcat8 service entered the running state.
Information,12/4/2019 2:22:37 PM,Service Control Manager,7036,None,The Distributed Link Tracking Client service entered the running state.
Information,12/4/2019 2:22:36 PM,Service Control Manager,7036,None,The SNMP Service service entered the running state.
Information,12/4/2019 2:22:36 PM,Service Control Manager,7036,None,The Remote Registry service entered the running state.
Information,12/4/2019 2:22:36 PM,Service Control Manager,7036,None,The MEDC Server Component - Apache service entered the running state.
Error,12/4/2019 2:22:36 PM,SNMP,1500,None,The SNMP Service encountered an error while accessing the registry key SYSTEM\CurrentControlSet\Services\SNMP\Parameters\TrapConfiguration.
Information,12/4/2019 2:22:35 PM,Service Control Manager,7036,None,The ManageEngine Desktop Central Server service entered the running state.
Information,12/4/2019 2:22:34 PM,Service Control Manager,7036,None,The Network Location Awareness service entered the running state.
Information,12/4/2019 2:22:32 PM,Service Control Manager,7036,None,The jmx service entered the running state.
Information,12/4/2019 2:22:31 PM,Service Control Manager,7036,None,The MEDC Server Component - Notification Server service entered the running state.
Information,12/4/2019 2:22:31 PM,Service Control Manager,7036,None,The jenkins service entered the running state.
Information,12/4/2019 2:22:31 PM,Service Control Manager,7036,None,The Elasticsearch 1.1.1 (elasticsearch-service-x64) service entered the running state.
Information,12/4/2019 2:22:29 PM,Service Control Manager,7036,None,The domain1 GlassFish Server service entered the running state.
Information,12/4/2019 2:22:29 PM,Service Control Manager,7036,None,The Microsoft FTP Service service entered the running state.
Information,12/4/2019 2:22:28 PM,Service Control Manager,7036,None,The IKE and AuthIP IPsec Keying Modules service entered the running state.
Information,12/4/2019 2:22:27 PM,Service Control Manager,7036,None,The Application Host Helper Service service entered the running state.
Information,12/4/2019 2:22:27 PM,Service Control Manager,7036,None,The Cryptographic Services service entered the running state.
Information,12/4/2019 2:22:27 PM,Service Control Manager,7036,None,The Print Spooler service entered the running state.
Information,12/4/2019 2:22:27 PM,Service Control Manager,7036,None,The Security Accounts Manager service entered the running state.
Information,12/4/2019 2:22:27 PM,Service Control Manager,7036,None,The Workstation service entered the running state.
Information,12/4/2019 2:22:27 PM,Service Control Manager,7036,None,The Windows Firewall service entered the running state.
Information,12/4/2019 2:22:27 PM,Service Control Manager,7036,None,The Base Filtering Engine service entered the running state.
Information,12/4/2019 2:22:27 PM,Service Control Manager,7036,None,The Task Scheduler service entered the running state.
Information,12/4/2019 2:22:27 PM,Service Control Manager,7036,None,The Shell Hardware Detection service entered the running state.
Information,12/4/2019 2:22:27 PM,Service Control Manager,7036,None,The DNS Client service entered the running state.
Information,12/4/2019 2:22:27 PM,Service Control Manager,7036,None,The DHCP Client service entered the running state.
Information,12/4/2019 2:22:27 PM,Microsoft-Windows-DHCPv6-Client,51046,Service State Event,DHCPv6 client service is started
Information,12/4/2019 2:22:27 PM,Microsoft-Windows-Dhcp-Client,50036,Service State Event,DHCPv4 client service is started
Information,12/4/2019 2:22:27 PM,Service Control Manager,7036,None,The TCP/IP NetBIOS Helper service entered the running state.
Information,12/4/2019 2:22:27 PM,Service Control Manager,7036,None,The Network Store Interface Service service entered the running state.
Information,12/4/2019 2:22:26 PM,Service Control Manager,7036,None,The Desktop Window Manager Session Manager service entered the running state.
Information,12/4/2019 2:22:26 PM,Service Control Manager,7036,None,The System Event Notification Service service entered the running state.
Information,12/4/2019 2:22:26 PM,Service Control Manager,7036,None,The COM+ Event System service entered the running state.
Information,12/4/2019 2:22:26 PM,Service Control Manager,7036,None,The User Profile Service service entered the running state.
Information,12/4/2019 2:22:26 PM,Service Control Manager,7036,None,The Group Policy Client service entered the running state.
Information,12/4/2019 2:22:26 PM,Service Control Manager,7036,None,The Windows Event Log service entered the running state.
Information,12/4/2019 2:22:26 PM,Service Control Manager,7036,None,The Remote Procedure Call (RPC) service entered the running state.
Information,12/4/2019 2:22:26 PM,Service Control Manager,7036,None,The RPC Endpoint Mapper service entered the running state.
Information,12/4/2019 2:22:26 PM,Service Control Manager,7036,None,The DCOM Server Process Launcher service entered the running state.
Information,12/4/2019 2:22:26 PM,Service Control Manager,7036,None,The VirtualBox Guest Additions Service service entered the running state.
Information,12/4/2019 2:22:26 PM,Microsoft-Windows-Kernel-General,1,None,The system time has changed to ‎2019‎-‎12‎-‎04T14:22:26.579000000Z from ‎2019‎-‎12‎-‎04T22:22:25.968750000Z.
Information,12/4/2019 10:22:25 PM,Microsoft-Windows-FilterManager,6,None,"File System Filter 'luafv' (6.1, ‎2009‎-‎07‎-‎13T15:26:13.000000000Z) has successfully loaded and registered with Filter Manager."
Information,12/4/2019 10:22:25 PM,Service Control Manager,7036,None,The Power service entered the running state.
Information,12/4/2019 10:22:25 PM,Microsoft-Windows-UserPnp,20010,(7010),"One or more of the Plug and Play service's subsystems has changed state. 

PlugPlay install subsystem enabled: 'true' 
PlugPlay caching subsystem enabled: 'true' 
"
Information,12/4/2019 10:22:25 PM,Service Control Manager,7036,None,The Plug and Play service entered the running state.
Information,12/4/2019 10:22:24 PM,Microsoft-Windows-Kernel-Processor-Power,26,(4),"Processor 1 in group 0 exposes the following:

1 idle state(s)
0 performance state(s)
0 throttle state(s)"
Information,12/4/2019 10:22:24 PM,Microsoft-Windows-Kernel-Processor-Power,26,(4),"Processor 0 in group 0 exposes the following:

1 idle state(s)
0 performance state(s)
0 throttle state(s)"
Information,12/4/2019 10:22:20 PM,Microsoft-Windows-Kernel-General,12,None,The operating system started at system time ‎2019‎-‎12‎-‎04T22:22:20.484375000Z.
Information,11/24/2019 10:46:10 AM,Microsoft-Windows-Kernel-General,13,None,The operating system is shutting down at system time ‎2019‎-‎11‎-‎24T10:46:10.077148400Z.
Information,11/24/2019 10:46:04 AM,Microsoft-Windows-Kernel-Power,109,(103),The kernel power manager has initiated a shutdown transition.
Information,12/4/2019 2:22:26 PM,EventLog,6013,None,The system uptime is 5 seconds.
Information,12/4/2019 2:22:26 PM,EventLog,6005,None,The Event log service was started.
Information,12/4/2019 2:22:26 PM,EventLog,6009,None,Microsoft (R) Windows (R) 6.01. 7601 Service Pack 1 Multiprocessor Free.
Information,11/24/2019 10:46:03 AM,Service Control Manager,7036,None,The Microsoft FTP Service service entered the stopped state.
Information,11/24/2019 10:46:03 AM,Service Control Manager,7036,None,The Cryptographic Services service entered the stopped state.
Information,11/24/2019 10:46:03 AM,Service Control Manager,7036,None,The Application Host Helper Service service entered the stopped state.
Information,11/24/2019 10:46:03 AM,Service Control Manager,7036,None,The wampmysqld service entered the stopped state.
Information,11/24/2019 10:46:03 AM,Service Control Manager,7036,None,The MEDC Server Component - Apache service entered the stopped state.
Information,11/24/2019 10:46:01 AM,Service Control Manager,7036,None,The Windows Process Activation Service service entered the stopped state.
Information,11/24/2019 10:46:01 AM,Service Control Manager,7036,None,The Remote Desktop Services service entered the stopped state.
Information,11/24/2019 10:46:01 AM,Service Control Manager,7036,None,The Windows Remote Management (WS-Management) service entered the stopped state.
Information,11/24/2019 10:46:01 AM,Service Control Manager,7036,None,The MEDC Server Component - Notification Server service entered the stopped state.
Information,11/24/2019 10:46:00 AM,Service Control Manager,7036,None,The IKE and AuthIP IPsec Keying Modules service entered the stopped state.
Information,11/24/2019 10:46:00 AM,Service Control Manager,7036,None,The Windows Licensing Monitoring Service service entered the stopped state.
Information,11/24/2019 10:46:00 AM,Service Control Manager,7036,None,The Windows Management Instrumentation service entered the stopped state.
Information,11/24/2019 10:46:00 AM,Service Control Manager,7036,None,The Distributed Link Tracking Client service entered the stopped state.
Information,11/24/2019 10:46:00 AM,Service Control Manager,7036,None,The Software Protection service entered the stopped state.
Information,11/24/2019 10:46:00 AM,Service Control Manager,7036,None,The World Wide Web Publishing Service service entered the stopped state.
Information,11/24/2019 10:46:00 AM,Service Control Manager,7036,None,The Desktop Window Manager Session Manager service entered the stopped state.
Information,11/24/2019 10:46:00 AM,Service Control Manager,7036,None,The User Profile Service service entered the stopped state.
Information,11/24/2019 10:46:00 AM,Service Control Manager,7036,None,The Remote Desktop Services UserMode Port Redirector service entered the stopped state.
Information,11/24/2019 10:46:00 AM,Service Control Manager,7036,None,The Windows Event Log service entered the stopped state.
Information,11/24/2019 10:46:00 AM,Service Control Manager,7036,None,The Distributed Transaction Coordinator service entered the stopped state.
Information,11/24/2019 10:46:00 AM,Service Control Manager,7036,None,The IPsec Policy Agent service entered the stopped state.
Information,11/24/2019 10:46:00 AM,Service Control Manager,7036,None,The Diagnostic Policy Service service entered the stopped state.
Information,11/24/2019 10:46:00 AM,Service Control Manager,7036,None,The Power service entered the stopped state.
Information,11/24/2019 10:46:00 AM,Service Control Manager,7036,None,The Plug and Play service entered the stopped state.
Information,11/24/2019 10:46:00 AM,Microsoft-Windows-UserPnp,20010,(7010),"One or more of the Plug and Play service's subsystems has changed state. 

PlugPlay install subsystem enabled: 'false' 
PlugPlay caching subsystem enabled: 'false' 
"
Information,11/24/2019 10:46:00 AM,Service Control Manager,7036,None,The Diagnostic System Host service entered the stopped state.
Information,11/24/2019 10:46:00 AM,Service Control Manager,7036,None,The Windows Font Cache Service service entered the stopped state.
Information,11/24/2019 10:46:00 AM,Service Control Manager,7036,None,The Certificate Propagation service entered the stopped state.
Information,11/24/2019 10:46:00 AM,Service Control Manager,7036,None,The DHCP Client service entered the stopped state.
Information,11/24/2019 10:46:00 AM,Microsoft-Windows-Dhcp-Client,50037,Service State Event,DHCPv4 client service is stopped. ShutDown Flag value is 1
Information,11/24/2019 10:46:00 AM,Microsoft-Windows-DHCPv6-Client,51047,Service State Event,DHCPv6 client service is stopped. ShutDown Flag value is 1
Information,11/24/2019 10:46:00 AM,Service Control Manager,7036,None,The Windows Installer service entered the stopped state.
Information,11/24/2019 10:46:00 AM,EventLog,6006,None,The Event log service was stopped.
Information,11/24/2019 10:45:58 AM,Service Control Manager,7036,None,The jenkins service entered the stopped state.
Information,11/24/2019 10:45:58 AM,Service Control Manager,7036,None,The Windows Error Reporting Service service entered the running state.
Information,11/24/2019 10:45:57 AM,Service Control Manager,7036,None,The jmx service entered the stopped state.
Information,11/24/2019 10:45:56 AM,Service Control Manager,7036,None,The Elasticsearch 1.1.1 (elasticsearch-service-x64) service entered the stopped state.
Information,11/24/2019 10:45:56 AM,Service Control Manager,7036,None,The Apache Tomcat 8.0 Tomcat8 service entered the stopped state.
Error,11/24/2019 10:45:55 AM,Service Control Manager,7034,None,The domain1 GlassFish Server service terminated unexpectedly.  It has done this 1 time(s).
Information,11/24/2019 10:45:50 AM,Service Control Manager,7036,None,The Microsoft .NET Framework NGEN v4.0.30319_X64 service entered the stopped state.
Information,11/24/2019 10:45:50 AM,Service Control Manager,7036,None,The Group Policy Client service entered the stopped state.
Information,11/24/2019 10:45:43 AM,Service Control Manager,7036,None,The Windows Update service entered the stopped state.
Information,11/24/2019 10:45:32 AM,USER32,1074,None,"The process C:\Windows\system32\shutdown.exe (VAGRANT-2008R2) has initiated the shutdown of computer VAGRANT-2008R2 on behalf of user VAGRANT-2008R2\vagrant for the following reason: Application: Maintenance (Planned)
 Reason Code: 0x80040001
 Shutdown Type: shutdown
 Comment: Packer Shutdown"
Information,11/24/2019 10:45:20 AM,Service Control Manager,7045,None,"A service was installed in the system.

Service Name:  VirtualBox Shared Folders
Service File Name:  \SystemRoot\System32\drivers\VBoxSF.sys
Service Type:  kernel mode driver
Service Start Type:  system start
Service Account:  "
Information,11/24/2019 10:45:20 AM,Service Control Manager,7045,None,"A service was installed in the system.

Service Name:  VirtualBox Guest Additions Service
Service File Name:  %SystemRoot%\System32\VBoxService.exe
Service Type:  user mode service
Service Start Type:  auto start
Service Account:  LocalSystem"
Information,11/24/2019 10:45:19 AM,Service Control Manager,7045,None,"A service was installed in the system.

Service Name:  VirtualBox Guest Mouse Service
Service File Name:  system32\DRIVERS\VBoxMouse.sys
Service Type:  kernel mode driver
Service Start Type:  demand start
Service Account:  "
Information,11/24/2019 10:45:18 AM,Microsoft-Windows-UserPnp,20001,(7005),Driver Management concluded the process to install driver FileRepository\vboxvideo.inf_amd64_neutral_300a871f9c2cf833\vboxvideo.inf for Device Instance ID PCI\VEN_80EE&DEV_BEEF&SUBSYS_00000000&REV_00\3&267A616A&0&10 with the following status: 0x0.
Information,11/24/2019 10:45:18 AM,Service Control Manager,7040,None,The start type of the VBoxVideo service was changed from system start to demand start.
Information,11/24/2019 10:45:18 AM,Microsoft-Windows-UserPnp,20003,(7005),Driver Management has concluded the process to add Service VBoxVideo for Device Instance ID PCI\VEN_80EE&DEV_BEEF&SUBSYS_00000000&REV_00\3&267A616A&0&10 with the following status: 0.
Information,11/24/2019 10:45:18 AM,Service Control Manager,7045,None,"A service was installed in the system.

Service Name:  VBoxVideo
Service File Name:  system32\DRIVERS\VBoxVideo.sys
Service Type:  kernel mode driver
Service Start Type:  system start
Service Account:  "
Information,11/24/2019 10:45:15 AM,Microsoft-Windows-UserPnp,20001,(7005),Driver Management concluded the process to install driver FileRepository\vboxguest.inf_amd64_neutral_bc46ee4e057f9d8b\vboxguest.inf for Device Instance ID PCI\VEN_80EE&DEV_CAFE&SUBSYS_00000000&REV_00\3&267A616A&0&20 with the following status: 0x0.
Information,11/24/2019 10:45:14 AM,Microsoft-Windows-UserPnp,20003,(7005),Driver Management has concluded the process to add Service VBoxGuest for Device Instance ID PCI\VEN_80EE&DEV_CAFE&SUBSYS_00000000&REV_00\3&267A616A&0&20 with the following status: 0.
Information,11/24/2019 10:45:14 AM,Service Control Manager,7045,None,"A service was installed in the system.

Service Name:  VirtualBox Guest Driver
Service File Name:  system32\DRIVERS\VBoxGuest.sys
Service Type:  kernel mode driver
Service Start Type:  boot start
Service Account:  "
Information,11/24/2019 10:45:04 AM,Service Control Manager,7036,None,The Windows Installer service entered the running state.
Information,11/24/2019 10:42:55 AM,Service Control Manager,7036,None,The Elasticsearch 1.1.1 (elasticsearch-service-x64) service entered the running state.
Information,11/24/2019 10:42:50 AM,Service Control Manager,7040,None,The start type of the Elasticsearch 1.1.1 (elasticsearch-service-x64) service was changed from demand start to auto start.
Information,11/24/2019 10:42:46 AM,Service Control Manager,7045,None,"A service was installed in the system.

Service Name:  Elasticsearch 1.1.1 (elasticsearch-service-x64)
Service File Name:  ""C:\Program Files\elasticsearch-1.1.1\bin\elasticsearch-service-x64.exe"" //RS//elasticsearch-service-x64
Service Type:  user mode service
Service Start Type:  demand start
Service Account:  LocalSystem"
Information,11/24/2019 10:42:16 AM,Service Control Manager,7036,None,The ManageEngine Desktop Central Server service entered the running state.
Warning,11/24/2019 10:42:13 AM,Tcpip,4227,None,"TCP/IP failed to establish an outgoing connection because the selected local endpoint was recently used to connect to the same remote endpoint. This error typically occurs when outgoing connections are opened and closed at a high rate, causing all available local ports to be used and forcing TCP/IP to reuse a local port for an outgoing connection. To minimize the risk of data corruption, the TCP/IP standard requires a minimum time period to elapse between successive connections from a given local endpoint to a given remote endpoint."
Information,11/24/2019 10:42:09 AM,Service Control Manager,7036,None,The MEDC Server Component - Notification Server service entered the running state.
Information,11/24/2019 10:42:09 AM,Service Control Manager,7036,None,The MEDC Server Component - Apache service entered the running state.
Information,11/24/2019 10:42:07 AM,Service Control Manager,7040,None,The start type of the MEDC Server Component - Apache service was changed from demand start to auto start.
Information,11/24/2019 10:42:07 AM,Service Control Manager,7040,None,The start type of the MEDC Server Component - Notification Server service was changed from demand start to auto start.
Information,11/24/2019 10:41:52 AM,Service Control Manager,7036,None,The ManageEngine Desktop Central Server service entered the stopped state.
Information,11/24/2019 10:41:46 AM,Service Control Manager,7036,None,The MEDC Server Component - Notification Server service entered the stopped state.
Information,11/24/2019 10:41:43 AM,Service Control Manager,7036,None,The MEDC Server Component - Apache service entered the stopped state.
Information,11/24/2019 10:41:28 AM,Service Control Manager,7036,None,The MEDC Server Component - Apache service entered the running state.
Information,11/24/2019 10:41:20 AM,Service Control Manager,7036,None,The MEDC Server Component - Notification Server service entered the running state.
Information,11/24/2019 10:40:40 AM,Service Control Manager,7036,None,The ManageEngine Desktop Central Server service entered the running state.
Error,11/24/2019 10:40:26 AM,Service Control Manager,7030,None,"The MEDC Server Component - Notification Server service is marked as an interactive service.  However, the system is configured to not allow interactive services.  This service may not function properly."
Information,11/24/2019 10:40:26 AM,Service Control Manager,7045,None,"A service was installed in the system.

Service Name:  MEDC Server Component - Notification Server
Service File Name:  ""C:\ManageEngine\DesktopCentral_Server\bin\dcnotificationserver.exe"" -k 8027
Service Type:  user mode service
Service Start Type:  demand start
Service Account:  LocalSystem"
Information,11/24/2019 10:40:25 AM,Service Control Manager,7040,None,The start type of the MEDC Server Component - Apache service was changed from auto start to demand start.
Information,11/24/2019 10:40:25 AM,Service Control Manager,7045,None,"A service was installed in the system.

Service Name:  MEDC Server Component - Apache
Service File Name:  ""C:\ManageEngine\DesktopCentral_Server\apache\bin\dcserverhttpd.exe"" -k runservice
Service Type:  user mode service
Service Start Type:  auto start
Service Account:  LocalSystem"
Information,11/24/2019 10:40:24 AM,Service Control Manager,7045,None,"A service was installed in the system.

Service Name:  ManageEngine Desktop Central Server
Service File Name:  C:\ManageEngine\DesktopCentral_Server\bin\wrapper.exe -s C:\ManageEngine\DesktopCentral_Server\conf\wrapper.conf
Service Type:  user mode service
Service Start Type:  auto start
Service Account:  LocalSystem"
Information,11/24/2019 10:38:20 AM,Service Control Manager,7036,None,The Microsoft .NET Framework NGEN v4.0.30319_X86 service entered the stopped state.
Information,11/24/2019 10:32:39 AM,Service Control Manager,7036,None,The Shell Hardware Detection service entered the stopped state.
Information,11/24/2019 10:32:39 AM,Service Control Manager,7036,None,The wampmysqld service entered the running state.
Information,11/24/2019 10:32:37 AM,Service Control Manager,7036,None,The wampmysqld service entered the stopped state.
Information,11/24/2019 10:32:33 AM,Service Control Manager,7036,None,The wampapache service entered the running state.
Information,11/24/2019 10:32:33 AM,Service Control Manager,7036,None,The wampapache service entered the stopped state.
Information,11/24/2019 10:32:31 AM,Service Control Manager,7036,None,The Windows Update service entered the running state.
Information,11/24/2019 10:32:31 AM,Service Control Manager,7036,None,The Distributed Transaction Coordinator service entered the running state.
Information,11/24/2019 10:32:30 AM,Service Control Manager,7036,None,The Windows Font Cache Service service entered the running state.
Information,11/24/2019 10:32:30 AM,Service Control Manager,7036,None,The Diagnostic System Host service entered the running state.
Information,11/24/2019 10:32:30 AM,Service Control Manager,7036,None,The Diagnostic Policy Service service entered the running state.
Information,11/24/2019 10:32:29 AM,Service Control Manager,7036,None,The Microsoft .NET Framework NGEN v4.0.30319_X64 service entered the running state.
Information,11/24/2019 10:32:29 AM,Service Control Manager,7036,None,The Portable Device Enumerator Service service entered the stopped state.
Information,11/24/2019 10:32:28 AM,Service Control Manager,7036,None,The Microsoft .NET Framework NGEN v4.0.30319_X86 service entered the running state.
Information,11/24/2019 10:32:28 AM,Service Control Manager,7036,None,The Background Intelligent Transfer Service service entered the running state.
Information,11/24/2019 10:30:41 AM,Service Control Manager,7036,None,The Remote Desktop Configuration service entered the running state.
Information,11/24/2019 10:30:40 AM,Service Control Manager,7036,None,The Certificate Propagation service entered the running state.
Information,11/24/2019 10:30:40 AM,Service Control Manager,7036,None,The WinHTTP Web Proxy Auto-Discovery Service service entered the running state.
Information,11/24/2019 10:30:38 AM,Service Control Manager,7036,None,The Remote Desktop Services UserMode Port Redirector service entered the running state.
Information,11/24/2019 10:30:37 AM,Service Control Manager,7036,None,The IPsec Policy Agent service entered the running state.
Information,11/24/2019 10:30:34 AM,Service Control Manager,7036,None,The Remote Desktop Services service entered the running state.
Information,11/24/2019 10:30:33 AM,Service Control Manager,7036,None,The Network List Service service entered the running state.
Information,11/24/2019 10:30:31 AM,Microsoft-Windows-Iphlpsvc,4200,None,Isatap interface isatap.osdc.lax.rapid7.com with address fe80::5efe:10.0.2.15 has been brought up.
Information,11/24/2019 10:30:29 AM,Service Control Manager,7036,None,The Portable Device Enumerator Service service entered the running state.
Information,11/24/2019 10:30:29 AM,Service Control Manager,7036,None,The Application Experience service entered the running state.
Information,11/24/2019 10:30:28 AM,Service Control Manager,7036,None,The Software Protection service entered the running state.
Information,11/24/2019 10:30:27 AM,Service Control Manager,7036,None,The Server service entered the running state.
Information,11/24/2019 10:30:26 AM,Service Control Manager,7036,None,The wampmysqld service entered the running state.
Information,11/24/2019 10:30:24 AM,Service Control Manager,7036,None,The Windows Remote Management (WS-Management) service entered the running state.
Information,11/24/2019 10:30:23 AM,Service Control Manager,7036,None,The IP Helper service entered the running state.
Information,11/24/2019 10:30:23 AM,Service Control Manager,7036,None,The World Wide Web Publishing Service service entered the running state.
Information,11/24/2019 10:30:23 AM,Microsoft-Windows-WinRM,10121,None,"The WinRM service has been configured to accept basic authentication for unsecure HTTP connections. 

 This is not a secure configuration. 

 User Action 
 Set AllowUnencrypted to False in WinRM configuration to ensure packets are encrypted on the wire."
Information,11/24/2019 10:30:23 AM,Microsoft-Windows-WinRM,10148,None,"The WinRM service is listening for WS-Management requests. 

 User Action 
 Use the following command to see the specific IPs on which WinRM is listening: 

 winrm enumerate winrm/config/listener"
Information,11/24/2019 10:30:22 AM,Service Control Manager,7036,None,The Windows Management Instrumentation service entered the running state.
Information,11/24/2019 10:30:22 AM,Service Control Manager,7036,None,The Windows Process Activation Service service entered the running state.
Information,11/24/2019 10:30:22 AM,Service Control Manager,7036,None,The Windows Licensing Monitoring Service service entered the running state.
Information,11/24/2019 10:30:21 AM,Service Control Manager,7036,None,The wampapache service entered the running state.
Information,11/24/2019 10:30:21 AM,Service Control Manager,7036,None,The Apache Tomcat 8.0 Tomcat8 service entered the running state.
Information,11/24/2019 10:30:22 AM,SNMP,1001,None,The SNMP Service has started successfully.
Information,11/24/2019 10:30:19 AM,Service Control Manager,7036,None,The Distributed Link Tracking Client service entered the running state.
Information,11/24/2019 10:30:18 AM,Service Control Manager,7036,None,The OpenSSH Server service entered the running state.
Information,11/24/2019 10:30:17 AM,Service Control Manager,7036,None,The SNMP Service service entered the running state.
Information,11/24/2019 10:30:17 AM,Service Control Manager,7036,None,The Remote Registry service entered the running state.
Error,11/24/2019 10:30:17 AM,SNMP,1500,None,The SNMP Service encountered an error while accessing the registry key SYSTEM\CurrentControlSet\Services\SNMP\Parameters\TrapConfiguration.
Information,11/24/2019 10:30:14 AM,Service Control Manager,7036,None,The jmx service entered the running state.
Information,11/24/2019 10:30:14 AM,Service Control Manager,7036,None,The Network Location Awareness service entered the running state.
Information,11/24/2019 10:30:14 AM,Service Control Manager,7036,None,The jenkins service entered the running state.
Information,11/24/2019 10:30:13 AM,Service Control Manager,7036,None,The domain1 GlassFish Server service entered the running state.
Information,11/24/2019 10:30:13 AM,Service Control Manager,7036,None,The Microsoft FTP Service service entered the running state.
Information,11/24/2019 10:30:13 AM,Service Control Manager,7036,None,The IKE and AuthIP IPsec Keying Modules service entered the running state.
Information,11/24/2019 10:30:13 AM,Service Control Manager,7036,None,The Application Host Helper Service service entered the running state.
Information,11/24/2019 10:30:13 AM,Service Control Manager,7036,None,The Cryptographic Services service entered the running state.
Information,11/24/2019 10:30:13 AM,Service Control Manager,7036,None,The Print Spooler service entered the running state.
Information,11/24/2019 10:30:12 AM,Service Control Manager,7036,None,The Security Accounts Manager service entered the running state.
Information,11/24/2019 10:30:12 AM,Service Control Manager,7036,None,The Workstation service entered the running state.
Information,11/24/2019 10:30:12 AM,Service Control Manager,7036,None,The Windows Firewall service entered the running state.
Information,11/24/2019 10:30:12 AM,Service Control Manager,7036,None,The Base Filtering Engine service entered the running state.
Information,11/24/2019 10:30:12 AM,Service Control Manager,7036,None,The Task Scheduler service entered the running state.
Information,11/24/2019 10:30:12 AM,Service Control Manager,7036,None,The Shell Hardware Detection service entered the running state.
Information,11/24/2019 10:30:12 AM,Service Control Manager,7036,None,The DNS Client service entered the running state.
Information,11/24/2019 10:30:12 AM,Service Control Manager,7036,None,The DHCP Client service entered the running state.
Information,11/24/2019 10:30:12 AM,Microsoft-Windows-DHCPv6-Client,51046,Service State Event,DHCPv6 client service is started
Information,11/24/2019 10:30:12 AM,Microsoft-Windows-Dhcp-Client,50036,Service State Event,DHCPv4 client service is started
Information,11/24/2019 10:30:12 AM,Service Control Manager,7036,None,The TCP/IP NetBIOS Helper service entered the running state.
Information,11/24/2019 10:30:11 AM,Service Control Manager,7036,None,The Network Store Interface Service service entered the running state.
Information,11/24/2019 10:30:11 AM,Service Control Manager,7036,None,The Desktop Window Manager Session Manager service entered the running state.
Information,11/24/2019 10:30:11 AM,Service Control Manager,7036,None,The System Event Notification Service service entered the running state.
Information,11/24/2019 10:30:11 AM,Service Control Manager,7036,None,The COM+ Event System service entered the running state.
Information,11/24/2019 10:30:11 AM,Service Control Manager,7036,None,The User Profile Service service entered the running state.
Information,11/24/2019 10:30:11 AM,Service Control Manager,7036,None,The Group Policy Client service entered the running state.
Information,11/24/2019 10:30:11 AM,Service Control Manager,7036,None,The Windows Event Log service entered the running state.
Information,11/24/2019 10:30:11 AM,Service Control Manager,7036,None,The Remote Procedure Call (RPC) service entered the running state.
Information,11/24/2019 10:30:11 AM,Service Control Manager,7036,None,The RPC Endpoint Mapper service entered the running state.
Information,11/24/2019 10:30:11 AM,Service Control Manager,7036,None,The DCOM Server Process Launcher service entered the running state.
Information,11/24/2019 10:30:11 AM,Microsoft-Windows-FilterManager,6,None,"File System Filter 'luafv' (6.1, ‎2009‎-‎07‎-‎13T15:26:13.000000000Z) has successfully loaded and registered with Filter Manager."
Information,11/24/2019 10:30:11 AM,Service Control Manager,7036,None,The Power service entered the running state.
Information,11/24/2019 10:30:11 AM,Microsoft-Windows-UserPnp,20010,(7010),"One or more of the Plug and Play service's subsystems has changed state. 

PlugPlay install subsystem enabled: 'true' 
PlugPlay caching subsystem enabled: 'true' 
"
Information,11/24/2019 10:30:11 AM,Service Control Manager,7036,None,The Plug and Play service entered the running state.
Information,11/24/2019 10:30:10 AM,Microsoft-Windows-Kernel-Processor-Power,26,(4),"Processor 1 in group 0 exposes the following:

1 idle state(s)
0 performance state(s)
0 throttle state(s)"
Information,11/24/2019 10:30:10 AM,Microsoft-Windows-Kernel-Processor-Power,26,(4),"Processor 0 in group 0 exposes the following:

1 idle state(s)
0 performance state(s)
0 throttle state(s)"
Information,11/24/2019 10:30:06 AM,Microsoft-Windows-Kernel-General,12,None,The operating system started at system time ‎2019‎-‎11‎-‎24T10:30:06.484375000Z.
Information,11/24/2019 10:29:57 AM,Microsoft-Windows-Kernel-General,13,None,The operating system is shutting down at system time ‎2019‎-‎11‎-‎24T10:29:57.257812500Z.
Information,11/24/2019 10:29:56 AM,Microsoft-Windows-Kernel-Power,109,(103),The kernel power manager has initiated a shutdown transition.
Information,11/24/2019 10:30:11 AM,EventLog,6013,None,The system uptime is 5 seconds.
Information,11/24/2019 10:30:11 AM,EventLog,6005,None,The Event log service was started.
Information,11/24/2019 10:30:11 AM,EventLog,6009,None,Microsoft (R) Windows (R) 6.01. 7601 Service Pack 1 Multiprocessor Free.
Information,11/24/2019 10:29:56 AM,Service Control Manager,7036,None,The Windows Process Activation Service service entered the stopped state.
Information,11/24/2019 10:29:55 AM,Service Control Manager,7036,None,The wampmysqld service entered the stopped state.
Information,11/24/2019 10:29:55 AM,Service Control Manager,7036,None,The jmx service entered the stopped state.
Information,11/24/2019 10:29:55 AM,Service Control Manager,7036,None,The Microsoft FTP Service service entered the stopped state.
Information,11/24/2019 10:29:55 AM,Service Control Manager,7036,None,The Remote Desktop Services service entered the stopped state.
Information,11/24/2019 10:29:55 AM,Service Control Manager,7036,None,The Windows Remote Management (WS-Management) service entered the stopped state.
Information,11/24/2019 10:29:55 AM,Service Control Manager,7036,None,The IPsec Policy Agent service entered the stopped state.
Information,11/24/2019 10:29:55 AM,Service Control Manager,7036,None,The jenkins service entered the stopped state.
Information,11/24/2019 10:29:55 AM,Service Control Manager,7036,None,The Cryptographic Services service entered the stopped state.
Information,11/24/2019 10:29:55 AM,Service Control Manager,7036,None,The Windows Event Log service entered the stopped state.
Information,11/24/2019 10:29:55 AM,Service Control Manager,7036,None,The Windows Modules Installer service entered the stopped state.
Information,11/24/2019 10:29:55 AM,Service Control Manager,7036,None,The Software Protection service entered the stopped state.
Information,11/24/2019 10:29:55 AM,Service Control Manager,7036,None,The Windows Management Instrumentation service entered the stopped state.
Information,11/24/2019 10:29:55 AM,Service Control Manager,7036,None,The Windows Licensing Monitoring Service service entered the stopped state.
Information,11/24/2019 10:29:54 AM,Service Control Manager,7036,None,The Distributed Link Tracking Client service entered the stopped state.
Information,11/24/2019 10:29:54 AM,Service Control Manager,7036,None,The Application Host Helper Service service entered the stopped state.
Information,11/24/2019 10:29:54 AM,Service Control Manager,7036,None,The World Wide Web Publishing Service service entered the stopped state.
Information,11/24/2019 10:29:54 AM,Service Control Manager,7036,None,The User Profile Service service entered the stopped state.
Information,11/24/2019 10:29:54 AM,Service Control Manager,7036,None,The Desktop Window Manager Session Manager service entered the stopped state.
Information,11/24/2019 10:29:54 AM,Service Control Manager,7036,None,The DHCP Client service entered the stopped state.
Information,11/24/2019 10:29:54 AM,Microsoft-Windows-Dhcp-Client,50037,Service State Event,DHCPv4 client service is stopped. ShutDown Flag value is 1
Information,11/24/2019 10:29:54 AM,Service Control Manager,7036,None,The Remote Desktop Services UserMode Port Redirector service entered the stopped state.
Information,11/24/2019 10:29:54 AM,EventLog,6006,None,The Event log service was stopped.
Information,11/24/2019 10:29:53 AM,Service Control Manager,7036,None,The IKE and AuthIP IPsec Keying Modules service entered the stopped state.
Information,11/24/2019 10:29:53 AM,Service Control Manager,7036,None,The Power service entered the stopped state.
Information,11/24/2019 10:29:53 AM,Service Control Manager,7036,None,The Plug and Play service entered the stopped state.
Information,11/24/2019 10:29:53 AM,Microsoft-Windows-UserPnp,20010,(7010),"One or more of the Plug and Play service's subsystems has changed state. 

PlugPlay install subsystem enabled: 'false' 
PlugPlay caching subsystem enabled: 'false' 
"
Information,11/24/2019 10:29:53 AM,Service Control Manager,7036,None,The Distributed Transaction Coordinator service entered the stopped state.
Information,11/24/2019 10:29:53 AM,Microsoft-Windows-DHCPv6-Client,51047,Service State Event,DHCPv6 client service is stopped. ShutDown Flag value is 1
Information,11/24/2019 10:29:53 AM,Service Control Manager,7036,None,The Diagnostic Policy Service service entered the stopped state.
Information,11/24/2019 10:29:53 AM,Service Control Manager,7036,None,The Diagnostic System Host service entered the stopped state.
Information,11/24/2019 10:29:53 AM,Service Control Manager,7036,None,The Windows Font Cache Service service entered the stopped state.
Information,11/24/2019 10:29:53 AM,Service Control Manager,7036,None,The Certificate Propagation service entered the stopped state.
Error,11/24/2019 10:29:48 AM,Service Control Manager,7034,None,The domain1 GlassFish Server service terminated unexpectedly.  It has done this 1 time(s).
Information,11/24/2019 10:29:48 AM,Service Control Manager,7036,None,The Apache Tomcat 8.0 Tomcat8 service entered the stopped state.
Information,11/24/2019 10:29:47 AM,Service Control Manager,7036,None,The Windows Installer service entered the stopped state.
Information,11/24/2019 10:29:47 AM,Service Control Manager,7036,None,The Microsoft .NET Framework NGEN v4.0.30319_X64 service entered the stopped state.
Information,11/24/2019 10:29:47 AM,Service Control Manager,7036,None,The Microsoft .NET Framework NGEN v4.0.30319_X86 service entered the stopped state.
Information,11/24/2019 10:29:47 AM,Service Control Manager,7036,None,The Group Policy Client service entered the stopped state.
Information,11/24/2019 10:29:47 AM,Service Control Manager,7036,None,The Windows Update service entered the stopped state.
Information,11/24/2019 10:29:46 AM,USER32,1074,None,"The process C:\Windows\system32\shutdown.exe (VAGRANT-2008R2) has initiated the restart of computer VAGRANT-2008R2 on behalf of user VAGRANT-2008R2\vagrant for the following reason: No title for this reason could be found
 Reason Code: 0x800000ff
 Shutdown Type: restart
 Comment: packer restart"
Information,11/24/2019 10:29:14 AM,Service Control Manager,7036,None,The jmx service entered the running state.
Information,11/24/2019 10:29:13 AM,Service Control Manager,7045,None,"A service was installed in the system.

Service Name:  jmx
Service File Name:  ""C:\Program Files\jmx\jmx.exe""
Service Type:  user mode service
Service Start Type:  auto start
Service Account:  NT AUTHORITY\LocalService"
Information,11/24/2019 10:28:59 AM,Service Control Manager,7036,None,The wampmysqld service entered the running state.
Information,11/24/2019 10:28:56 AM,Service Control Manager,7036,None,The wampapache service entered the running state.
Information,11/24/2019 10:28:52 AM,Service Control Manager,7040,None,The start type of the wampmysqld service was changed from demand start to auto start.
Information,11/24/2019 10:28:52 AM,Service Control Manager,7040,None,The start type of the wampapache service was changed from demand start to auto start.
Information,11/24/2019 10:28:52 AM,Service Control Manager,7045,None,"A service was installed in the system.

Service Name:  wampmysqld
Service File Name:  c:\wamp\bin\mysql\mysql5.5.20\bin\mysqld.exe wampmysqld
Service Type:  user mode service
Service Start Type:  demand start
Service Account:  LocalSystem"
Information,11/24/2019 10:28:51 AM,Service Control Manager,7045,None,"A service was installed in the system.

Service Name:  wampapache
Service File Name:  ""c:\wamp\bin\apache\apache2.2.21\bin\httpd.exe"" -k runservice
Service Type:  user mode service
Service Start Type:  auto start
Service Account:  LocalSystem"
Information,11/24/2019 10:28:17 AM,Service Control Manager,7036,None,The Windows Modules Installer service entered the running state.
Information,11/24/2019 10:27:53 AM,Service Control Manager,7036,None,The jenkins service entered the running state.
Information,11/24/2019 10:27:52 AM,Service Control Manager,7045,None,"A service was installed in the system.

Service Name:  jenkins
Service File Name:  ""C:\Program Files\jenkins\jenkins.exe""
Service Type:  user mode service
Service Start Type:  auto start
Service Account:  NT AUTHORITY\LocalService"
Information,11/24/2019 10:27:46 AM,Service Control Manager,7036,None,The domain1 GlassFish Server service entered the running state.
Information,11/24/2019 10:27:24 AM,Service Control Manager,7036,None,The Windows Update service entered the running state.
Information,11/24/2019 10:27:23 AM,Service Control Manager,7036,None,The domain1 GlassFish Server service entered the stopped state.
Information,11/24/2019 10:27:23 AM,Service Control Manager,7036,None,The Distributed Transaction Coordinator service entered the running state.
Information,11/24/2019 10:27:23 AM,Service Control Manager,7036,None,The Shell Hardware Detection service entered the stopped state.
Information,11/24/2019 10:27:22 AM,Service Control Manager,7036,None,The Windows Font Cache Service service entered the running state.
Information,11/24/2019 10:27:22 AM,Service Control Manager,7036,None,The Diagnostic System Host service entered the running state.
Information,11/24/2019 10:27:22 AM,Service Control Manager,7036,None,The Diagnostic Policy Service service entered the running state.
Information,11/24/2019 10:27:22 AM,Service Control Manager,7036,None,The Microsoft .NET Framework NGEN v4.0.30319_X64 service entered the running state.
Information,11/24/2019 10:27:21 AM,Service Control Manager,7036,None,The Microsoft .NET Framework NGEN v4.0.30319_X86 service entered the running state.
Information,11/24/2019 10:27:20 AM,Service Control Manager,7036,None,The Background Intelligent Transfer Service service entered the running state.
Information,11/24/2019 10:27:20 AM,Service Control Manager,7036,None,The Portable Device Enumerator Service service entered the stopped state.
Information,11/24/2019 10:27:04 AM,Service Control Manager,7036,None,The domain1 GlassFish Server service entered the running state.
Information,11/24/2019 10:27:04 AM,Service Control Manager,7045,None,"A service was installed in the system.

Service Name:  domain1 GlassFish Server
Service File Name:  C:\glassfish\glassfish4\glassfish\domains\domain1\bin\domain1Service.exe
Service Type:  user mode service
Service Start Type:  auto start
Service Account:  LocalSystem"
Information,11/24/2019 10:26:46 AM,Service Control Manager,7040,None,The start type of the Apache Tomcat 8.0 Tomcat8 service was changed from demand start to auto start.
Information,11/24/2019 10:26:39 AM,Service Control Manager,7036,None,The Apache Tomcat 8.0 Tomcat8 service entered the running state.
Information,11/24/2019 10:26:30 AM,Service Control Manager,7045,None,"A service was installed in the system.

Service Name:  Apache Tomcat 8.0 Tomcat8
Service File Name:  ""C:\Program Files\Apache Software Foundation\tomcat\apache-tomcat-8.0.33\bin\tomcat8.exe"" //RS//Tomcat8
Service Type:  user mode service
Service Start Type:  demand start
Service Account:  LocalSystem"
Information,11/24/2019 10:25:44 AM,Service Control Manager,7036,None,The Windows Installer service entered the running state.
Information,11/24/2019 10:25:43 AM,Service Control Manager,7036,None,The Application Experience service entered the running state.
Information,11/24/2019 10:25:22 AM,SNMP,1001,None,The SNMP Service has started successfully.
Information,11/24/2019 10:25:21 AM,Microsoft-Windows-Iphlpsvc,4200,None,Isatap interface isatap.osdc.lax.rapid7.com with address fe80::5efe:10.0.2.15 has been brought up.
Information,11/24/2019 10:25:20 AM,Service Control Manager,7036,None,The Remote Desktop Configuration service entered the running state.
Information,11/24/2019 10:25:20 AM,Service Control Manager,7036,None,The Certificate Propagation service entered the running state.
Information,11/24/2019 10:25:20 AM,Service Control Manager,7036,None,The Remote Desktop Services UserMode Port Redirector service entered the running state.
Information,11/24/2019 10:25:20 AM,Service Control Manager,7036,None,The IPsec Policy Agent service entered the running state.
Information,11/24/2019 10:25:20 AM,Service Control Manager,7036,None,The Remote Desktop Services service entered the running state.
Information,11/24/2019 10:25:20 AM,Service Control Manager,7036,None,The WinHTTP Web Proxy Auto-Discovery Service service entered the running state.
Information,11/24/2019 10:25:20 AM,Service Control Manager,7036,None,The Portable Device Enumerator Service service entered the running state.
Information,11/24/2019 10:25:20 AM,Service Control Manager,7036,None,The Software Protection service entered the running state.
Information,11/24/2019 10:25:20 AM,Service Control Manager,7036,None,The Network List Service service entered the running state.
Information,11/24/2019 10:25:20 AM,Service Control Manager,7036,None,The OpenSSH Server service entered the running state.
Information,11/24/2019 10:25:19 AM,Service Control Manager,7036,None,The Server service entered the running state.
Information,11/24/2019 10:25:19 AM,Service Control Manager,7036,None,The Windows Remote Management (WS-Management) service entered the running state.
Information,11/24/2019 10:25:19 AM,Service Control Manager,7036,None,The World Wide Web Publishing Service service entered the running state.
Information,11/24/2019 10:25:19 AM,Service Control Manager,7036,None,The Windows Process Activation Service service entered the running state.
Information,11/24/2019 10:25:19 AM,Service Control Manager,7036,None,The IP Helper service entered the running state.
Information,11/24/2019 10:25:19 AM,Service Control Manager,7036,None,The Windows Management Instrumentation service entered the running state.
Information,11/24/2019 10:25:19 AM,Service Control Manager,7036,None,The Windows Licensing Monitoring Service service entered the running state.
Information,11/24/2019 10:25:19 AM,Service Control Manager,7036,None,The Distributed Link Tracking Client service entered the running state.
Information,11/24/2019 10:25:19 AM,Service Control Manager,7036,None,The SNMP Service service entered the running state.
Information,11/24/2019 10:25:18 AM,Service Control Manager,7036,None,The Remote Registry service entered the running state.
Information,11/24/2019 10:25:19 AM,Microsoft-Windows-WinRM,10121,None,"The WinRM service has been configured to accept basic authentication for unsecure HTTP connections. 

 This is not a secure configuration. 

 User Action 
 Set AllowUnencrypted to False in WinRM configuration to ensure packets are encrypted on the wire."
Information,11/24/2019 10:25:19 AM,Microsoft-Windows-WinRM,10148,None,"The WinRM service is listening for WS-Management requests. 

 User Action 
 Use the following command to see the specific IPs on which WinRM is listening: 

 winrm enumerate winrm/config/listener"
Error,11/24/2019 10:25:19 AM,SNMP,1500,None,The SNMP Service encountered an error while accessing the registry key SYSTEM\CurrentControlSet\Services\SNMP\Parameters\TrapConfiguration.
Information,11/24/2019 10:25:18 AM,Service Control Manager,7036,None,The Microsoft FTP Service service entered the running state.
Information,11/24/2019 10:25:18 AM,Service Control Manager,7036,None,The Network Location Awareness service entered the running state.
Information,11/24/2019 10:25:18 AM,Service Control Manager,7036,None,The Application Host Helper Service service entered the running state.
Information,11/24/2019 10:25:18 AM,Service Control Manager,7036,None,The IKE and AuthIP IPsec Keying Modules service entered the running state.
Information,11/24/2019 10:25:18 AM,Service Control Manager,7036,None,The Cryptographic Services service entered the running state.
Information,11/24/2019 10:25:18 AM,Service Control Manager,7036,None,The Print Spooler service entered the running state.
Information,11/24/2019 10:25:18 AM,Service Control Manager,7036,None,The Security Accounts Manager service entered the running state.
Information,11/24/2019 10:25:18 AM,Service Control Manager,7036,None,The Workstation service entered the running state.
Information,11/24/2019 10:25:18 AM,Service Control Manager,7036,None,The Windows Firewall service entered the running state.
Information,11/24/2019 10:25:18 AM,Service Control Manager,7036,None,The Base Filtering Engine service entered the running state.
Information,11/24/2019 10:25:18 AM,Service Control Manager,7036,None,The Task Scheduler service entered the running state.
Information,11/24/2019 10:25:17 AM,Service Control Manager,7036,None,The Shell Hardware Detection service entered the running state.
Information,11/24/2019 10:25:17 AM,Service Control Manager,7036,None,The DNS Client service entered the running state.
Information,11/24/2019 10:25:17 AM,Service Control Manager,7036,None,The DHCP Client service entered the running state.
Information,11/24/2019 10:25:17 AM,Microsoft-Windows-DHCPv6-Client,51046,Service State Event,DHCPv6 client service is started
Information,11/24/2019 10:25:17 AM,Microsoft-Windows-Dhcp-Client,50036,Service State Event,DHCPv4 client service is started
Information,11/24/2019 10:25:17 AM,Service Control Manager,7036,None,The TCP/IP NetBIOS Helper service entered the running state.
Information,11/24/2019 10:25:17 AM,Service Control Manager,7036,None,The Network Store Interface Service service entered the running state.
