Information,11/24/2019 10:07:42 AM,Service Control Manager,7040,None,The start type of the nvstor service was changed from boot start to demand start.
Information,11/24/2019 10:07:42 AM,Service Control Manager,7040,None,The start type of the elxstor service was changed from boot start to demand start.
Information,11/24/2019 10:07:42 AM,Service Control Manager,7040,None,The start type of the viaide service was changed from boot start to demand start.
Information,11/24/2019 10:07:42 AM,Service Control Manager,7040,None,The start type of the vsmraid service was changed from boot start to demand start.
Information,11/24/2019 10:07:42 AM,Service Control Manager,7040,None,The start type of the iirsp service was changed from boot start to demand start.
Information,11/24/2019 10:07:42 AM,Service Control Manager,7040,None,The start type of the iaStorV service was changed from boot start to demand start.
Information,11/24/2019 10:07:42 AM,Service Control Manager,7040,None,The start type of the adpahci service was changed from boot start to demand start.
Information,11/24/2019 10:07:42 AM,Service Control Manager,7040,None,The start type of the arc service was changed from boot start to demand start.
Information,11/24/2019 10:07:42 AM,Service Control Manager,7040,None,The start type of the arcsas service was changed from boot start to demand start.
Information,11/24/2019 10:07:42 AM,Service Control Manager,7040,None,The start type of the adp94xx service was changed from boot start to demand start.
Information,11/24/2019 10:07:42 AM,Service Control Manager,7040,None,The start type of the adpu320 service was changed from boot start to demand start.
Information,11/24/2019 10:07:42 AM,Service Control Manager,7040,None,The start type of the mpio service was changed from boot start to demand start.
Information,11/24/2019 10:07:42 AM,Service Control Manager,7040,None,The start type of the msdsm service was changed from boot start to demand start.
Information,11/24/2019 10:07:42 AM,Service Control Manager,7040,None,The start type of the storvsc service was changed from boot start to demand start.
Information,11/24/2019 10:07:40 AM,Service Control Manager,7036,None,The Remote Procedure Call (RPC) service entered the running state.
Information,11/24/2019 10:07:40 AM,Service Control Manager,7036,None,The RPC Endpoint Mapper service entered the running state.
Information,11/24/2019 10:07:40 AM,Service Control Manager,7036,None,The DCOM Server Process Launcher service entered the running state.
Information,11/24/2019 10:07:40 AM,Service Control Manager,7036,None,The Power service entered the running state.
Information,11/24/2019 10:07:40 AM,Microsoft-Windows-UserPnp,20010,(7010),"One or more of the Plug and Play service's subsystems has changed state. 

PlugPlay install subsystem enabled: 'true' 
PlugPlay caching subsystem enabled: 'true' 
"
Information,11/24/2019 10:07:40 AM,Service Control Manager,7036,None,The Plug and Play service entered the running state.
Information,11/24/2019 10:07:33 AM,Microsoft-Windows-Kernel-Processor-Power,26,(4),"Processor 1 in group 0 exposes the following:

1 idle state(s)
0 performance state(s)
0 throttle state(s)"
Information,11/24/2019 10:07:33 AM,Microsoft-Windows-Kernel-Processor-Power,26,(4),"Processor 0 in group 0 exposes the following:

1 idle state(s)
0 performance state(s)
0 throttle state(s)"
Information,11/24/2019 10:07:30 AM,Microsoft-Windows-Kernel-General,12,None,The operating system started at system time ‎2019‎-‎11‎-‎24T10:07:30.437500000Z.
Information,11/21/2010 3:56:03 AM,Microsoft-Windows-Kernel-General,13,None,The operating system is shutting down at system time ‎2010‎-‎11‎-‎21T03:56:03.261233400Z.
Information,11/21/2010 3:56:00 AM,Microsoft-Windows-Kernel-Power,109,(103),The kernel power manager has initiated a shutdown transition.
Information,11/21/2010 3:56:00 AM,Service Control Manager,7036,None,The Windows Modules Installer service entered the stopped state.
Information,11/21/2010 3:56:00 AM,Service Control Manager,7036,None,The Plug and Play service entered the stopped state.
Information,11/21/2010 3:56:00 AM,Microsoft-Windows-UserPnp,20010,(7010),"One or more of the Plug and Play service's subsystems has changed state. 

PlugPlay install subsystem enabled: 'false' 
PlugPlay caching subsystem enabled: 'false' 
"
Information,11/21/2010 3:56:00 AM,Service Control Manager,7036,None,The Cryptographic Services service entered the stopped state.
Information,11/21/2010 3:55:59 AM,Service Control Manager,7036,None,The Software Protection service entered the stopped state.
Information,11/21/2010 3:55:59 AM,Service Control Manager,7036,None,The Windows Remote Management (WS-Management) service entered the stopped state.
Information,11/21/2010 3:55:59 AM,Service Control Manager,7036,None,The Windows Management Instrumentation service entered the stopped state.
Information,11/21/2010 3:55:59 AM,Service Control Manager,7036,None,The User Profile Service service entered the stopped state.
Information,11/21/2010 3:55:59 AM,Service Control Manager,7036,None,The Distributed Link Tracking Client service entered the stopped state.
Information,11/21/2010 3:55:59 AM,Service Control Manager,7036,None,The Desktop Window Manager Session Manager service entered the stopped state.
Information,11/21/2010 3:55:59 AM,Service Control Manager,7036,None,The Power service entered the stopped state.
Information,11/21/2010 3:55:59 AM,Service Control Manager,7036,None,The Windows Font Cache Service service entered the stopped state.
Information,11/21/2010 3:55:59 AM,Service Control Manager,7036,None,The DHCP Client service entered the stopped state.
Information,11/21/2010 3:55:59 AM,Service Control Manager,7036,None,The IPsec Policy Agent service entered the stopped state.
Information,11/21/2010 3:55:59 AM,Microsoft-Windows-Dhcp-Client,50037,Service State Event,DHCPv4 client service is stopped. ShutDown Flag value is 1
Information,11/21/2010 3:55:59 AM,Microsoft-Windows-DHCPv6-Client,51047,Service State Event,DHCPv6 client service is stopped. ShutDown Flag value is 1
Information,11/21/2010 3:55:59 AM,Service Control Manager,7036,None,The Windows Event Log service entered the stopped state.
Information,11/24/2019 10:07:43 AM,EventLog,6005,None,The Event log service was started.
Information,11/24/2019 10:07:43 AM,EventLog,6009,None,Microsoft (R) Windows (R) 6.01. 7601 Service Pack 1 Multiprocessor Free.
Information,11/24/2019 10:07:43 AM,EventLog,6011,None,The NetBIOS name and DNS host name of this machine have been changed from 37L4247F27-26 to VAGRANT-KOB3F2P.
