Information,11/24/2019 10:10:12 AM,Microsoft-Windows-HttpEvent,15007,None,Reservation for namespace identified by URL prefix http://+:80/Temporary_Listen_Addresses/ was successfully added.
Information,11/24/2019 10:10:12 AM,Service Control Manager,7045,None,"A service was installed in the system.

Service Name:  Net.Msmq Listener Adapter
Service File Name:  ""C:\Windows\Microsoft.NET\Framework64\v4.0.30319\SMSvcHost.exe"" -NetMsmqActivator
Service Type:  user mode service
Service Start Type:  disabled
Service Account:  NT AUTHORITY\NetworkService"
Information,11/24/2019 10:10:12 AM,Service Control Manager,7045,None,"A service was installed in the system.

Service Name:  Net.Pipe Listener Adapter
Service File Name:  C:\Windows\Microsoft.NET\Framework64\v4.0.30319\SMSvcHost.exe
Service Type:  user mode service
Service Start Type:  disabled
Service Account:  NT AUTHORITY\LocalService"
Information,11/24/2019 10:10:12 AM,Service Control Manager,7045,None,"A service was installed in the system.

Service Name:  Net.Tcp Listener Adapter
Service File Name:  C:\Windows\Microsoft.NET\Framework64\v4.0.30319\SMSvcHost.exe
Service Type:  user mode service
Service Start Type:  disabled
Service Account:  NT AUTHORITY\LocalService"
Information,11/24/2019 10:10:12 AM,Service Control Manager,7045,None,"A service was installed in the system.

Service Name:  Net.Tcp Port Sharing Service
Service File Name:  C:\Windows\Microsoft.NET\Framework64\v4.0.30319\SMSvcHost.exe
Service Type:  user mode service
Service Start Type:  disabled
Service Account:  NT AUTHORITY\LocalService"
Information,11/24/2019 10:10:03 AM,Service Control Manager,7040,None,The start type of the Microsoft .NET Framework NGEN v2.0.50727_X86 service was changed from auto start to disabled.
Information,11/24/2019 10:10:03 AM,Service Control Manager,7040,None,The start type of the Microsoft .NET Framework NGEN v2.0.50727_X64 service was changed from auto start to disabled.
Information,11/24/2019 10:09:51 AM,Service Control Manager,7036,None,The Windows Installer service entered the running state.
Information,11/24/2019 10:09:45 AM,Microsoft-Windows-WindowsUpdateClient,27,Windows Update Agent,Automatic Updates is now paused.
Information,11/24/2019 10:09:40 AM,Service Control Manager,7036,None,The Windows Update service entered the running state.
Information,11/24/2019 10:08:51 AM,Service Control Manager,7036,None,The Windows Remote Management (WS-Management) service entered the running state.
Information,11/24/2019 10:08:51 AM,Microsoft-Windows-WinRM,10121,None,"The WinRM service has been configured to accept basic authentication for unsecure HTTP connections. 

 This is not a secure configuration. 

 User Action 
 Set AllowUnencrypted to False in WinRM configuration to ensure packets are encrypted on the wire."
Information,11/24/2019 10:08:51 AM,Microsoft-Windows-WinRM,10148,None,"The WinRM service is listening for WS-Management requests. 

 User Action 
 Use the following command to see the specific IPs on which WinRM is listening: 

 winrm enumerate winrm/config/listener"
Information,11/24/2019 10:08:49 AM,Service Control Manager,7036,None,The IPsec Policy Agent service entered the running state.
Information,11/24/2019 10:08:48 AM,Service Control Manager,7036,None,The Windows Remote Management (WS-Management) service entered the stopped state.
Information,11/24/2019 10:08:48 AM,Microsoft-Windows-HttpEvent,15007,None,Reservation for namespace identified by URL prefix http://+:5985/wsman/ was successfully added.
Information,11/24/2019 10:08:48 AM,Microsoft-Windows-HttpEvent,15008,None,Reservation for namespace identified by URL prefix http://+:5985/wsman/ was successfully deleted.
Warning,11/24/2019 10:08:48 AM,Microsoft-Windows-WinRM,10149,None,"The WinRM service is not listening for WS-Management requests. 

 User Action 
 If you did not intentionally stop the service, use the following command to see the WinRM configuration: 

 winrm enumerate winrm/config/listener"
Information,11/24/2019 10:08:47 AM,Microsoft-Windows-HttpEvent,15007,None,Reservation for namespace identified by URL prefix http://+:5985/wsman/ was successfully added.
Information,11/24/2019 10:08:47 AM,Microsoft-Windows-HttpEvent,15008,None,Reservation for namespace identified by URL prefix http://+:5985/wsman/ was successfully deleted.
Information,11/24/2019 10:08:48 AM,Microsoft-Windows-WinRM,10121,None,"The WinRM service has been configured to accept basic authentication for unsecure HTTP connections. 

 This is not a secure configuration. 

 User Action 
 Set AllowUnencrypted to False in WinRM configuration to ensure packets are encrypted on the wire."
Information,11/24/2019 10:08:46 AM,Service Control Manager,7036,None,The Windows Remote Management (WS-Management) service entered the running state.
Information,11/24/2019 10:08:46 AM,Microsoft-Windows-WinRM,10148,None,"The WinRM service is listening for WS-Management requests. 

 User Action 
 Use the following command to see the specific IPs on which WinRM is listening: 

 winrm enumerate winrm/config/listener"
Information,11/24/2019 10:08:43 AM,Microsoft-Windows-GroupPolicy,1501,None,The Group Policy settings for the user were processed successfully. There were no changes detected since the last successful processing of Group Policy.
Information,11/24/2019 10:08:43 AM,Microsoft-Windows-Winlogon,7001,(1101),User Logon Notification for Customer Experience Improvement Program
Information,11/24/2019 10:08:39 AM,Microsoft-Windows-Iphlpsvc,4200,None,Isatap interface isatap.osdc.lax.rapid7.com with address fe80::5efe:10.0.2.15 has been brought up.
Information,11/24/2019 10:08:38 AM,Service Control Manager,7036,None,The WinHTTP Web Proxy Auto-Discovery Service service entered the running state.
Information,11/24/2019 10:08:38 AM,Microsoft-Windows-Iphlpsvc,4201,None,Isatap interface isatap.osdc.lax.rapid7.com is no longer active.
Information,11/24/2019 10:08:36 AM,Microsoft-Windows-Iphlpsvc,4200,None,Isatap interface isatap.osdc.lax.rapid7.com with address fe80::5efe:169.254.214.142 has been brought up.
Information,11/24/2019 10:08:36 AM,Service Control Manager,7040,None,The start type of the Windows Modules Installer service was changed from auto start to demand start.
Information,11/24/2019 10:08:35 AM,Service Control Manager,7036,None,The Application Experience service entered the running state.
Information,11/24/2019 10:08:35 AM,Service Control Manager,7036,None,The Portable Device Enumerator Service service entered the running state.
Information,11/24/2019 10:08:35 AM,Service Control Manager,7036,None,The Server service entered the running state.
Information,11/24/2019 10:08:35 AM,Service Control Manager,7036,None,The IP Helper service entered the running state.
Information,11/24/2019 10:08:35 AM,Service Control Manager,7036,None,The Windows Management Instrumentation service entered the running state.
Information,11/24/2019 10:08:35 AM,Service Control Manager,7036,None,The Windows Licensing Monitoring Service service entered the running state.
Information,11/24/2019 10:08:35 AM,Service Control Manager,7036,None,The Distributed Link Tracking Client service entered the running state.
Information,11/24/2019 10:08:35 AM,Service Control Manager,7036,None,The Remote Registry service entered the running state.
Information,11/24/2019 10:08:35 AM,Service Control Manager,7036,None,The Cryptographic Services service entered the running state.
Information,11/24/2019 10:08:35 AM,Service Control Manager,7036,None,The Print Spooler service entered the running state.
Information,11/24/2019 10:08:35 AM,Service Control Manager,7036,None,The Security Accounts Manager service entered the running state.
Information,11/24/2019 10:08:35 AM,Service Control Manager,7036,None,The Workstation service entered the running state.
Information,11/24/2019 10:08:35 AM,Service Control Manager,7036,None,The Windows Firewall service entered the running state.
Information,11/24/2019 10:08:35 AM,Service Control Manager,7036,None,The Base Filtering Engine service entered the running state.
Information,11/24/2019 10:08:35 AM,Service Control Manager,7036,None,The Task Scheduler service entered the running state.
Information,11/24/2019 10:08:35 AM,Service Control Manager,7036,None,The Shell Hardware Detection service entered the running state.
Information,11/24/2019 10:08:35 AM,Service Control Manager,7036,None,The DHCP Client service entered the running state.
Information,11/24/2019 10:08:35 AM,Microsoft-Windows-DHCPv6-Client,51046,Service State Event,DHCPv6 client service is started
Information,11/24/2019 10:08:35 AM,Service Control Manager,7036,None,The DNS Client service entered the running state.
Information,11/24/2019 10:08:35 AM,Service Control Manager,7036,None,The TCP/IP NetBIOS Helper service entered the running state.
Information,11/24/2019 10:08:35 AM,Microsoft-Windows-Dhcp-Client,50036,Service State Event,DHCPv4 client service is started
Information,11/24/2019 10:08:35 AM,Service Control Manager,7036,None,The Desktop Window Manager Session Manager service entered the running state.
Information,11/24/2019 10:08:35 AM,Service Control Manager,7036,None,The Windows Modules Installer service entered the running state.
Information,11/24/2019 10:08:34 AM,Service Control Manager,7036,None,The System Event Notification Service service entered the running state.
Information,11/24/2019 10:08:34 AM,Service Control Manager,7036,None,The COM+ Event System service entered the running state.
Information,11/24/2019 10:08:34 AM,Service Control Manager,7036,None,The User Profile Service service entered the running state.
Information,11/24/2019 10:08:34 AM,Service Control Manager,7036,None,The Group Policy Client service entered the running state.
Information,11/24/2019 10:08:34 AM,Service Control Manager,7036,None,The Windows Event Log service entered the running state.
Information,11/24/2019 10:08:34 AM,Microsoft-Windows-FilterManager,6,None,"File System Filter 'luafv' (6.1, ‎2009‎-‎07‎-‎13T15:26:13.000000000Z) has successfully loaded and registered with Filter Manager."
Information,11/24/2019 10:08:33 AM,Service Control Manager,7036,None,The Network List Service service entered the running state.
Information,11/24/2019 10:08:33 AM,Service Control Manager,7036,None,The Network Location Awareness service entered the running state.
Information,11/24/2019 10:08:33 AM,Service Control Manager,7036,None,The Network Store Interface Service service entered the running state.
Information,11/24/2019 10:08:32 AM,Service Control Manager,7036,None,The Software Protection service entered the running state.
Information,11/24/2019 10:08:30 AM,Service Control Manager,7036,None,The Remote Procedure Call (RPC) service entered the running state.
Information,11/24/2019 10:08:30 AM,Service Control Manager,7036,None,The RPC Endpoint Mapper service entered the running state.
Information,11/24/2019 10:08:30 AM,Service Control Manager,7036,None,The DCOM Server Process Launcher service entered the running state.
Information,11/24/2019 10:08:29 AM,Service Control Manager,7036,None,The Power service entered the running state.
Information,11/24/2019 10:08:29 AM,Microsoft-Windows-UserPnp,20010,(7010),"One or more of the Plug and Play service's subsystems has changed state. 

PlugPlay install subsystem enabled: 'true' 
PlugPlay caching subsystem enabled: 'true' 
"
Information,11/24/2019 10:08:29 AM,Service Control Manager,7036,None,The Plug and Play service entered the running state.
Information,11/24/2019 10:08:25 AM,Microsoft-Windows-Kernel-Processor-Power,26,(4),"Processor 1 in group 0 exposes the following:

1 idle state(s)
0 performance state(s)
0 throttle state(s)"
Information,11/24/2019 10:08:25 AM,Microsoft-Windows-Kernel-Processor-Power,26,(4),"Processor 0 in group 0 exposes the following:

1 idle state(s)
0 performance state(s)
0 throttle state(s)"
Information,11/24/2019 10:08:21 AM,Microsoft-Windows-Kernel-General,12,None,The operating system started at system time ‎2019‎-‎11‎-‎24T10:08:21.484375000Z.
Information,11/24/2019 10:08:12 AM,Microsoft-Windows-Kernel-General,13,None,The operating system is shutting down at system time ‎2019‎-‎11‎-‎24T10:08:12.186875000Z.
Information,11/24/2019 10:08:12 AM,Microsoft-Windows-Kernel-Power,109,(103),The kernel power manager has initiated a shutdown transition.
Information,11/24/2019 10:08:12 AM,Service Control Manager,7036,None,The Plug and Play service entered the stopped state.
Information,11/24/2019 10:08:12 AM,Microsoft-Windows-UserPnp,20010,(7010),"One or more of the Plug and Play service's subsystems has changed state. 

PlugPlay install subsystem enabled: 'false' 
PlugPlay caching subsystem enabled: 'false' 
"
Information,11/24/2019 10:08:34 AM,EventLog,6013,None,The system uptime is 13 seconds.
Information,11/24/2019 10:08:34 AM,EventLog,6005,None,The Event log service was started.
Information,11/24/2019 10:08:34 AM,EventLog,6009,None,Microsoft (R) Windows (R) 6.01. 7601 Service Pack 1 Multiprocessor Free.
Information,11/24/2019 10:08:34 AM,EventLog,6011,None,The NetBIOS name and DNS host name of this machine have been changed from VAGRANT-KOB3F2P to VAGRANT-2008R2.
Information,11/24/2019 10:08:11 AM,Service Control Manager,7036,None,The Windows Event Log service entered the stopped state.
Information,11/24/2019 10:08:11 AM,Service Control Manager,7036,None,The Software Protection service entered the stopped state.
Information,11/24/2019 10:08:11 AM,Service Control Manager,7036,None,The Cryptographic Services service entered the stopped state.
Information,11/24/2019 10:08:11 AM,Service Control Manager,7036,None,The Microsoft .NET Framework NGEN v2.0.50727_X64 service entered the stopped state.
Information,11/24/2019 10:08:11 AM,Service Control Manager,7036,None,The Windows Management Instrumentation service entered the stopped state.
Information,11/24/2019 10:08:11 AM,Service Control Manager,7036,None,The User Profile Service service entered the stopped state.
Information,11/24/2019 10:08:11 AM,Service Control Manager,7036,None,The DHCP Client service entered the stopped state.
Information,11/24/2019 10:08:11 AM,Service Control Manager,7036,None,The Windows Licensing Monitoring Service service entered the stopped state.
Information,11/24/2019 10:08:11 AM,Microsoft-Windows-Dhcp-Client,50037,Service State Event,DHCPv4 client service is stopped. ShutDown Flag value is 1
Information,11/24/2019 10:08:11 AM,Service Control Manager,7036,None,The Windows Modules Installer service entered the stopped state.
Information,11/24/2019 10:08:11 AM,Service Control Manager,7036,None,The Desktop Window Manager Session Manager service entered the stopped state.
Information,11/24/2019 10:08:11 AM,Service Control Manager,7036,None,The Distributed Link Tracking Client service entered the stopped state.
Information,11/24/2019 10:08:11 AM,Microsoft-Windows-DHCPv6-Client,51047,Service State Event,DHCPv6 client service is stopped. ShutDown Flag value is 1
Information,11/24/2019 10:08:11 AM,Service Control Manager,7036,None,The Power service entered the stopped state.
Information,11/24/2019 10:08:11 AM,Service Control Manager,7036,None,The Microsoft .NET Framework NGEN v2.0.50727_X86 service entered the stopped state.
Information,11/24/2019 10:08:11 AM,Service Control Manager,7036,None,The Group Policy Client service entered the stopped state.
Information,11/24/2019 10:08:11 AM,EventLog,6006,None,The Event log service was stopped.
Information,11/24/2019 10:08:11 AM,USER32,1074,None,"The process C:\Windows\system32\winlogon.exe (37L4247F27-26) has initiated the restart of computer VAGRANT-KOB3F2P on behalf of user NT AUTHORITY\SYSTEM for the following reason: Operating System: Upgrade (Planned)
 Reason Code: 0x80020003
 Shutdown Type: restart
 Comment: "
Information,11/24/2019 10:08:10 AM,Microsoft-Windows-Setup,2004,OS information,Successfully logged OS information
Information,11/24/2019 10:08:10 AM,Microsoft-Windows-Setup,2003,Setup information,Successfully logged Setup information
Information,11/24/2019 10:08:09 AM,Microsoft-Windows-Kernel-General,1,None,The system time has changed to ‎2019‎-‎11‎-‎24T10:08:09.640000000Z from ‎2019‎-‎11‎-‎24T10:08:09.640625000Z.
Information,11/24/2019 10:08:09 AM,Microsoft-Windows-Kernel-General,1,None,The system time has changed to ‎2019‎-‎11‎-‎24T10:08:09.640625000Z from ‎2019‎-‎11‎-‎24T10:08:09.640625000Z.
Information,11/24/2019 10:08:03 AM,Microsoft-Windows-UserPnp,20010,(7010),"One or more of the Plug and Play service's subsystems has changed state. 

PlugPlay install subsystem enabled: 'true' 
PlugPlay caching subsystem enabled: 'true' 
"
Information,11/24/2019 10:08:03 AM,Service Control Manager,7040,None,The start type of the Microsoft .NET Framework NGEN v2.0.50727_X64 service was changed from demand start to auto start.
Information,11/24/2019 10:08:03 AM,Service Control Manager,7036,None,The Microsoft .NET Framework NGEN v2.0.50727_X64 service entered the running state.
Information,11/24/2019 10:08:03 AM,Service Control Manager,7040,None,The start type of the Microsoft .NET Framework NGEN v2.0.50727_X86 service was changed from demand start to auto start.
Information,11/24/2019 10:08:03 AM,Service Control Manager,7036,None,The Microsoft .NET Framework NGEN v2.0.50727_X86 service entered the running state.
Information,11/24/2019 10:08:01 AM,Microsoft-Windows-UserPnp,20001,(7005),Driver Management concluded the process to install driver FileRepository\flpydisk.inf_amd64_neutral_f54222cc59267e1e\flpydisk.inf for Device Instance ID FDC\GENERIC_FLOPPY_DRIVE\5&34923401&0&0 with the following status: 0x0.
Information,11/24/2019 10:08:01 AM,Microsoft-Windows-UserPnp,20003,(7005),Driver Management has concluded the process to add Service flpydisk for Device Instance ID FDC\GENERIC_FLOPPY_DRIVE\5&34923401&0&0 with the following status: 0.
Information,11/24/2019 10:08:01 AM,Microsoft-Windows-UserPnp,20001,(7005),Driver Management concluded the process to install driver FileRepository\disk.inf_amd64_neutral_10ce25bbc5a9cc43\disk.inf for Device Instance ID IDE\DISKVBOX_HARDDISK___________________________1.0_____\5&394C0AD3&0&0.0.0 with the following status: 0x0.
Information,11/24/2019 10:08:01 AM,Microsoft-Windows-UserPnp,20003,(7005),Driver Management has concluded the process to add Service disk for Device Instance ID IDE\DISKVBOX_HARDDISK___________________________1.0_____\5&394C0AD3&0&0.0.0 with the following status: 0.
Information,11/24/2019 10:08:00 AM,Microsoft-Windows-UserPnp,20001,(7005),Driver Management concluded the process to install driver FileRepository\fdc.inf_amd64_neutral_bbcfca39fdc02275\fdc.inf for Device Instance ID ACPI\PNP0700\4&1D401FB5&0 with the following status: 0x0.
Information,11/24/2019 10:08:00 AM,Microsoft-Windows-UserPnp,20003,(7005),Driver Management has concluded the process to add Service fdc for Device Instance ID ACPI\PNP0700\4&1D401FB5&0 with the following status: 0.
Information,11/24/2019 10:08:00 AM,Microsoft-Windows-UserPnp,20001,(7005),Driver Management concluded the process to install driver FileRepository\cdrom.inf_amd64_neutral_0b3d0d1942ab684b\cdrom.inf for Device Instance ID IDE\CDROMVBOX_CD-ROM_____________________________1.0_____\5&394C0AD3&0&0.1.0 with the following status: 0x0.
Information,11/24/2019 10:08:00 AM,Microsoft-Windows-UserPnp,20003,(7005),Driver Management has concluded the process to add Service cdrom for Device Instance ID IDE\CDROMVBOX_CD-ROM_____________________________1.0_____\5&394C0AD3&0&0.1.0 with the following status: 0.
Information,11/24/2019 10:08:00 AM,Microsoft-Windows-UserPnp,20001,(7005),Driver Management concluded the process to install driver FileRepository\keyboard.inf_amd64_neutral_0684fdc43059f486\keyboard.inf for Device Instance ID ACPI\PNP0303\4&1D401FB5&0 with the following status: 0x0.
Information,11/24/2019 10:08:00 AM,Microsoft-Windows-UserPnp,20003,(7005),Driver Management has concluded the process to add Service kbdclass for Device Instance ID ACPI\PNP0303\4&1D401FB5&0 with the following status: 0.
Information,11/24/2019 10:08:00 AM,Microsoft-Windows-UserPnp,20003,(7005),Driver Management has concluded the process to add Service i8042prt for Device Instance ID ACPI\PNP0303\4&1D401FB5&0 with the following status: 0.
Information,11/24/2019 10:08:00 AM,Microsoft-Windows-UserPnp,20001,(7005),Driver Management concluded the process to install driver FileRepository\machine.inf_amd64_neutral_a2f120466549d68b\machine.inf for Device Instance ID ACPI\PNP0200\4&1D401FB5&0 with the following status: 0x0.
Information,11/24/2019 10:07:59 AM,Microsoft-Windows-UserPnp,20001,(7005),Driver Management concluded the process to install driver FileRepository\machine.inf_amd64_neutral_a2f120466549d68b\machine.inf for Device Instance ID ACPI\PNP0100\4&1D401FB5&0 with the following status: 0x0.
Information,11/24/2019 10:07:59 AM,Microsoft-Windows-Iphlpsvc,4200,None,Isatap interface isatap.osdc.lax.rapid7.com with address fe80::5efe:10.0.2.15 has been brought up.
Information,11/24/2019 10:07:59 AM,Microsoft-Windows-UserPnp,20001,(7005),Driver Management concluded the process to install driver FileRepository\mshdc.inf_amd64_neutral_aad30bdeec04ea5e\mshdc.inf for Device Instance ID PCIIDE\IDECHANNEL\4&2F42C713&0&1 with the following status: 0x0.
Information,11/24/2019 10:07:59 AM,Microsoft-Windows-UserPnp,20003,(7005),Driver Management has concluded the process to add Service atapi for Device Instance ID PCIIDE\IDECHANNEL\4&2F42C713&0&1 with the following status: 0.
Information,11/24/2019 10:07:59 AM,Microsoft-Windows-UserPnp,20001,(7005),Driver Management concluded the process to install driver FileRepository\machine.inf_amd64_neutral_a2f120466549d68b\machine.inf for Device Instance ID ACPI\PNP0000\4&1D401FB5&0 with the following status: 0x0.
Information,11/24/2019 10:07:58 AM,Microsoft-Windows-UserPnp,20001,(7005),Driver Management concluded the process to install driver FileRepository\mshdc.inf_amd64_neutral_aad30bdeec04ea5e\mshdc.inf for Device Instance ID PCIIDE\IDECHANNEL\4&2F42C713&0&0 with the following status: 0x0.
Information,11/24/2019 10:07:58 AM,Microsoft-Windows-UserPnp,20003,(7005),Driver Management has concluded the process to add Service atapi for Device Instance ID PCIIDE\IDECHANNEL\4&2F42C713&0&0 with the following status: 0.
Information,11/24/2019 10:07:58 AM,Microsoft-Windows-UserPnp,20001,(7005),Driver Management concluded the process to install driver FileRepository\msmouse.inf_amd64_neutral_7a5f47d3150cc0eb\msmouse.inf for Device Instance ID ACPI\PNP0F03\4&1D401FB5&0 with the following status: 0x0.
Information,11/24/2019 10:07:58 AM,Microsoft-Windows-UserPnp,20003,(7005),Driver Management has concluded the process to add Service mouclass for Device Instance ID ACPI\PNP0F03\4&1D401FB5&0 with the following status: 0.
Information,11/24/2019 10:07:58 AM,Microsoft-Windows-UserPnp,20003,(7005),Driver Management has concluded the process to add Service i8042prt for Device Instance ID ACPI\PNP0F03\4&1D401FB5&0 with the following status: 0.
Information,11/24/2019 10:07:58 AM,Microsoft-Windows-UserPnp,20001,(7005),Driver Management concluded the process to install driver FileRepository\monitor.inf_amd64_neutral_ab477c4d805d044f\monitor.inf for Device Instance ID DISPLAY\DEFAULT_MONITOR\4&2ABFAA30&0&12345678&00&02 with the following status: 0x0.
Information,11/24/2019 10:07:58 AM,Microsoft-Windows-UserPnp,20003,(7005),Driver Management has concluded the process to add Service monitor for Device Instance ID DISPLAY\DEFAULT_MONITOR\4&2ABFAA30&0&12345678&00&02 with the following status: 0.
Information,11/24/2019 10:07:58 AM,Microsoft-Windows-UserPnp,20001,(7005),Driver Management concluded the process to install driver FileRepository\mshdc.inf_amd64_neutral_aad30bdeec04ea5e\mshdc.inf for Device Instance ID PCI\VEN_8086&DEV_7111&SUBSYS_00000000&REV_01\3&267A616A&0&09 with the following status: 0x0.
Information,11/24/2019 10:07:57 AM,Microsoft-Windows-UserPnp,20003,(7005),Driver Management has concluded the process to add Service intelide for Device Instance ID PCI\VEN_8086&DEV_7111&SUBSYS_00000000&REV_01\3&267A616A&0&09 with the following status: 0.
Information,11/24/2019 10:07:57 AM,Microsoft-Windows-UserPnp,20001,(7005),Driver Management concluded the process to install driver FileRepository\machine.inf_amd64_neutral_a2f120466549d68b\machine.inf for Device Instance ID PCI\VEN_8086&DEV_7000&SUBSYS_00000000&REV_00\3&267A616A&0&08 with the following status: 0x0.
Information,11/24/2019 10:07:57 AM,Microsoft-Windows-UserPnp,20003,(7005),Driver Management has concluded the process to add Service msisadrv for Device Instance ID PCI\VEN_8086&DEV_7000&SUBSYS_00000000&REV_00\3&267A616A&0&08 with the following status: 0.
Information,11/24/2019 10:07:57 AM,Microsoft-Windows-UserPnp,20001,(7005),Driver Management concluded the process to install driver FileRepository\machine.inf_amd64_neutral_a2f120466549d68b\machine.inf for Device Instance ID PCI\VEN_8086&DEV_1237&SUBSYS_00000000&REV_02\3&267A616A&0&00 with the following status: 0x0.
Information,11/24/2019 10:07:57 AM,Microsoft-Windows-UserPnp,20001,(7005),Driver Management concluded the process to install driver FileRepository\battery.inf_amd64_neutral_cb8fa151a7b7cb80\battery.inf for Device Instance ID ACPI\ACPI0003\0 with the following status: 0x0.
Information,11/24/2019 10:07:56 AM,Service Control Manager,7036,None,The WinHTTP Web Proxy Auto-Discovery Service service entered the running state.
Information,11/24/2019 10:07:56 AM,Microsoft-Windows-UserPnp,20003,(7005),Driver Management has concluded the process to add Service CmBatt for Device Instance ID ACPI\ACPI0003\0 with the following status: 0.
Information,11/24/2019 10:07:56 AM,Microsoft-Windows-UserPnp,20003,(7005),Driver Management has concluded the process to add Service Compbatt for Device Instance ID ROOT\COMPOSITE_BATTERY\0000 with the following status: 0.
Information,11/24/2019 10:07:56 AM,Service Control Manager,7040,None,The start type of the Microsoft Composite Battery Driver service was changed from demand start to boot start.
Information,11/24/2019 10:07:56 AM,Microsoft-Windows-UserPnp,20001,(7005),Driver Management concluded the process to install driver NULL Driver for Device Instance ID PCI\VEN_80EE&DEV_CAFE&SUBSYS_00000000&REV_00\3&267A616A&0&20 with the following status: 0x0.
Information,11/24/2019 10:07:55 AM,Microsoft-Windows-UserPnp,20001,(7005),Driver Management concluded the process to install driver FileRepository\display.inf_amd64_neutral_ea1c8215e52777a6\display.inf for Device Instance ID PCI\VEN_80EE&DEV_BEEF&SUBSYS_00000000&REV_00\3&267A616A&0&10 with the following status: 0x0.
Information,11/24/2019 10:07:55 AM,Microsoft-Windows-UserPnp,20003,(7005),Driver Management has concluded the process to add Service tunnel for Device Instance ID ROOT\*ISATAP\0000 with the following status: 0.
Information,11/24/2019 10:07:55 AM,Microsoft-Windows-UserPnp,20003,(7005),Driver Management has concluded the process to add Service vga for Device Instance ID PCI\VEN_80EE&DEV_BEEF&SUBSYS_00000000&REV_00\3&267A616A&0&10 with the following status: 0.
Information,11/24/2019 10:07:54 AM,Microsoft-Windows-UserPnp,20001,(7005),Driver Management concluded the process to install driver FileRepository\nete1g3e.inf_amd64_neutral_7f08406e40c6ede2\nete1g3e.inf for Device Instance ID PCI\VEN_8086&DEV_100E&SUBSYS_001E8086&REV_02\3&267A616A&0&18 with the following status: 0x0.
Information,11/24/2019 10:07:54 AM,Microsoft-Windows-UserPnp,20003,(7005),Driver Management has concluded the process to add Service E1G60 for Device Instance ID PCI\VEN_8086&DEV_100E&SUBSYS_001E8086&REV_02\3&267A616A&0&18 with the following status: 0.
Information,11/24/2019 10:07:54 AM,Service Control Manager,7045,None,"A service was installed in the system.

Service Name:  Intel(R) PRO/1000 NDIS 6 Adapter Driver
Service File Name:  system32\DRIVERS\E1G6032E.sys
Service Type:  kernel mode driver
Service Start Type:  demand start
Service Account:  "
Information,11/24/2019 10:07:53 AM,Microsoft-Windows-UserPnp,20001,(7005),Driver Management concluded the process to install driver FileRepository\machine.inf_amd64_neutral_a2f120466549d68b\machine.inf for Device Instance ID ACPI\PNP0A03\0 with the following status: 0x0.
Information,11/24/2019 10:07:53 AM,Microsoft-Windows-UserPnp,20003,(7005),Driver Management has concluded the process to add Service pci for Device Instance ID ACPI\PNP0A03\0 with the following status: 0.
Information,11/24/2019 10:07:53 AM,Microsoft-Windows-UserPnp,20001,(7005),Driver Management concluded the process to install driver FileRepository\cpu.inf_amd64_neutral_ae5de2e1bf2793c3\cpu.inf for Device Instance ID ACPI\GENUINEINTEL_-_INTEL64_FAMILY_6_MODEL_69_-_INTEL(R)_CORE(TM)_I7-4578U_CPU_@_3.00GHZ\_1 with the following status: 0x0.
Information,11/24/2019 10:07:53 AM,Microsoft-Windows-UserPnp,20003,(7005),Driver Management has concluded the process to add Service intelppm for Device Instance ID ACPI\GENUINEINTEL_-_INTEL64_FAMILY_6_MODEL_69_-_INTEL(R)_CORE(TM)_I7-4578U_CPU_@_3.00GHZ\_1 with the following status: 0.
Information,11/24/2019 10:07:53 AM,Microsoft-Windows-UserPnp,20001,(7005),Driver Management concluded the process to install driver FileRepository\machine.inf_amd64_neutral_a2f120466549d68b\machine.inf for Device Instance ID ACPI\FIXEDBUTTON\2&DABA3FF&2 with the following status: 0x0.
Information,11/24/2019 10:07:53 AM,Microsoft-Windows-UserPnp,20001,(7005),Driver Management concluded the process to install driver FileRepository\cpu.inf_amd64_neutral_ae5de2e1bf2793c3\cpu.inf for Device Instance ID ACPI\GENUINEINTEL_-_INTEL64_FAMILY_6_MODEL_69_-_INTEL(R)_CORE(TM)_I7-4578U_CPU_@_3.00GHZ\_0 with the following status: 0x0.
Information,11/24/2019 10:07:53 AM,Microsoft-Windows-UserPnp,20003,(7005),Driver Management has concluded the process to add Service intelppm for Device Instance ID ACPI\GENUINEINTEL_-_INTEL64_FAMILY_6_MODEL_69_-_INTEL(R)_CORE(TM)_I7-4578U_CPU_@_3.00GHZ\_0 with the following status: 0.
Information,11/24/2019 10:07:53 AM,Microsoft-Windows-UserPnp,20001,(7005),Driver Management concluded the process to install driver  for Device Instance ID SW\{EEAB7790-C514-11D1-B42B-00805FC1270E}\ASYNCMAC with the following status: 0x0.
Information,11/24/2019 10:07:52 AM,Microsoft-Windows-UserPnp,20003,(7005),Driver Management has concluded the process to add Service AsyncMac for Device Instance ID SW\{EEAB7790-C514-11D1-B42B-00805FC1270E}\ASYNCMAC with the following status: 0.
Information,11/24/2019 10:07:52 AM,Microsoft-Windows-UserPnp,20001,(7005),Driver Management concluded the process to install driver FileRepository\volume.inf_amd64_neutral_df8bea40ac96ca21\volume.inf for Device Instance ID STORAGE\VOLUME\{39C62840-0EA2-11EA-8BEB-806E6F6E6963}#0000000000100000 with the following status: 0x0.
Information,11/24/2019 10:07:52 AM,Microsoft-Windows-UserPnp,20003,(7005),Driver Management has concluded the process to add Service volsnap for Device Instance ID STORAGE\VOLUME\{39C62840-0EA2-11EA-8BEB-806E6F6E6963}#0000000000100000 with the following status: 0.
Information,11/24/2019 10:07:52 AM,Microsoft-Windows-UserPnp,20001,(7005),Driver Management concluded the process to install driver FileRepository\acpi.inf_amd64_neutral_aed2e7a487803437\acpi.inf for Device Instance ID ACPI_HAL\PNP0C08\0 with the following status: 0x0.
Information,11/24/2019 10:07:52 AM,Microsoft-Windows-UserPnp,20003,(7005),Driver Management has concluded the process to add Service ACPI for Device Instance ID ACPI_HAL\PNP0C08\0 with the following status: 0.
Information,11/24/2019 10:07:52 AM,Microsoft-Windows-UserPnp,20001,(7005),Driver Management concluded the process to install driver  for Device Instance ID ROOT\MS_PPTPMINIPORT\0000 with the following status: 0x0.
Information,11/24/2019 10:07:52 AM,Microsoft-Windows-UserPnp,20003,(7005),Driver Management has concluded the process to add Service PptpMiniport for Device Instance ID ROOT\MS_PPTPMINIPORT\0000 with the following status: 0.
Information,11/24/2019 10:07:51 AM,Microsoft-Windows-UserPnp,20001,(7005),Driver Management concluded the process to install driver  for Device Instance ID ROOT\MS_PPPOEMINIPORT\0000 with the following status: 0x0.
Information,11/24/2019 10:07:51 AM,Microsoft-Windows-UserPnp,20003,(7005),Driver Management has concluded the process to add Service RasPppoe for Device Instance ID ROOT\MS_PPPOEMINIPORT\0000 with the following status: 0.
Information,11/24/2019 10:07:51 AM,Microsoft-Windows-UserPnp,20001,(7005),Driver Management concluded the process to install driver  for Device Instance ID ROOT\MS_NDISWANIPV6\0000 with the following status: 0x0.
Information,11/24/2019 10:07:51 AM,Microsoft-Windows-UserPnp,20003,(7005),Driver Management has concluded the process to add Service NdisTapi for Device Instance ID ROOT\MS_NDISWANIPV6\0000 with the following status: 0.
Information,11/24/2019 10:07:51 AM,Microsoft-Windows-UserPnp,20003,(7005),Driver Management has concluded the process to add Service NdisWan for Device Instance ID ROOT\MS_NDISWANIPV6\0000 with the following status: 0.
Information,11/24/2019 10:07:51 AM,Microsoft-Windows-UserPnp,20001,(7005),Driver Management concluded the process to install driver  for Device Instance ID ROOT\MS_NDISWANIP\0000 with the following status: 0x0.
Information,11/24/2019 10:07:50 AM,Microsoft-Windows-UserPnp,20003,(7005),Driver Management has concluded the process to add Service NdisTapi for Device Instance ID ROOT\MS_NDISWANIP\0000 with the following status: 0.
Information,11/24/2019 10:07:50 AM,Microsoft-Windows-UserPnp,20003,(7005),Driver Management has concluded the process to add Service NdisWan for Device Instance ID ROOT\MS_NDISWANIP\0000 with the following status: 0.
Information,11/24/2019 10:07:50 AM,Microsoft-Windows-UserPnp,20001,(7005),Driver Management concluded the process to install driver  for Device Instance ID ROOT\MS_NDISWANBH\0000 with the following status: 0x0.
Information,11/24/2019 10:07:50 AM,Microsoft-Windows-UserPnp,20003,(7005),Driver Management has concluded the process to add Service NdisTapi for Device Instance ID ROOT\MS_NDISWANBH\0000 with the following status: 0.
Information,11/24/2019 10:07:50 AM,Microsoft-Windows-UserPnp,20003,(7005),Driver Management has concluded the process to add Service NdisWan for Device Instance ID ROOT\MS_NDISWANBH\0000 with the following status: 0.
Information,11/24/2019 10:07:50 AM,Microsoft-Windows-UserPnp,20001,(7005),Driver Management concluded the process to install driver  for Device Instance ID ROOT\MS_L2TPMINIPORT\0000 with the following status: 0x0.
Information,11/24/2019 10:07:50 AM,Microsoft-Windows-UserPnp,20003,(7005),Driver Management has concluded the process to add Service Rasl2tp for Device Instance ID ROOT\MS_L2TPMINIPORT\0000 with the following status: 0.
Information,11/24/2019 10:07:49 AM,Microsoft-Windows-UserPnp,20001,(7005),Driver Management concluded the process to install driver  for Device Instance ID ROOT\MS_AGILEVPNMINIPORT\0000 with the following status: 0x0.
Information,11/24/2019 10:07:49 AM,Microsoft-Windows-UserPnp,20003,(7005),Driver Management has concluded the process to add Service RasAgileVpn for Device Instance ID ROOT\MS_AGILEVPNMINIPORT\0000 with the following status: 0.
Information,11/24/2019 10:07:49 AM,Microsoft-Windows-UserPnp,20001,(7005),Driver Management concluded the process to install driver FileRepository\machine.inf_amd64_neutral_a2f120466549d68b\machine.inf for Device Instance ID ROOT\MSSMBIOS\0000 with the following status: 0x0.
Information,11/24/2019 10:07:48 AM,Microsoft-Windows-UserPnp,20003,(7005),Driver Management has concluded the process to add Service mssmbios for Device Instance ID ROOT\MSSMBIOS\0000 with the following status: 0.
Information,11/24/2019 10:07:48 AM,Microsoft-Windows-UserPnp,20001,(7005),Driver Management concluded the process to install driver FileRepository\compositebus.inf_amd64_neutral_b9280780a8000d4b\compositebus.inf for Device Instance ID ROOT\COMPOSITEBUS\0000 with the following status: 0x0.
Information,11/24/2019 10:07:48 AM,Microsoft-Windows-UserPnp,20003,(7005),Driver Management has concluded the process to add Service CompositeBus for Device Instance ID ROOT\COMPOSITEBUS\0000 with the following status: 0.
Information,11/24/2019 10:07:48 AM,Microsoft-Windows-UserPnp,20001,(7005),Driver Management concluded the process to install driver FileRepository\blbdrive.inf_amd64_neutral_1aa816fe7dc98c3f\blbdrive.inf for Device Instance ID ROOT\BLBDRIVE\0000 with the following status: 0x0.
Information,11/24/2019 10:07:48 AM,Microsoft-Windows-UserPnp,20003,(7005),Driver Management has concluded the process to add Service blbdrive for Device Instance ID ROOT\BLBDRIVE\0000 with the following status: 0.
Information,11/24/2019 10:07:47 AM,Microsoft-Windows-UserPnp,20001,(7005),Driver Management concluded the process to install driver FileRepository\hal.inf_amd64_neutral_232b95977cf6d84c\hal.inf for Device Instance ID ROOT\ACPI_HAL\0000 with the following status: 0x0.
Information,11/24/2019 10:07:47 AM,Microsoft-Windows-UserPnp,20001,(7005),Driver Management concluded the process to install driver FileRepository\machine.inf_amd64_neutral_a2f120466549d68b\machine.inf for Device Instance ID ROOT\VOLMGR\0000 with the following status: 0x0.
Information,11/24/2019 10:07:47 AM,Microsoft-Windows-UserPnp,20003,(7005),Driver Management has concluded the process to add Service volmgr for Device Instance ID ROOT\VOLMGR\0000 with the following status: 0.
Information,11/24/2019 10:07:47 AM,Microsoft-Windows-UserPnp,20001,(7005),Driver Management concluded the process to install driver FileRepository\machine.inf_amd64_neutral_a2f120466549d68b\machine.inf for Device Instance ID ROOT\SYSTEM\0000 with the following status: 0x0.
Information,11/24/2019 10:07:47 AM,Microsoft-Windows-UserPnp,20003,(7005),Driver Management has concluded the process to add Service swenum for Device Instance ID ROOT\SYSTEM\0000 with the following status: 0.
Information,11/24/2019 10:07:47 AM,Microsoft-Windows-UserPnp,20001,(7005),Driver Management concluded the process to install driver FileRepository\machine.inf_amd64_neutral_a2f120466549d68b\machine.inf for Device Instance ID ROOT\VDRVROOT\0000 with the following status: 0x0.
Information,11/24/2019 10:07:47 AM,Microsoft-Windows-UserPnp,20003,(7005),Driver Management has concluded the process to add Service vdrvroot for Device Instance ID ROOT\VDRVROOT\0000 with the following status: 0.
Information,11/24/2019 10:07:46 AM,Microsoft-Windows-UserPnp,20001,(7005),Driver Management concluded the process to install driver FileRepository\umbus.inf_amd64_neutral_2d4257afa2e35253\umbus.inf for Device Instance ID ROOT\UMBUS\0000 with the following status: 0x0.
Information,11/24/2019 10:07:46 AM,Microsoft-Windows-UserPnp,20003,(7005),Driver Management has concluded the process to add Service umbus for Device Instance ID ROOT\UMBUS\0000 with the following status: 0.
Information,11/24/2019 10:07:46 AM,Microsoft-Windows-UserPnp,20001,(7005),Driver Management concluded the process to install driver  for Device Instance ID ROOT\MS_SSTPMINIPORT\0000 with the following status: 0x0.
Information,11/24/2019 10:07:46 AM,Microsoft-Windows-UserPnp,20003,(7005),Driver Management has concluded the process to add Service RasSstp for Device Instance ID ROOT\MS_SSTPMINIPORT\0000 with the following status: 0.
Information,11/24/2019 10:07:45 AM,Microsoft-Windows-UserPnp,20001,(7005),Driver Management concluded the process to install driver FileRepository\rdpbus.inf_amd64_neutral_3b741ca76444b9c3\rdpbus.inf for Device Instance ID ROOT\RDPBUS\0000 with the following status: 0x0.
Information,11/24/2019 10:07:45 AM,Microsoft-Windows-UserPnp,20003,(7005),Driver Management has concluded the process to add Service rdpbus for Device Instance ID ROOT\RDPBUS\0000 with the following status: 0.
Information,11/24/2019 10:07:45 AM,Microsoft-Windows-UserPnp,20001,(7005),Driver Management concluded the process to install driver FileRepository\machine.inf_amd64_neutral_a2f120466549d68b\machine.inf for Device Instance ID ROOT\RDP_KBD\0000 with the following status: 0x0.
Information,11/24/2019 10:07:45 AM,Microsoft-Windows-UserPnp,20003,(7005),Driver Management has concluded the process to add Service kbdclass for Device Instance ID ROOT\RDP_KBD\0000 with the following status: 0.
Information,11/24/2019 10:07:45 AM,Microsoft-Windows-UserPnp,20003,(7005),Driver Management has concluded the process to add Service TermDD for Device Instance ID ROOT\RDP_KBD\0000 with the following status: 0.
Information,11/24/2019 10:07:45 AM,Microsoft-Windows-UserPnp,20001,(7005),Driver Management concluded the process to install driver FileRepository\machine.inf_amd64_neutral_a2f120466549d68b\machine.inf for Device Instance ID ROOT\RDP_MOU\0000 with the following status: 0x0.
Information,11/24/2019 10:07:45 AM,Microsoft-Windows-UserPnp,20003,(7005),Driver Management has concluded the process to add Service mouclass for Device Instance ID ROOT\RDP_MOU\0000 with the following status: 0.
Information,11/24/2019 10:07:45 AM,Microsoft-Windows-UserPnp,20003,(7005),Driver Management has concluded the process to add Service TermDD for Device Instance ID ROOT\RDP_MOU\0000 with the following status: 0.
Information,11/24/2019 10:07:44 AM,Service Control Manager,7036,None,The Network List Service service entered the running state.
Information,11/24/2019 10:07:44 AM,Service Control Manager,7036,None,The Application Experience service entered the running state.
Information,11/24/2019 10:07:44 AM,Service Control Manager,7036,None,The Portable Device Enumerator Service service entered the running state.
Information,11/24/2019 10:07:44 AM,Service Control Manager,7036,None,The Software Protection service entered the running state.
Information,11/24/2019 10:07:44 AM,Service Control Manager,7036,None,The Server service entered the running state.
Information,11/24/2019 10:07:44 AM,Service Control Manager,7036,None,The IP Helper service entered the running state.
Information,11/24/2019 10:07:44 AM,Service Control Manager,7036,None,The Windows Management Instrumentation service entered the running state.
Information,11/24/2019 10:07:44 AM,Service Control Manager,7036,None,The Windows Licensing Monitoring Service service entered the running state.
Information,11/24/2019 10:07:44 AM,Service Control Manager,7036,None,The Distributed Link Tracking Client service entered the running state.
Information,11/24/2019 10:07:44 AM,Service Control Manager,7036,None,The Network Location Awareness service entered the running state.
Information,11/24/2019 10:07:44 AM,Service Control Manager,7036,None,The Remote Registry service entered the running state.
Information,11/24/2019 10:07:44 AM,Service Control Manager,7036,None,The Cryptographic Services service entered the running state.
Information,11/24/2019 10:07:44 AM,Service Control Manager,7036,None,The Print Spooler service entered the running state.
Information,11/24/2019 10:07:44 AM,Service Control Manager,7036,None,The Security Accounts Manager service entered the running state.
Information,11/24/2019 10:07:44 AM,Service Control Manager,7036,None,The Workstation service entered the running state.
Information,11/24/2019 10:07:43 AM,Service Control Manager,7036,None,The Windows Firewall service entered the running state.
Information,11/24/2019 10:07:43 AM,Service Control Manager,7036,None,The Base Filtering Engine service entered the running state.
Information,11/24/2019 10:07:43 AM,Service Control Manager,7036,None,The Task Scheduler service entered the running state.
Information,11/24/2019 10:07:43 AM,Service Control Manager,7036,None,The Shell Hardware Detection service entered the stopped state.
Information,11/24/2019 10:07:43 AM,Service Control Manager,7036,None,The Shell Hardware Detection service entered the running state.
Information,11/24/2019 10:07:43 AM,Service Control Manager,7036,None,The DNS Client service entered the running state.
Information,11/24/2019 10:07:43 AM,Service Control Manager,7036,None,The DHCP Client service entered the running state.
Information,11/24/2019 10:07:43 AM,Microsoft-Windows-DHCPv6-Client,51046,Service State Event,DHCPv6 client service is started
Information,11/24/2019 10:07:43 AM,Microsoft-Windows-Dhcp-Client,50036,Service State Event,DHCPv4 client service is started
Information,11/24/2019 10:07:43 AM,Service Control Manager,7036,None,The TCP/IP NetBIOS Helper service entered the running state.
Information,11/24/2019 10:07:43 AM,Service Control Manager,7036,None,The Network Store Interface Service service entered the running state.
Information,11/24/2019 10:07:43 AM,Service Control Manager,7036,None,The Desktop Window Manager Session Manager service entered the running state.
Information,11/24/2019 10:07:43 AM,Service Control Manager,7036,None,The Windows Modules Installer service entered the running state.
Information,11/24/2019 10:07:43 AM,Service Control Manager,7036,None,The System Event Notification Service service entered the running state.
Information,11/24/2019 10:07:43 AM,Service Control Manager,7036,None,The COM+ Event System service entered the running state.
Information,11/24/2019 10:07:43 AM,Service Control Manager,7036,None,The User Profile Service service entered the running state.
Information,11/24/2019 10:07:43 AM,Service Control Manager,7036,None,The Group Policy Client service entered the running state.
Information,11/24/2019 10:07:43 AM,Service Control Manager,7036,None,The Windows Event Log service entered the running state.
Information,11/24/2019 10:07:43 AM,Microsoft-Windows-FilterManager,6,None,"File System Filter 'luafv' (6.1, ‎2009‎-‎07‎-‎13T15:26:13.000000000Z) has successfully loaded and registered with Filter Manager."
Information,11/24/2019 10:07:42 AM,Service Control Manager,7040,None,The start type of the Serial service was changed from system start to demand start.
Information,11/24/2019 10:07:42 AM,Service Control Manager,7040,None,The start type of the isapnp service was changed from boot start to demand start.
Information,11/24/2019 10:07:42 AM,Service Control Manager,7040,None,The start type of the nvraid service was changed from boot start to demand start.
Information,11/24/2019 10:07:42 AM,Service Control Manager,7040,None,The start type of the Wd service was changed from boot start to demand start.
Information,11/24/2019 10:07:42 AM,Service Control Manager,7040,None,The start type of the sbp2port service was changed from boot start to demand start.
Information,11/24/2019 10:07:42 AM,Service Control Manager,7040,None,The start type of the vmbus service was changed from boot start to demand start.
Information,11/24/2019 10:07:42 AM,Service Control Manager,7040,None,The start type of the Compbatt service was changed from boot start to demand start.
Information,11/24/2019 10:07:42 AM,Service Control Manager,7040,None,The start type of the pciide service was changed from boot start to demand start.
Information,11/24/2019 10:07:42 AM,Service Control Manager,7040,None,The start type of the msahci service was changed from boot start to demand start.
Information,11/24/2019 10:07:42 AM,Service Control Manager,7040,None,The start type of the HpSAMD service was changed from boot start to demand start.
Information,11/24/2019 10:07:42 AM,Service Control Manager,7040,None,The start type of the LSI_SCSI service was changed from boot start to demand start.
Information,11/24/2019 10:07:42 AM,Service Control Manager,7040,None,The start type of the LSI_SAS service was changed from boot start to demand start.
Information,11/24/2019 10:07:42 AM,Service Control Manager,7040,None,The start type of the MegaSR service was changed from boot start to demand start.
Information,11/24/2019 10:07:42 AM,Service Control Manager,7040,None,The start type of the megasas service was changed from boot start to demand start.
Information,11/24/2019 10:07:42 AM,Service Control Manager,7040,None,The start type of the LSI_SAS2 service was changed from boot start to demand start.
Information,11/24/2019 10:07:42 AM,Service Control Manager,7040,None,The start type of the LSI_FC service was changed from boot start to demand start.
Information,11/24/2019 10:07:42 AM,Service Control Manager,7040,None,The start type of the amdsbs service was changed from boot start to demand start.
Information,11/24/2019 10:07:42 AM,Service Control Manager,7040,None,The start type of the amdsata service was changed from boot start to demand start.
Information,11/24/2019 10:07:42 AM,Service Control Manager,7040,None,The start type of the nfrd960 service was changed from boot start to demand start.
Information,11/24/2019 10:07:42 AM,Service Control Manager,7040,None,The start type of the amdide service was changed from boot start to demand start.
Information,11/24/2019 10:07:42 AM,Service Control Manager,7040,None,The start type of the SiSRaid2 service was changed from boot start to demand start.
Information,11/24/2019 10:07:42 AM,Service Control Manager,7040,None,The start type of the SiSRaid4 service was changed from boot start to demand start.
Information,11/24/2019 10:07:42 AM,Service Control Manager,7040,None,The start type of the stexstor service was changed from boot start to demand start.
Information,11/24/2019 10:07:42 AM,Service Control Manager,7040,None,The start type of the ql2300 service was changed from boot start to demand start.
Information,11/24/2019 10:07:42 AM,Service Control Manager,7040,None,The start type of the ql40xx service was changed from boot start to demand start.
Information,11/24/2019 10:07:42 AM,Service Control Manager,7040,None,The start type of the cmdide service was changed from boot start to demand start.
Information,11/24/2019 10:07:42 AM,Service Control Manager,7040,None,The start type of the aliide service was changed from boot start to demand start.
