Audit Success,11/24/2019 10:09:51 AM,Microsoft-Windows-Security-Auditing,4624,Logon,"An account was successfully logged on.

Subject:
	Security ID:		SYSTEM
	Account Name:		VAGRANT-2008R2$
	Account Domain:		WORKGROUP
	Logon ID:		0x3e7

Logon Type:			5

New Logon:
	Security ID:		SYSTEM
	Account Name:		SYSTEM
	Account Domain:		NT AUTHORITY
	Logon ID:		0x3e7
	Logon GUID:		{00000000-0000-0000-0000-000000000000}

Process Information:
	Process ID:		0x1c0
	Process Name:		C:\Windows\System32\services.exe

Network Information:
	Workstation Name:	
	Source Network Address:	-
	Source Port:		-

Detailed Authentication Information:
	Logon Process:		Advapi  
	Authentication Package:	Negotiate
	Transited Services:	-
	Package Name (NTLM only):	-
	Key Length:		0

This event is generated when a logon session is created. It is generated on the computer that was accessed.

The subject fields indicate the account on the local system which requested the logon. This is most commonly a service such as the Server service, or a local process such as Winlogon.exe or Services.exe.

The logon type field indicates the kind of logon that occurred. The most common types are 2 (interactive) and 3 (network).

The New Logon fields indicate the account for whom the new logon was created, i.e. the account that was logged on.

The network fields indicate where a remote logon request originated. Workstation name is not always available and may be left blank in some cases.

The authentication information fields provide detailed information about this specific logon request.
	- Logon GUID is a unique identifier that can be used to correlate this event with a KDC event.
	- Transited services indicate which intermediate services have participated in this logon request.
	- Package name indicates which sub-protocol was used among the NTLM protocols.
	- Key length indicates the length of the generated session key. This will be 0 if no session key was requested."
Audit Success,11/24/2019 10:08:53 AM,Microsoft-Windows-Security-Auditing,4738,User Account Management,"A user account was changed.

Subject:
	Security ID:		VAGRANT-2008R2\vagrant
	Account Name:		vagrant
	Account Domain:		VAGRANT-2008R2
	Logon ID:		0x1dc4c

Target Account:
	Security ID:		VAGRANT-2008R2\vagrant
	Account Name:		vagrant
	Account Domain:		VAGRANT-2008R2

Changed Attributes:
	SAM Account Name:	vagrant
	Display Name:		vagrant
	User Principal Name:	-
	Home Directory:		<value not set>
	Home Drive:		<value not set>
	Script Path:		<value not set>
	Profile Path:		<value not set>
	User Workstations:	<value not set>
	Password Last Set:	11/24/2019 2:08:32 AM
	Account Expires:		<never>
	Primary Group ID:	513
	AllowedToDelegateTo:	-
	Old UAC Value:		0x10
	New UAC Value:		0x210
	User Account Control:	
		'Don't Expire Password' - Enabled
	User Parameters:	<value not set>
	SID History:		-
	Logon Hours:		All

Additional Information:
	Privileges:		-"
Audit Success,11/24/2019 10:08:48 AM,Microsoft-Windows-Security-Auditing,4634,Logoff,"An account was logged off.

Subject:
	Security ID:		VAGRANT-2008R2\vagrant
	Account Name:		vagrant
	Account Domain:		VAGRANT-2008R2
	Logon ID:		0x24eea

Logon Type:			3

This event is generated when a logon session is destroyed. It may be positively correlated with a logon event using the Logon ID value. Logon IDs are only unique between reboots on the same computer."
Audit Success,11/24/2019 10:08:48 AM,Microsoft-Windows-Security-Auditing,4634,Logoff,"An account was logged off.

Subject:
	Security ID:		VAGRANT-2008R2\vagrant
	Account Name:		vagrant
	Account Domain:		VAGRANT-2008R2
	Logon ID:		0x2d3c9

Logon Type:			3

This event is generated when a logon session is destroyed. It may be positively correlated with a logon event using the Logon ID value. Logon IDs are only unique between reboots on the same computer."
Audit Success,11/24/2019 10:08:48 AM,Microsoft-Windows-Security-Auditing,4624,Logon,"An account was successfully logged on.

Subject:
	Security ID:		NULL SID
	Account Name:		-
	Account Domain:		-
	Logon ID:		0x0

Logon Type:			3

New Logon:
	Security ID:		VAGRANT-2008R2\vagrant
	Account Name:		vagrant
	Account Domain:		VAGRANT-2008R2
	Logon ID:		0x2d3c9
	Logon GUID:		{00000000-0000-0000-0000-000000000000}

Process Information:
	Process ID:		0x0
	Process Name:		-

Network Information:
	Workstation Name:	VAGRANT-2008R2
	Source Network Address:	-
	Source Port:		-

Detailed Authentication Information:
	Logon Process:		NtLmSsp 
	Authentication Package:	NTLM
	Transited Services:	-
	Package Name (NTLM only):	NTLM V2
	Key Length:		128

This event is generated when a logon session is created. It is generated on the computer that was accessed.

The subject fields indicate the account on the local system which requested the logon. This is most commonly a service such as the Server service, or a local process such as Winlogon.exe or Services.exe.

The logon type field indicates the kind of logon that occurred. The most common types are 2 (interactive) and 3 (network).

The New Logon fields indicate the account for whom the new logon was created, i.e. the account that was logged on.

The network fields indicate where a remote logon request originated. Workstation name is not always available and may be left blank in some cases.

The authentication information fields provide detailed information about this specific logon request.
	- Logon GUID is a unique identifier that can be used to correlate this event with a KDC event.
	- Transited services indicate which intermediate services have participated in this logon request.
	- Package name indicates which sub-protocol was used among the NTLM protocols.
	- Key length indicates the length of the generated session key. This will be 0 if no session key was requested."
Audit Success,11/24/2019 10:08:48 AM,Microsoft-Windows-Security-Auditing,4672,Special Logon,"Special privileges assigned to new logon.

Subject:
	Security ID:		VAGRANT-2008R2\vagrant
	Account Name:		vagrant
	Account Domain:		VAGRANT-2008R2
	Logon ID:		0x2d3c9

Privileges:		SeSecurityPrivilege
			SeBackupPrivilege
			SeRestorePrivilege
			SeTakeOwnershipPrivilege
			SeDebugPrivilege
			SeSystemEnvironmentPrivilege
			SeLoadDriverPrivilege
			SeImpersonatePrivilege"
Audit Success,11/24/2019 10:08:48 AM,Microsoft-Windows-Security-Auditing,4776,Credential Validation,"The computer attempted to validate the credentials for an account.

Authentication Package:	MICROSOFT_AUTHENTICATION_PACKAGE_V1_0
Logon Account:	vagrant
Source Workstation:	VAGRANT-2008R2
Error Code:	0x0"
Audit Success,11/24/2019 10:08:48 AM,Microsoft-Windows-Security-Auditing,4634,Logoff,"An account was logged off.

Subject:
	Security ID:		VAGRANT-2008R2\vagrant
	Account Name:		vagrant
	Account Domain:		VAGRANT-2008R2
	Logon ID:		0x2c89c

Logon Type:			3

This event is generated when a logon session is destroyed. It may be positively correlated with a logon event using the Logon ID value. Logon IDs are only unique between reboots on the same computer."
Audit Success,11/24/2019 10:08:48 AM,Microsoft-Windows-Security-Auditing,4624,Logon,"An account was successfully logged on.

Subject:
	Security ID:		NULL SID
	Account Name:		-
	Account Domain:		-
	Logon ID:		0x0

Logon Type:			3

New Logon:
	Security ID:		VAGRANT-2008R2\vagrant
	Account Name:		vagrant
	Account Domain:		VAGRANT-2008R2
	Logon ID:		0x2c89c
	Logon GUID:		{00000000-0000-0000-0000-000000000000}

Process Information:
	Process ID:		0x0
	Process Name:		-

Network Information:
	Workstation Name:	VAGRANT-2008R2
	Source Network Address:	-
	Source Port:		-

Detailed Authentication Information:
	Logon Process:		NtLmSsp 
	Authentication Package:	NTLM
	Transited Services:	-
	Package Name (NTLM only):	NTLM V2
	Key Length:		128

This event is generated when a logon session is created. It is generated on the computer that was accessed.

The subject fields indicate the account on the local system which requested the logon. This is most commonly a service such as the Server service, or a local process such as Winlogon.exe or Services.exe.

The logon type field indicates the kind of logon that occurred. The most common types are 2 (interactive) and 3 (network).

The New Logon fields indicate the account for whom the new logon was created, i.e. the account that was logged on.

The network fields indicate where a remote logon request originated. Workstation name is not always available and may be left blank in some cases.

The authentication information fields provide detailed information about this specific logon request.
	- Logon GUID is a unique identifier that can be used to correlate this event with a KDC event.
	- Transited services indicate which intermediate services have participated in this logon request.
	- Package name indicates which sub-protocol was used among the NTLM protocols.
	- Key length indicates the length of the generated session key. This will be 0 if no session key was requested."
Audit Success,11/24/2019 10:08:48 AM,Microsoft-Windows-Security-Auditing,4672,Special Logon,"Special privileges assigned to new logon.

Subject:
	Security ID:		VAGRANT-2008R2\vagrant
	Account Name:		vagrant
	Account Domain:		VAGRANT-2008R2
	Logon ID:		0x2c89c

Privileges:		SeSecurityPrivilege
			SeBackupPrivilege
			SeRestorePrivilege
			SeTakeOwnershipPrivilege
			SeDebugPrivilege
			SeSystemEnvironmentPrivilege
			SeLoadDriverPrivilege
			SeImpersonatePrivilege"
Audit Success,11/24/2019 10:08:48 AM,Microsoft-Windows-Security-Auditing,4776,Credential Validation,"The computer attempted to validate the credentials for an account.

Authentication Package:	MICROSOFT_AUTHENTICATION_PACKAGE_V1_0
Logon Account:	vagrant
Source Workstation:	VAGRANT-2008R2
Error Code:	0x0"
Audit Success,11/24/2019 10:08:48 AM,Microsoft-Windows-Security-Auditing,4634,Logoff,"An account was logged off.

Subject:
	Security ID:		VAGRANT-2008R2\vagrant
	Account Name:		vagrant
	Account Domain:		VAGRANT-2008R2
	Logon ID:		0x2bbe5

Logon Type:			3

This event is generated when a logon session is destroyed. It may be positively correlated with a logon event using the Logon ID value. Logon IDs are only unique between reboots on the same computer."
Audit Success,11/24/2019 10:08:48 AM,Microsoft-Windows-Security-Auditing,4624,Logon,"An account was successfully logged on.

Subject:
	Security ID:		NULL SID
	Account Name:		-
	Account Domain:		-
	Logon ID:		0x0

Logon Type:			3

New Logon:
	Security ID:		VAGRANT-2008R2\vagrant
	Account Name:		vagrant
	Account Domain:		VAGRANT-2008R2
	Logon ID:		0x2bbe5
	Logon GUID:		{00000000-0000-0000-0000-000000000000}

Process Information:
	Process ID:		0x0
	Process Name:		-

Network Information:
	Workstation Name:	VAGRANT-2008R2
	Source Network Address:	-
	Source Port:		-

Detailed Authentication Information:
	Logon Process:		NtLmSsp 
	Authentication Package:	NTLM
	Transited Services:	-
	Package Name (NTLM only):	NTLM V2
	Key Length:		128

This event is generated when a logon session is created. It is generated on the computer that was accessed.

The subject fields indicate the account on the local system which requested the logon. This is most commonly a service such as the Server service, or a local process such as Winlogon.exe or Services.exe.

The logon type field indicates the kind of logon that occurred. The most common types are 2 (interactive) and 3 (network).

The New Logon fields indicate the account for whom the new logon was created, i.e. the account that was logged on.

The network fields indicate where a remote logon request originated. Workstation name is not always available and may be left blank in some cases.

The authentication information fields provide detailed information about this specific logon request.
	- Logon GUID is a unique identifier that can be used to correlate this event with a KDC event.
	- Transited services indicate which intermediate services have participated in this logon request.
	- Package name indicates which sub-protocol was used among the NTLM protocols.
	- Key length indicates the length of the generated session key. This will be 0 if no session key was requested."
Audit Success,11/24/2019 10:08:48 AM,Microsoft-Windows-Security-Auditing,4672,Special Logon,"Special privileges assigned to new logon.

Subject:
	Security ID:		VAGRANT-2008R2\vagrant
	Account Name:		vagrant
	Account Domain:		VAGRANT-2008R2
	Logon ID:		0x2bbe5

Privileges:		SeSecurityPrivilege
			SeBackupPrivilege
			SeRestorePrivilege
			SeTakeOwnershipPrivilege
			SeDebugPrivilege
			SeSystemEnvironmentPrivilege
			SeLoadDriverPrivilege
			SeImpersonatePrivilege"
Audit Success,11/24/2019 10:08:48 AM,Microsoft-Windows-Security-Auditing,4776,Credential Validation,"The computer attempted to validate the credentials for an account.

Authentication Package:	MICROSOFT_AUTHENTICATION_PACKAGE_V1_0
Logon Account:	vagrant
Source Workstation:	VAGRANT-2008R2
Error Code:	0x0"
Audit Success,11/24/2019 10:08:47 AM,Microsoft-Windows-Security-Auditing,4634,Logoff,"An account was logged off.

Subject:
	Security ID:		VAGRANT-2008R2\vagrant
	Account Name:		vagrant
	Account Domain:		VAGRANT-2008R2
	Logon ID:		0x2ad5c

Logon Type:			3

This event is generated when a logon session is destroyed. It may be positively correlated with a logon event using the Logon ID value. Logon IDs are only unique between reboots on the same computer."
Audit Success,11/24/2019 10:08:47 AM,Microsoft-Windows-Security-Auditing,4624,Logon,"An account was successfully logged on.

Subject:
	Security ID:		NULL SID
	Account Name:		-
	Account Domain:		-
	Logon ID:		0x0

Logon Type:			3

New Logon:
	Security ID:		VAGRANT-2008R2\vagrant
	Account Name:		vagrant
	Account Domain:		VAGRANT-2008R2
	Logon ID:		0x2ad5c
	Logon GUID:		{00000000-0000-0000-0000-000000000000}

Process Information:
	Process ID:		0x0
	Process Name:		-

Network Information:
	Workstation Name:	VAGRANT-2008R2
	Source Network Address:	-
	Source Port:		-

Detailed Authentication Information:
	Logon Process:		NtLmSsp 
	Authentication Package:	NTLM
	Transited Services:	-
	Package Name (NTLM only):	NTLM V2
	Key Length:		128

This event is generated when a logon session is created. It is generated on the computer that was accessed.

The subject fields indicate the account on the local system which requested the logon. This is most commonly a service such as the Server service, or a local process such as Winlogon.exe or Services.exe.

The logon type field indicates the kind of logon that occurred. The most common types are 2 (interactive) and 3 (network).

The New Logon fields indicate the account for whom the new logon was created, i.e. the account that was logged on.

The network fields indicate where a remote logon request originated. Workstation name is not always available and may be left blank in some cases.

The authentication information fields provide detailed information about this specific logon request.
	- Logon GUID is a unique identifier that can be used to correlate this event with a KDC event.
	- Transited services indicate which intermediate services have participated in this logon request.
	- Package name indicates which sub-protocol was used among the NTLM protocols.
	- Key length indicates the length of the generated session key. This will be 0 if no session key was requested."
Audit Success,11/24/2019 10:08:47 AM,Microsoft-Windows-Security-Auditing,4672,Special Logon,"Special privileges assigned to new logon.

Subject:
	Security ID:		VAGRANT-2008R2\vagrant
	Account Name:		vagrant
	Account Domain:		VAGRANT-2008R2
	Logon ID:		0x2ad5c

Privileges:		SeSecurityPrivilege
			SeBackupPrivilege
			SeRestorePrivilege
			SeTakeOwnershipPrivilege
			SeDebugPrivilege
			SeSystemEnvironmentPrivilege
			SeLoadDriverPrivilege
			SeImpersonatePrivilege"
Audit Success,11/24/2019 10:08:47 AM,Microsoft-Windows-Security-Auditing,4776,Credential Validation,"The computer attempted to validate the credentials for an account.

Authentication Package:	MICROSOFT_AUTHENTICATION_PACKAGE_V1_0
Logon Account:	vagrant
Source Workstation:	VAGRANT-2008R2
Error Code:	0x0"
Audit Success,11/24/2019 10:08:47 AM,Microsoft-Windows-Security-Auditing,4634,Logoff,"An account was logged off.

Subject:
	Security ID:		VAGRANT-2008R2\vagrant
	Account Name:		vagrant
	Account Domain:		VAGRANT-2008R2
	Logon ID:		0x29ed5

Logon Type:			3

This event is generated when a logon session is destroyed. It may be positively correlated with a logon event using the Logon ID value. Logon IDs are only unique between reboots on the same computer."
Audit Success,11/24/2019 10:08:47 AM,Microsoft-Windows-Security-Auditing,4624,Logon,"An account was successfully logged on.

Subject:
	Security ID:		NULL SID
	Account Name:		-
	Account Domain:		-
	Logon ID:		0x0

Logon Type:			3

New Logon:
	Security ID:		VAGRANT-2008R2\vagrant
	Account Name:		vagrant
	Account Domain:		VAGRANT-2008R2
	Logon ID:		0x29ed5
	Logon GUID:		{00000000-0000-0000-0000-000000000000}

Process Information:
	Process ID:		0x0
	Process Name:		-

Network Information:
	Workstation Name:	VAGRANT-2008R2
	Source Network Address:	-
	Source Port:		-

Detailed Authentication Information:
	Logon Process:		NtLmSsp 
	Authentication Package:	NTLM
	Transited Services:	-
	Package Name (NTLM only):	NTLM V2
	Key Length:		128

This event is generated when a logon session is created. It is generated on the computer that was accessed.

The subject fields indicate the account on the local system which requested the logon. This is most commonly a service such as the Server service, or a local process such as Winlogon.exe or Services.exe.

The logon type field indicates the kind of logon that occurred. The most common types are 2 (interactive) and 3 (network).

The New Logon fields indicate the account for whom the new logon was created, i.e. the account that was logged on.

The network fields indicate where a remote logon request originated. Workstation name is not always available and may be left blank in some cases.

The authentication information fields provide detailed information about this specific logon request.
	- Logon GUID is a unique identifier that can be used to correlate this event with a KDC event.
	- Transited services indicate which intermediate services have participated in this logon request.
	- Package name indicates which sub-protocol was used among the NTLM protocols.
	- Key length indicates the length of the generated session key. This will be 0 if no session key was requested."
Audit Success,11/24/2019 10:08:47 AM,Microsoft-Windows-Security-Auditing,4672,Special Logon,"Special privileges assigned to new logon.

Subject:
	Security ID:		VAGRANT-2008R2\vagrant
	Account Name:		vagrant
	Account Domain:		VAGRANT-2008R2
	Logon ID:		0x29ed5

Privileges:		SeSecurityPrivilege
			SeBackupPrivilege
			SeRestorePrivilege
			SeTakeOwnershipPrivilege
			SeDebugPrivilege
			SeSystemEnvironmentPrivilege
			SeLoadDriverPrivilege
			SeImpersonatePrivilege"
Audit Success,11/24/2019 10:08:47 AM,Microsoft-Windows-Security-Auditing,4776,Credential Validation,"The computer attempted to validate the credentials for an account.

Authentication Package:	MICROSOFT_AUTHENTICATION_PACKAGE_V1_0
Logon Account:	vagrant
Source Workstation:	VAGRANT-2008R2
Error Code:	0x0"
Audit Success,11/24/2019 10:08:47 AM,Microsoft-Windows-Security-Auditing,4634,Logoff,"An account was logged off.

Subject:
	Security ID:		VAGRANT-2008R2\vagrant
	Account Name:		vagrant
	Account Domain:		VAGRANT-2008R2
	Logon ID:		0x2921b

Logon Type:			3

This event is generated when a logon session is destroyed. It may be positively correlated with a logon event using the Logon ID value. Logon IDs are only unique between reboots on the same computer."
Audit Success,11/24/2019 10:08:47 AM,Microsoft-Windows-Security-Auditing,4624,Logon,"An account was successfully logged on.

Subject:
	Security ID:		NULL SID
	Account Name:		-
	Account Domain:		-
	Logon ID:		0x0

Logon Type:			3

New Logon:
	Security ID:		VAGRANT-2008R2\vagrant
	Account Name:		vagrant
	Account Domain:		VAGRANT-2008R2
	Logon ID:		0x2921b
	Logon GUID:		{00000000-0000-0000-0000-000000000000}

Process Information:
	Process ID:		0x0
	Process Name:		-

Network Information:
	Workstation Name:	VAGRANT-2008R2
	Source Network Address:	-
	Source Port:		-

Detailed Authentication Information:
	Logon Process:		NtLmSsp 
	Authentication Package:	NTLM
	Transited Services:	-
	Package Name (NTLM only):	NTLM V2
	Key Length:		128

This event is generated when a logon session is created. It is generated on the computer that was accessed.

The subject fields indicate the account on the local system which requested the logon. This is most commonly a service such as the Server service, or a local process such as Winlogon.exe or Services.exe.

The logon type field indicates the kind of logon that occurred. The most common types are 2 (interactive) and 3 (network).

The New Logon fields indicate the account for whom the new logon was created, i.e. the account that was logged on.

The network fields indicate where a remote logon request originated. Workstation name is not always available and may be left blank in some cases.

The authentication information fields provide detailed information about this specific logon request.
	- Logon GUID is a unique identifier that can be used to correlate this event with a KDC event.
	- Transited services indicate which intermediate services have participated in this logon request.
	- Package name indicates which sub-protocol was used among the NTLM protocols.
	- Key length indicates the length of the generated session key. This will be 0 if no session key was requested."
Audit Success,11/24/2019 10:08:47 AM,Microsoft-Windows-Security-Auditing,4672,Special Logon,"Special privileges assigned to new logon.

Subject:
	Security ID:		VAGRANT-2008R2\vagrant
	Account Name:		vagrant
	Account Domain:		VAGRANT-2008R2
	Logon ID:		0x2921b

Privileges:		SeSecurityPrivilege
			SeBackupPrivilege
			SeRestorePrivilege
			SeTakeOwnershipPrivilege
			SeDebugPrivilege
			SeSystemEnvironmentPrivilege
			SeLoadDriverPrivilege
			SeImpersonatePrivilege"
Audit Success,11/24/2019 10:08:47 AM,Microsoft-Windows-Security-Auditing,4776,Credential Validation,"The computer attempted to validate the credentials for an account.

Authentication Package:	MICROSOFT_AUTHENTICATION_PACKAGE_V1_0
Logon Account:	vagrant
Source Workstation:	VAGRANT-2008R2
Error Code:	0x0"
Audit Success,11/24/2019 10:08:47 AM,Microsoft-Windows-Security-Auditing,4634,Logoff,"An account was logged off.

Subject:
	Security ID:		VAGRANT-2008R2\vagrant
	Account Name:		vagrant
	Account Domain:		VAGRANT-2008R2
	Logon ID:		0x28561

Logon Type:			3

This event is generated when a logon session is destroyed. It may be positively correlated with a logon event using the Logon ID value. Logon IDs are only unique between reboots on the same computer."
Audit Success,11/24/2019 10:08:47 AM,Microsoft-Windows-Security-Auditing,4624,Logon,"An account was successfully logged on.

Subject:
	Security ID:		NULL SID
	Account Name:		-
	Account Domain:		-
	Logon ID:		0x0

Logon Type:			3

New Logon:
	Security ID:		VAGRANT-2008R2\vagrant
	Account Name:		vagrant
	Account Domain:		VAGRANT-2008R2
	Logon ID:		0x28561
	Logon GUID:		{00000000-0000-0000-0000-000000000000}

Process Information:
	Process ID:		0x0
	Process Name:		-

Network Information:
	Workstation Name:	VAGRANT-2008R2
	Source Network Address:	-
	Source Port:		-

Detailed Authentication Information:
	Logon Process:		NtLmSsp 
	Authentication Package:	NTLM
	Transited Services:	-
	Package Name (NTLM only):	NTLM V2
	Key Length:		128

This event is generated when a logon session is created. It is generated on the computer that was accessed.

The subject fields indicate the account on the local system which requested the logon. This is most commonly a service such as the Server service, or a local process such as Winlogon.exe or Services.exe.

The logon type field indicates the kind of logon that occurred. The most common types are 2 (interactive) and 3 (network).

The New Logon fields indicate the account for whom the new logon was created, i.e. the account that was logged on.

The network fields indicate where a remote logon request originated. Workstation name is not always available and may be left blank in some cases.

The authentication information fields provide detailed information about this specific logon request.
	- Logon GUID is a unique identifier that can be used to correlate this event with a KDC event.
	- Transited services indicate which intermediate services have participated in this logon request.
	- Package name indicates which sub-protocol was used among the NTLM protocols.
	- Key length indicates the length of the generated session key. This will be 0 if no session key was requested."
Audit Success,11/24/2019 10:08:47 AM,Microsoft-Windows-Security-Auditing,4672,Special Logon,"Special privileges assigned to new logon.

Subject:
	Security ID:		VAGRANT-2008R2\vagrant
	Account Name:		vagrant
	Account Domain:		VAGRANT-2008R2
	Logon ID:		0x28561

Privileges:		SeSecurityPrivilege
			SeBackupPrivilege
			SeRestorePrivilege
			SeTakeOwnershipPrivilege
			SeDebugPrivilege
			SeSystemEnvironmentPrivilege
			SeLoadDriverPrivilege
			SeImpersonatePrivilege"
Audit Success,11/24/2019 10:08:47 AM,Microsoft-Windows-Security-Auditing,4776,Credential Validation,"The computer attempted to validate the credentials for an account.

Authentication Package:	MICROSOFT_AUTHENTICATION_PACKAGE_V1_0
Logon Account:	vagrant
Source Workstation:	VAGRANT-2008R2
Error Code:	0x0"
Audit Success,11/24/2019 10:08:47 AM,Microsoft-Windows-Security-Auditing,4634,Logoff,"An account was logged off.

Subject:
	Security ID:		VAGRANT-2008R2\vagrant
	Account Name:		vagrant
	Account Domain:		VAGRANT-2008R2
	Logon ID:		0x278a9

Logon Type:			3

This event is generated when a logon session is destroyed. It may be positively correlated with a logon event using the Logon ID value. Logon IDs are only unique between reboots on the same computer."
Audit Success,11/24/2019 10:08:47 AM,Microsoft-Windows-Security-Auditing,4624,Logon,"An account was successfully logged on.

Subject:
	Security ID:		NULL SID
	Account Name:		-
	Account Domain:		-
	Logon ID:		0x0

Logon Type:			3

New Logon:
	Security ID:		VAGRANT-2008R2\vagrant
	Account Name:		vagrant
	Account Domain:		VAGRANT-2008R2
	Logon ID:		0x278a9
	Logon GUID:		{00000000-0000-0000-0000-000000000000}

Process Information:
	Process ID:		0x0
	Process Name:		-

Network Information:
	Workstation Name:	VAGRANT-2008R2
	Source Network Address:	-
	Source Port:		-

Detailed Authentication Information:
	Logon Process:		NtLmSsp 
	Authentication Package:	NTLM
	Transited Services:	-
	Package Name (NTLM only):	NTLM V2
	Key Length:		128

This event is generated when a logon session is created. It is generated on the computer that was accessed.

The subject fields indicate the account on the local system which requested the logon. This is most commonly a service such as the Server service, or a local process such as Winlogon.exe or Services.exe.

The logon type field indicates the kind of logon that occurred. The most common types are 2 (interactive) and 3 (network).

The New Logon fields indicate the account for whom the new logon was created, i.e. the account that was logged on.

The network fields indicate where a remote logon request originated. Workstation name is not always available and may be left blank in some cases.

The authentication information fields provide detailed information about this specific logon request.
	- Logon GUID is a unique identifier that can be used to correlate this event with a KDC event.
	- Transited services indicate which intermediate services have participated in this logon request.
	- Package name indicates which sub-protocol was used among the NTLM protocols.
	- Key length indicates the length of the generated session key. This will be 0 if no session key was requested."
Audit Success,11/24/2019 10:08:47 AM,Microsoft-Windows-Security-Auditing,4672,Special Logon,"Special privileges assigned to new logon.

Subject:
	Security ID:		VAGRANT-2008R2\vagrant
	Account Name:		vagrant
	Account Domain:		VAGRANT-2008R2
	Logon ID:		0x278a9

Privileges:		SeSecurityPrivilege
			SeBackupPrivilege
			SeRestorePrivilege
			SeTakeOwnershipPrivilege
			SeDebugPrivilege
			SeSystemEnvironmentPrivilege
			SeLoadDriverPrivilege
			SeImpersonatePrivilege"
Audit Success,11/24/2019 10:08:47 AM,Microsoft-Windows-Security-Auditing,4776,Credential Validation,"The computer attempted to validate the credentials for an account.

Authentication Package:	MICROSOFT_AUTHENTICATION_PACKAGE_V1_0
Logon Account:	vagrant
Source Workstation:	VAGRANT-2008R2
Error Code:	0x0"
Audit Success,11/24/2019 10:08:47 AM,Microsoft-Windows-Security-Auditing,4634,Logoff,"An account was logged off.

Subject:
	Security ID:		VAGRANT-2008R2\vagrant
	Account Name:		vagrant
	Account Domain:		VAGRANT-2008R2
	Logon ID:		0x26930

Logon Type:			3

This event is generated when a logon session is destroyed. It may be positively correlated with a logon event using the Logon ID value. Logon IDs are only unique between reboots on the same computer."
Audit Success,11/24/2019 10:08:47 AM,Microsoft-Windows-Security-Auditing,4624,Logon,"An account was successfully logged on.

Subject:
	Security ID:		NULL SID
	Account Name:		-
	Account Domain:		-
	Logon ID:		0x0

Logon Type:			3

New Logon:
	Security ID:		VAGRANT-2008R2\vagrant
	Account Name:		vagrant
	Account Domain:		VAGRANT-2008R2
	Logon ID:		0x26930
	Logon GUID:		{00000000-0000-0000-0000-000000000000}

Process Information:
	Process ID:		0x0
	Process Name:		-

Network Information:
	Workstation Name:	VAGRANT-2008R2
	Source Network Address:	-
	Source Port:		-

Detailed Authentication Information:
	Logon Process:		NtLmSsp 
	Authentication Package:	NTLM
	Transited Services:	-
	Package Name (NTLM only):	NTLM V2
	Key Length:		128

This event is generated when a logon session is created. It is generated on the computer that was accessed.

The subject fields indicate the account on the local system which requested the logon. This is most commonly a service such as the Server service, or a local process such as Winlogon.exe or Services.exe.

The logon type field indicates the kind of logon that occurred. The most common types are 2 (interactive) and 3 (network).

The New Logon fields indicate the account for whom the new logon was created, i.e. the account that was logged on.

The network fields indicate where a remote logon request originated. Workstation name is not always available and may be left blank in some cases.

The authentication information fields provide detailed information about this specific logon request.
	- Logon GUID is a unique identifier that can be used to correlate this event with a KDC event.
	- Transited services indicate which intermediate services have participated in this logon request.
	- Package name indicates which sub-protocol was used among the NTLM protocols.
	- Key length indicates the length of the generated session key. This will be 0 if no session key was requested."
Audit Success,11/24/2019 10:08:47 AM,Microsoft-Windows-Security-Auditing,4672,Special Logon,"Special privileges assigned to new logon.

Subject:
	Security ID:		VAGRANT-2008R2\vagrant
	Account Name:		vagrant
	Account Domain:		VAGRANT-2008R2
	Logon ID:		0x26930

Privileges:		SeSecurityPrivilege
			SeBackupPrivilege
			SeRestorePrivilege
			SeTakeOwnershipPrivilege
			SeDebugPrivilege
			SeSystemEnvironmentPrivilege
			SeLoadDriverPrivilege
			SeImpersonatePrivilege"
Audit Success,11/24/2019 10:08:47 AM,Microsoft-Windows-Security-Auditing,4776,Credential Validation,"The computer attempted to validate the credentials for an account.

Authentication Package:	MICROSOFT_AUTHENTICATION_PACKAGE_V1_0
Logon Account:	vagrant
Source Workstation:	VAGRANT-2008R2
Error Code:	0x0"
Audit Success,11/24/2019 10:08:47 AM,Microsoft-Windows-Security-Auditing,4634,Logoff,"An account was logged off.

Subject:
	Security ID:		VAGRANT-2008R2\vagrant
	Account Name:		vagrant
	Account Domain:		VAGRANT-2008R2
	Logon ID:		0x25dfe

Logon Type:			3

This event is generated when a logon session is destroyed. It may be positively correlated with a logon event using the Logon ID value. Logon IDs are only unique between reboots on the same computer."
Audit Success,11/24/2019 10:08:47 AM,Microsoft-Windows-Security-Auditing,4624,Logon,"An account was successfully logged on.

Subject:
	Security ID:		NULL SID
	Account Name:		-
	Account Domain:		-
	Logon ID:		0x0

Logon Type:			3

New Logon:
	Security ID:		VAGRANT-2008R2\vagrant
	Account Name:		vagrant
	Account Domain:		VAGRANT-2008R2
	Logon ID:		0x25dfe
	Logon GUID:		{00000000-0000-0000-0000-000000000000}

Process Information:
	Process ID:		0x0
	Process Name:		-

Network Information:
	Workstation Name:	VAGRANT-2008R2
	Source Network Address:	-
	Source Port:		-

Detailed Authentication Information:
	Logon Process:		NtLmSsp 
	Authentication Package:	NTLM
	Transited Services:	-
	Package Name (NTLM only):	NTLM V2
	Key Length:		128

This event is generated when a logon session is created. It is generated on the computer that was accessed.

The subject fields indicate the account on the local system which requested the logon. This is most commonly a service such as the Server service, or a local process such as Winlogon.exe or Services.exe.

The logon type field indicates the kind of logon that occurred. The most common types are 2 (interactive) and 3 (network).

The New Logon fields indicate the account for whom the new logon was created, i.e. the account that was logged on.

The network fields indicate where a remote logon request originated. Workstation name is not always available and may be left blank in some cases.

The authentication information fields provide detailed information about this specific logon request.
	- Logon GUID is a unique identifier that can be used to correlate this event with a KDC event.
	- Transited services indicate which intermediate services have participated in this logon request.
	- Package name indicates which sub-protocol was used among the NTLM protocols.
	- Key length indicates the length of the generated session key. This will be 0 if no session key was requested."
Audit Success,11/24/2019 10:08:47 AM,Microsoft-Windows-Security-Auditing,4672,Special Logon,"Special privileges assigned to new logon.

Subject:
	Security ID:		VAGRANT-2008R2\vagrant
	Account Name:		vagrant
	Account Domain:		VAGRANT-2008R2
	Logon ID:		0x25dfe

Privileges:		SeSecurityPrivilege
			SeBackupPrivilege
			SeRestorePrivilege
			SeTakeOwnershipPrivilege
			SeDebugPrivilege
			SeSystemEnvironmentPrivilege
			SeLoadDriverPrivilege
			SeImpersonatePrivilege"
Audit Success,11/24/2019 10:08:47 AM,Microsoft-Windows-Security-Auditing,4776,Credential Validation,"The computer attempted to validate the credentials for an account.

Authentication Package:	MICROSOFT_AUTHENTICATION_PACKAGE_V1_0
Logon Account:	vagrant
Source Workstation:	VAGRANT-2008R2
Error Code:	0x0"
Audit Success,11/24/2019 10:08:47 AM,Microsoft-Windows-Security-Auditing,4624,Logon,"An account was successfully logged on.

Subject:
	Security ID:		NULL SID
	Account Name:		-
	Account Domain:		-
	Logon ID:		0x0

Logon Type:			3

New Logon:
	Security ID:		VAGRANT-2008R2\vagrant
	Account Name:		vagrant
	Account Domain:		VAGRANT-2008R2
	Logon ID:		0x24eea
	Logon GUID:		{00000000-0000-0000-0000-000000000000}

Process Information:
	Process ID:		0x0
	Process Name:		-

Network Information:
	Workstation Name:	VAGRANT-2008R2
	Source Network Address:	-
	Source Port:		-

Detailed Authentication Information:
	Logon Process:		NtLmSsp 
	Authentication Package:	NTLM
	Transited Services:	-
	Package Name (NTLM only):	NTLM V2
	Key Length:		128

This event is generated when a logon session is created. It is generated on the computer that was accessed.

The subject fields indicate the account on the local system which requested the logon. This is most commonly a service such as the Server service, or a local process such as Winlogon.exe or Services.exe.

The logon type field indicates the kind of logon that occurred. The most common types are 2 (interactive) and 3 (network).

The New Logon fields indicate the account for whom the new logon was created, i.e. the account that was logged on.

The network fields indicate where a remote logon request originated. Workstation name is not always available and may be left blank in some cases.

The authentication information fields provide detailed information about this specific logon request.
	- Logon GUID is a unique identifier that can be used to correlate this event with a KDC event.
	- Transited services indicate which intermediate services have participated in this logon request.
	- Package name indicates which sub-protocol was used among the NTLM protocols.
	- Key length indicates the length of the generated session key. This will be 0 if no session key was requested."
Audit Success,11/24/2019 10:08:47 AM,Microsoft-Windows-Security-Auditing,4672,Special Logon,"Special privileges assigned to new logon.

Subject:
	Security ID:		VAGRANT-2008R2\vagrant
	Account Name:		vagrant
	Account Domain:		VAGRANT-2008R2
	Logon ID:		0x24eea

Privileges:		SeSecurityPrivilege
			SeBackupPrivilege
			SeRestorePrivilege
			SeTakeOwnershipPrivilege
			SeDebugPrivilege
			SeSystemEnvironmentPrivilege
			SeLoadDriverPrivilege
			SeImpersonatePrivilege"
Audit Success,11/24/2019 10:08:47 AM,Microsoft-Windows-Security-Auditing,4776,Credential Validation,"The computer attempted to validate the credentials for an account.

Authentication Package:	MICROSOFT_AUTHENTICATION_PACKAGE_V1_0
Logon Account:	vagrant
Source Workstation:	VAGRANT-2008R2
Error Code:	0x0"
Audit Success,11/24/2019 10:08:42 AM,Microsoft-Windows-Security-Auditing,4672,Special Logon,"Special privileges assigned to new logon.

Subject:
	Security ID:		VAGRANT-2008R2\vagrant
	Account Name:		vagrant
	Account Domain:		VAGRANT-2008R2
	Logon ID:		0x1dc4c

Privileges:		SeSecurityPrivilege
			SeTakeOwnershipPrivilege
			SeLoadDriverPrivilege
			SeBackupPrivilege
			SeRestorePrivilege
			SeDebugPrivilege
			SeSystemEnvironmentPrivilege
			SeImpersonatePrivilege"
Audit Success,11/24/2019 10:08:42 AM,Microsoft-Windows-Security-Auditing,4624,Logon,"An account was successfully logged on.

Subject:
	Security ID:		SYSTEM
	Account Name:		VAGRANT-2008R2$
	Account Domain:		WORKGROUP
	Logon ID:		0x3e7

Logon Type:			2

New Logon:
	Security ID:		VAGRANT-2008R2\vagrant
	Account Name:		vagrant
	Account Domain:		VAGRANT-2008R2
	Logon ID:		0x1dc4c
	Logon GUID:		{00000000-0000-0000-0000-000000000000}

Process Information:
	Process ID:		0x190
	Process Name:		C:\Windows\System32\winlogon.exe

Network Information:
	Workstation Name:	VAGRANT-2008R2
	Source Network Address:	127.0.0.1
	Source Port:		0

Detailed Authentication Information:
	Logon Process:		User32 
	Authentication Package:	Negotiate
	Transited Services:	-
	Package Name (NTLM only):	-
	Key Length:		0

This event is generated when a logon session is created. It is generated on the computer that was accessed.

The subject fields indicate the account on the local system which requested the logon. This is most commonly a service such as the Server service, or a local process such as Winlogon.exe or Services.exe.

The logon type field indicates the kind of logon that occurred. The most common types are 2 (interactive) and 3 (network).

The New Logon fields indicate the account for whom the new logon was created, i.e. the account that was logged on.

The network fields indicate where a remote logon request originated. Workstation name is not always available and may be left blank in some cases.

The authentication information fields provide detailed information about this specific logon request.
	- Logon GUID is a unique identifier that can be used to correlate this event with a KDC event.
	- Transited services indicate which intermediate services have participated in this logon request.
	- Package name indicates which sub-protocol was used among the NTLM protocols.
	- Key length indicates the length of the generated session key. This will be 0 if no session key was requested."
Audit Success,11/24/2019 10:08:42 AM,Microsoft-Windows-Security-Auditing,4648,Logon,"A logon was attempted using explicit credentials.

Subject:
	Security ID:		SYSTEM
	Account Name:		VAGRANT-2008R2$
	Account Domain:		WORKGROUP
	Logon ID:		0x3e7
	Logon GUID:		{00000000-0000-0000-0000-000000000000}

Account Whose Credentials Were Used:
	Account Name:		vagrant
	Account Domain:		VAGRANT-2008R2
	Logon GUID:		{00000000-0000-0000-0000-000000000000}

Target Server:
	Target Server Name:	localhost
	Additional Information:	localhost

Process Information:
	Process ID:		0x190
	Process Name:		C:\Windows\System32\winlogon.exe

Network Information:
	Network Address:	127.0.0.1
	Port:			0

This event is generated when a process attempts to log on an account by explicitly specifying that account’s credentials.  This most commonly occurs in batch-type configurations such as scheduled tasks, or when using the RUNAS command."
Audit Success,11/24/2019 10:08:42 AM,Microsoft-Windows-Security-Auditing,4776,Credential Validation,"The computer attempted to validate the credentials for an account.

Authentication Package:	MICROSOFT_AUTHENTICATION_PACKAGE_V1_0
Logon Account:	vagrant
Source Workstation:	VAGRANT-2008R2
Error Code:	0x0"
Audit Success,11/24/2019 10:08:40 AM,Microsoft-Windows-Security-Auditing,4738,User Account Management,"A user account was changed.

Subject:
	Security ID:		SYSTEM
	Account Name:		VAGRANT-2008R2$
	Account Domain:		WORKGROUP
	Logon ID:		0x3e7

Target Account:
	Security ID:		VAGRANT-2008R2\Guest
	Account Name:		Guest
	Account Domain:		VAGRANT-2008R2

Changed Attributes:
	SAM Account Name:	Guest
	Display Name:		<value not set>
	User Principal Name:	-
	Home Directory:		<value not set>
	Home Drive:		<value not set>
	Script Path:		<value not set>
	Profile Path:		<value not set>
	User Workstations:	<value not set>
	Password Last Set:	<never>
	Account Expires:		<never>
	Primary Group ID:	513
	AllowedToDelegateTo:	-
	Old UAC Value:		0x215
	New UAC Value:		0x215
	User Account Control:	-
	User Parameters:	<value not set>
	SID History:		-
	Logon Hours:		All

Additional Information:
	Privileges:		-"
Audit Success,11/24/2019 10:08:40 AM,Microsoft-Windows-Security-Auditing,4738,User Account Management,"A user account was changed.

Subject:
	Security ID:		SYSTEM
	Account Name:		VAGRANT-2008R2$
	Account Domain:		WORKGROUP
	Logon ID:		0x3e7

Target Account:
	Security ID:		VAGRANT-2008R2\Guest
	Account Name:		Guest
	Account Domain:		VAGRANT-2008R2

Changed Attributes:
	SAM Account Name:	Guest
	Display Name:		<value not set>
	User Principal Name:	-
	Home Directory:		<value not set>
	Home Drive:		<value not set>
	Script Path:		<value not set>
	Profile Path:		<value not set>
	User Workstations:	<value not set>
	Password Last Set:	<never>
	Account Expires:		<never>
	Primary Group ID:	513
	AllowedToDelegateTo:	-
	Old UAC Value:		0x215
	New UAC Value:		0x215
	User Account Control:	-
	User Parameters:	<value not set>
	SID History:		-
	Logon Hours:		All

Additional Information:
	Privileges:		-"
Audit Success,11/24/2019 10:08:40 AM,Microsoft-Windows-Security-Auditing,4738,User Account Management,"A user account was changed.

Subject:
	Security ID:		SYSTEM
	Account Name:		VAGRANT-2008R2$
	Account Domain:		WORKGROUP
	Logon ID:		0x3e7

Target Account:
	Security ID:		VAGRANT-2008R2\Administrator
	Account Name:		Administrator
	Account Domain:		VAGRANT-2008R2

Changed Attributes:
	SAM Account Name:	Administrator
	Display Name:		<value not set>
	User Principal Name:	-
	Home Directory:		<value not set>
	Home Drive:		<value not set>
	Script Path:		<value not set>
	Profile Path:		<value not set>
	User Workstations:	<value not set>
	Password Last Set:	11/24/2019 2:08:32 AM
	Account Expires:		<never>
	Primary Group ID:	513
	AllowedToDelegateTo:	-
	Old UAC Value:		0x10
	New UAC Value:		0x10
	User Account Control:	-
	User Parameters:	<value not set>
	SID History:		-
	Logon Hours:		All

Additional Information:
	Privileges:		-"
Audit Success,11/24/2019 10:08:40 AM,Microsoft-Windows-Security-Auditing,4738,User Account Management,"A user account was changed.

Subject:
	Security ID:		SYSTEM
	Account Name:		VAGRANT-2008R2$
	Account Domain:		WORKGROUP
	Logon ID:		0x3e7

Target Account:
	Security ID:		VAGRANT-2008R2\Administrator
	Account Name:		Administrator
	Account Domain:		VAGRANT-2008R2

Changed Attributes:
	SAM Account Name:	Administrator
	Display Name:		<value not set>
	User Principal Name:	-
	Home Directory:		<value not set>
	Home Drive:		<value not set>
	Script Path:		<value not set>
	Profile Path:		<value not set>
	User Workstations:	<value not set>
	Password Last Set:	11/24/2019 2:08:32 AM
	Account Expires:		<never>
	Primary Group ID:	513
	AllowedToDelegateTo:	-
	Old UAC Value:		0x10
	New UAC Value:		0x10
	User Account Control:	-
	User Parameters:	<value not set>
	SID History:		-
	Logon Hours:		All

Additional Information:
	Privileges:		-"
Audit Success,11/24/2019 10:08:40 AM,Microsoft-Windows-Security-Auditing,4735,Security Group Management,"A security-enabled local group was changed.

Subject:
	Security ID:		SYSTEM
	Account Name:		VAGRANT-2008R2$
	Account Domain:		WORKGROUP
	Logon ID:		0x3e7

Group:
	Security ID:		BUILTIN\Certificate Service DCOM Access
	Group Name:		Certificate Service DCOM Access
	Group Domain:		Builtin

Changed Attributes:
	SAM Account Name:	Certificate Service DCOM Access
	SID History:		-

Additional Information:
	Privileges:		-"
Audit Success,11/24/2019 10:08:40 AM,Microsoft-Windows-Security-Auditing,4781,User Account Management,"The name of an account was changed:

Subject:
	Security ID:		SYSTEM
	Account Name:		VAGRANT-2008R2$
	Account Domain:		WORKGROUP
	Logon ID:		0x3e7

Target Account:
	Security ID:		BUILTIN\Certificate Service DCOM Access
	Account Domain:		Builtin
	Old Account Name:	Certificate Service DCOM Access
	New Account Name:	Certificate Service DCOM Access

Additional Information:
	Privileges:		-"
Audit Success,11/24/2019 10:08:40 AM,Microsoft-Windows-Security-Auditing,4735,Security Group Management,"A security-enabled local group was changed.

Subject:
	Security ID:		SYSTEM
	Account Name:		VAGRANT-2008R2$
	Account Domain:		WORKGROUP
	Logon ID:		0x3e7

Group:
	Security ID:		BUILTIN\Certificate Service DCOM Access
	Group Name:		Certificate Service DCOM Access
	Group Domain:		Builtin

Changed Attributes:
	SAM Account Name:	-
	SID History:		-

Additional Information:
	Privileges:		-"
Audit Success,11/24/2019 10:08:40 AM,Microsoft-Windows-Security-Auditing,4735,Security Group Management,"A security-enabled local group was changed.

Subject:
	Security ID:		SYSTEM
	Account Name:		VAGRANT-2008R2$
	Account Domain:		WORKGROUP
	Logon ID:		0x3e7

Group:
	Security ID:		BUILTIN\Event Log Readers
	Group Name:		Event Log Readers
	Group Domain:		Builtin

Changed Attributes:
	SAM Account Name:	Event Log Readers
	SID History:		-

Additional Information:
	Privileges:		-"
Audit Success,11/24/2019 10:08:40 AM,Microsoft-Windows-Security-Auditing,4781,User Account Management,"The name of an account was changed:

Subject:
	Security ID:		SYSTEM
	Account Name:		VAGRANT-2008R2$
	Account Domain:		WORKGROUP
	Logon ID:		0x3e7

Target Account:
	Security ID:		BUILTIN\Event Log Readers
	Account Domain:		Builtin
	Old Account Name:	Event Log Readers
	New Account Name:	Event Log Readers

Additional Information:
	Privileges:		-"
Audit Success,11/24/2019 10:08:40 AM,Microsoft-Windows-Security-Auditing,4735,Security Group Management,"A security-enabled local group was changed.

Subject:
	Security ID:		SYSTEM
	Account Name:		VAGRANT-2008R2$
	Account Domain:		WORKGROUP
	Logon ID:		0x3e7

Group:
	Security ID:		BUILTIN\Event Log Readers
	Group Name:		Event Log Readers
	Group Domain:		Builtin

Changed Attributes:
	SAM Account Name:	-
	SID History:		-

Additional Information:
	Privileges:		-"
Audit Success,11/24/2019 10:08:40 AM,Microsoft-Windows-Security-Auditing,4735,Security Group Management,"A security-enabled local group was changed.

Subject:
	Security ID:		SYSTEM
	Account Name:		VAGRANT-2008R2$
	Account Domain:		WORKGROUP
	Logon ID:		0x3e7

Group:
	Security ID:		BUILTIN\Cryptographic Operators
	Group Name:		Cryptographic Operators
	Group Domain:		Builtin

Changed Attributes:
	SAM Account Name:	Cryptographic Operators
	SID History:		-

Additional Information:
	Privileges:		-"
Audit Success,11/24/2019 10:08:40 AM,Microsoft-Windows-Security-Auditing,4781,User Account Management,"The name of an account was changed:

Subject:
	Security ID:		SYSTEM
	Account Name:		VAGRANT-2008R2$
	Account Domain:		WORKGROUP
	Logon ID:		0x3e7

Target Account:
	Security ID:		BUILTIN\Cryptographic Operators
	Account Domain:		Builtin
	Old Account Name:	Cryptographic Operators
	New Account Name:	Cryptographic Operators

Additional Information:
	Privileges:		-"
Audit Success,11/24/2019 10:08:40 AM,Microsoft-Windows-Security-Auditing,4735,Security Group Management,"A security-enabled local group was changed.

Subject:
	Security ID:		SYSTEM
	Account Name:		VAGRANT-2008R2$
	Account Domain:		WORKGROUP
	Logon ID:		0x3e7

Group:
	Security ID:		BUILTIN\Cryptographic Operators
	Group Name:		Cryptographic Operators
	Group Domain:		Builtin

Changed Attributes:
	SAM Account Name:	-
	SID History:		-

Additional Information:
	Privileges:		-"
Audit Success,11/24/2019 10:08:40 AM,Microsoft-Windows-Security-Auditing,4735,Security Group Management,"A security-enabled local group was changed.

Subject:
	Security ID:		SYSTEM
	Account Name:		VAGRANT-2008R2$
	Account Domain:		WORKGROUP
	Logon ID:		0x3e7

Group:
	Security ID:		BUILTIN\IIS_IUSRS
	Group Name:		IIS_IUSRS
	Group Domain:		Builtin

Changed Attributes:
	SAM Account Name:	IIS_IUSRS
	SID History:		-

Additional Information:
	Privileges:		-"
