Audit Success,11/24/2019 10:13:18 AM,Microsoft-Windows-Security-Auditing,4907,Audit Policy Change,"Auditing settings on object were changed.

Subject:
	Security ID:		SYSTEM
	Account Name:		VAGRANT-2008R2$
	Account Domain:		WORKGROUP
	Logon ID:		0x3e7

Object:
	Object Server:	Security
	Object Type:	File
	Object Name:	C:\Windows\winsxs\Temp\PendingRenames\2a46b4caafa2d501970c0000fc03e40b.Microsoft.PackageManagement.MetaProvider.PowerShell.resources.dll
	Handle ID:	0x16c0

Process Information:
	Process ID:	0x3fc
	Process Name:	C:\Windows\servicing\TrustedInstaller.exe

Auditing Settings:
	Original Security Descriptor:	
	New Security Descriptor:		S:ARAI"
Audit Success,11/24/2019 10:13:18 AM,Microsoft-Windows-Security-Auditing,4907,Audit Policy Change,"Auditing settings on object were changed.

Subject:
	Security ID:		SYSTEM
	Account Name:		VAGRANT-2008R2$
	Account Domain:		WORKGROUP
	Logon ID:		0x3e7

Object:
	Object Server:	Security
	Object Type:	File
	Object Name:	C:\Windows\winsxs\Temp\PendingRenames\2a46b4caafa2d501960c0000fc03e40b.Microsoft.PackageManagement.CoreProviders.resources.dll
	Handle ID:	0x1688

Process Information:
	Process ID:	0x3fc
	Process Name:	C:\Windows\servicing\TrustedInstaller.exe

Auditing Settings:
	Original Security Descriptor:	
	New Security Descriptor:		S:ARAI"
Audit Success,11/24/2019 10:13:18 AM,Microsoft-Windows-Security-Auditing,4907,Audit Policy Change,"Auditing settings on object were changed.

Subject:
	Security ID:		SYSTEM
	Account Name:		VAGRANT-2008R2$
	Account Domain:		WORKGROUP
	Logon ID:		0x3e7

Object:
	Object Server:	Security
	Object Type:	File
	Object Name:	C:\Windows\winsxs\Temp\PendingRenames\2a46b4caafa2d501950c0000fc03e40b.Microsoft.PowerShell.PackageManagement.resources.dll
	Handle ID:	0x1684

Process Information:
	Process ID:	0x3fc
	Process Name:	C:\Windows\servicing\TrustedInstaller.exe

Auditing Settings:
	Original Security Descriptor:	
	New Security Descriptor:		S:ARAI"
Audit Success,11/24/2019 10:13:18 AM,Microsoft-Windows-Security-Auditing,4907,Audit Policy Change,"Auditing settings on object were changed.

Subject:
	Security ID:		SYSTEM
	Account Name:		VAGRANT-2008R2$
	Account Domain:		WORKGROUP
	Logon ID:		0x3e7

Object:
	Object Server:	Security
	Object Type:	File
	Object Name:	C:\Windows\winsxs\Temp\PendingRenames\2a46b4caafa2d501940c0000fc03e40b.PackageManagement.psd1
	Handle ID:	0x168c

Process Information:
	Process ID:	0x3fc
	Process Name:	C:\Windows\servicing\TrustedInstaller.exe

Auditing Settings:
	Original Security Descriptor:	
	New Security Descriptor:		S:ARAI"
Audit Success,11/24/2019 10:13:18 AM,Microsoft-Windows-Security-Auditing,4907,Audit Policy Change,"Auditing settings on object were changed.

Subject:
	Security ID:		SYSTEM
	Account Name:		VAGRANT-2008R2$
	Account Domain:		WORKGROUP
	Logon ID:		0x3e7

Object:
	Object Server:	Security
	Object Type:	File
	Object Name:	C:\Windows\winsxs\Temp\PendingRenames\2a46b4caafa2d501930c0000fc03e40b.Microsoft.PackageManagement.CoreProviders.dll
	Handle ID:	0x7cc

Process Information:
	Process ID:	0x3fc
	Process Name:	C:\Windows\servicing\TrustedInstaller.exe

Auditing Settings:
	Original Security Descriptor:	
	New Security Descriptor:		S:ARAI"
Audit Success,11/24/2019 10:13:18 AM,Microsoft-Windows-Security-Auditing,4907,Audit Policy Change,"Auditing settings on object were changed.

Subject:
	Security ID:		SYSTEM
	Account Name:		VAGRANT-2008R2$
	Account Domain:		WORKGROUP
	Logon ID:		0x3e7

Object:
	Object Server:	Security
	Object Type:	File
	Object Name:	C:\Windows\winsxs\Temp\PendingRenames\2a46b4caafa2d501920c0000fc03e40b.Microsoft.PackageManagement.ArchiverProviders.dll
	Handle ID:	0x1674

Process Information:
	Process ID:	0x3fc
	Process Name:	C:\Windows\servicing\TrustedInstaller.exe

Auditing Settings:
	Original Security Descriptor:	
	New Security Descriptor:		S:ARAI"
Audit Success,11/24/2019 10:13:18 AM,Microsoft-Windows-Security-Auditing,4907,Audit Policy Change,"Auditing settings on object were changed.

Subject:
	Security ID:		SYSTEM
	Account Name:		VAGRANT-2008R2$
	Account Domain:		WORKGROUP
	Logon ID:		0x3e7

Object:
	Object Server:	Security
	Object Type:	File
	Object Name:	C:\Windows\winsxs\Temp\PendingRenames\2a46b4caafa2d501910c0000fc03e40b.Microsoft.PackageManagement.MsuProvider.dll
	Handle ID:	0x16c4

Process Information:
	Process ID:	0x3fc
	Process Name:	C:\Windows\servicing\TrustedInstaller.exe

Auditing Settings:
	Original Security Descriptor:	
	New Security Descriptor:		S:ARAI"
Audit Success,11/24/2019 10:13:18 AM,Microsoft-Windows-Security-Auditing,4907,Audit Policy Change,"Auditing settings on object were changed.

Subject:
	Security ID:		SYSTEM
	Account Name:		VAGRANT-2008R2$
	Account Domain:		WORKGROUP
	Logon ID:		0x3e7

Object:
	Object Server:	Security
	Object Type:	File
	Object Name:	C:\Windows\winsxs\Temp\PendingRenames\d0e3b1caafa2d501900c0000fc03e40b.PackageProviderFunctions.psm1
	Handle ID:	0x17b4

Process Information:
	Process ID:	0x3fc
	Process Name:	C:\Windows\servicing\TrustedInstaller.exe

Auditing Settings:
	Original Security Descriptor:	
	New Security Descriptor:		S:ARAI"
Audit Success,11/24/2019 10:13:18 AM,Microsoft-Windows-Security-Auditing,4907,Audit Policy Change,"Auditing settings on object were changed.

Subject:
	Security ID:		SYSTEM
	Account Name:		VAGRANT-2008R2$
	Account Domain:		WORKGROUP
	Logon ID:		0x3e7

Object:
	Object Server:	Security
	Object Type:	File
	Object Name:	C:\Windows\winsxs\Temp\PendingRenames\d0e3b1caafa2d5018f0c0000fc03e40b.PackageManagement.format.ps1xml
	Handle ID:	0x52c

Process Information:
	Process ID:	0x3fc
	Process Name:	C:\Windows\servicing\TrustedInstaller.exe

Auditing Settings:
	Original Security Descriptor:	
	New Security Descriptor:		S:ARAI"
Audit Success,11/24/2019 10:13:18 AM,Microsoft-Windows-Security-Auditing,4907,Audit Policy Change,"Auditing settings on object were changed.

Subject:
	Security ID:		SYSTEM
	Account Name:		VAGRANT-2008R2$
	Account Domain:		WORKGROUP
	Logon ID:		0x3e7

Object:
	Object Server:	Security
	Object Type:	File
	Object Name:	C:\Windows\winsxs\Temp\PendingRenames\d0e3b1caafa2d5018e0c0000fc03e40b.Microsoft.PackageManagement.MetaProvider.PowerShell.dll
	Handle ID:	0x17b8

Process Information:
	Process ID:	0x3fc
	Process Name:	C:\Windows\servicing\TrustedInstaller.exe

Auditing Settings:
	Original Security Descriptor:	
	New Security Descriptor:		S:ARAI"
Audit Success,11/24/2019 10:13:18 AM,Microsoft-Windows-Security-Auditing,4907,Audit Policy Change,"Auditing settings on object were changed.

Subject:
	Security ID:		SYSTEM
	Account Name:		VAGRANT-2008R2$
	Account Domain:		WORKGROUP
	Logon ID:		0x3e7

Object:
	Object Server:	Security
	Object Type:	File
	Object Name:	C:\Windows\winsxs\Temp\PendingRenames\d0e3b1caafa2d5018d0c0000fc03e40b.Microsoft.PackageManagement.MsiProvider.dll
	Handle ID:	0x167c

Process Information:
	Process ID:	0x3fc
	Process Name:	C:\Windows\servicing\TrustedInstaller.exe

Auditing Settings:
	Original Security Descriptor:	
	New Security Descriptor:		S:ARAI"
Audit Success,11/24/2019 10:13:18 AM,Microsoft-Windows-Security-Auditing,4907,Audit Policy Change,"Auditing settings on object were changed.

Subject:
	Security ID:		SYSTEM
	Account Name:		VAGRANT-2008R2$
	Account Domain:		WORKGROUP
	Logon ID:		0x3e7

Object:
	Object Server:	Security
	Object Type:	File
	Object Name:	C:\Windows\winsxs\Temp\PendingRenames\d0e3b1caafa2d5018c0c0000fc03e40b.Microsoft.PackageManagement.dll
	Handle ID:	0x178c

Process Information:
	Process ID:	0x3fc
	Process Name:	C:\Windows\servicing\TrustedInstaller.exe

Auditing Settings:
	Original Security Descriptor:	
	New Security Descriptor:		S:ARAI"
Audit Success,11/24/2019 10:13:18 AM,Microsoft-Windows-Security-Auditing,4907,Audit Policy Change,"Auditing settings on object were changed.

Subject:
	Security ID:		SYSTEM
	Account Name:		VAGRANT-2008R2$
	Account Domain:		WORKGROUP
	Logon ID:		0x3e7

Object:
	Object Server:	Security
	Object Type:	File
	Object Name:	C:\Windows\winsxs\Temp\PendingRenames\d0e3b1caafa2d5018b0c0000fc03e40b.Microsoft.PowerShell.PackageManagement.dll
	Handle ID:	0x16d8

Process Information:
	Process ID:	0x3fc
	Process Name:	C:\Windows\servicing\TrustedInstaller.exe

Auditing Settings:
	Original Security Descriptor:	
	New Security Descriptor:		S:ARAI"
Audit Success,11/24/2019 10:13:18 AM,Microsoft-Windows-Security-Auditing,4907,Audit Policy Change,"Auditing settings on object were changed.

Subject:
	Security ID:		SYSTEM
	Account Name:		VAGRANT-2008R2$
	Account Domain:		WORKGROUP
	Logon ID:		0x3e7

Object:
	Object Server:	Security
	Object Type:	File
	Object Name:	C:\Windows\winsxs\Temp\PendingRenames\d0e3b1caafa2d5018a0c0000fc03e40b.PSGet.Resource.psd1
	Handle ID:	0x598

Process Information:
	Process ID:	0x3fc
	Process Name:	C:\Windows\servicing\TrustedInstaller.exe

Auditing Settings:
	Original Security Descriptor:	
	New Security Descriptor:		S:ARAI"
Audit Success,11/24/2019 10:13:18 AM,Microsoft-Windows-Security-Auditing,4907,Audit Policy Change,"Auditing settings on object were changed.

Subject:
	Security ID:		SYSTEM
	Account Name:		VAGRANT-2008R2$
	Account Domain:		WORKGROUP
	Logon ID:		0x3e7

Object:
	Object Server:	Security
	Object Type:	File
	Object Name:	C:\Windows\winsxs\Temp\PendingRenames\d0e3b1caafa2d501890c0000fc03e40b.PSGet.Resource.psd1
	Handle ID:	0x1518

Process Information:
	Process ID:	0x3fc
	Process Name:	C:\Windows\servicing\TrustedInstaller.exe

Auditing Settings:
	Original Security Descriptor:	
	New Security Descriptor:		S:ARAI"
Audit Success,11/24/2019 10:13:18 AM,Microsoft-Windows-Security-Auditing,4907,Audit Policy Change,"Auditing settings on object were changed.

Subject:
	Security ID:		SYSTEM
	Account Name:		VAGRANT-2008R2$
	Account Domain:		WORKGROUP
	Logon ID:		0x3e7

Object:
	Object Server:	Security
	Object Type:	File
	Object Name:	C:\Windows\winsxs\Temp\PendingRenames\d0e3b1caafa2d501880c0000fc03e40b.PSGet.Format.ps1xml
	Handle ID:	0xa74

Process Information:
	Process ID:	0x3fc
	Process Name:	C:\Windows\servicing\TrustedInstaller.exe

Auditing Settings:
	Original Security Descriptor:	
	New Security Descriptor:		S:ARAI"
Audit Success,11/24/2019 10:13:18 AM,Microsoft-Windows-Security-Auditing,4907,Audit Policy Change,"Auditing settings on object were changed.

Subject:
	Security ID:		SYSTEM
	Account Name:		VAGRANT-2008R2$
	Account Domain:		WORKGROUP
	Logon ID:		0x3e7

Object:
	Object Server:	Security
	Object Type:	File
	Object Name:	C:\Windows\winsxs\Temp\PendingRenames\d0e3b1caafa2d501870c0000fc03e40b.PSModule.psm1
	Handle ID:	0xff8

Process Information:
	Process ID:	0x3fc
	Process Name:	C:\Windows\servicing\TrustedInstaller.exe

Auditing Settings:
	Original Security Descriptor:	
	New Security Descriptor:		S:ARAI"
Audit Success,11/24/2019 10:13:18 AM,Microsoft-Windows-Security-Auditing,4907,Audit Policy Change,"Auditing settings on object were changed.

Subject:
	Security ID:		SYSTEM
	Account Name:		VAGRANT-2008R2$
	Account Domain:		WORKGROUP
	Logon ID:		0x3e7

Object:
	Object Server:	Security
	Object Type:	File
	Object Name:	C:\Windows\winsxs\Temp\PendingRenames\d0e3b1caafa2d501860c0000fc03e40b.PowerShellGet.psd1
	Handle ID:	0x1200

Process Information:
	Process ID:	0x3fc
	Process Name:	C:\Windows\servicing\TrustedInstaller.exe

Auditing Settings:
	Original Security Descriptor:	
	New Security Descriptor:		S:ARAI"
Audit Success,11/24/2019 10:13:18 AM,Microsoft-Windows-Security-Auditing,4907,Audit Policy Change,"Auditing settings on object were changed.

Subject:
	Security ID:		SYSTEM
	Account Name:		VAGRANT-2008R2$
	Account Domain:		WORKGROUP
	Logon ID:		0x3e7

Object:
	Object Server:	Security
	Object Type:	File
	Object Name:	C:\Windows\winsxs\Temp\PendingRenames\0ef8a5caafa2d501850c0000fc03e40b.profile.ps1
	Handle ID:	0x111c

Process Information:
	Process ID:	0x3fc
	Process Name:	C:\Windows\servicing\TrustedInstaller.exe

Auditing Settings:
	Original Security Descriptor:	
	New Security Descriptor:		S:ARAI"
Audit Success,11/24/2019 10:13:17 AM,Microsoft-Windows-Security-Auditing,4907,Audit Policy Change,"Auditing settings on object were changed.

Subject:
	Security ID:		SYSTEM
	Account Name:		VAGRANT-2008R2$
	Account Domain:		WORKGROUP
	Logon ID:		0x3e7

Object:
	Object Server:	Security
	Object Type:	File
	Object Name:	C:\Windows\winsxs\Temp\PendingRenames\b495a3caafa2d501840c0000fc03e40b.PSDiagnostics.psm1
	Handle ID:	0xdf4

Process Information:
	Process ID:	0x3fc
	Process Name:	C:\Windows\servicing\TrustedInstaller.exe

Auditing Settings:
	Original Security Descriptor:	
	New Security Descriptor:		S:ARAI"
Audit Success,11/24/2019 10:13:17 AM,Microsoft-Windows-Security-Auditing,4907,Audit Policy Change,"Auditing settings on object were changed.

Subject:
	Security ID:		SYSTEM
	Account Name:		VAGRANT-2008R2$
	Account Domain:		WORKGROUP
	Logon ID:		0x3e7

Object:
	Object Server:	Security
	Object Type:	File
	Object Name:	C:\Windows\winsxs\Temp\PendingRenames\b495a3caafa2d501830c0000fc03e40b.PSDiagnostics.psd1
	Handle ID:	0xdc0

Process Information:
	Process ID:	0x3fc
	Process Name:	C:\Windows\servicing\TrustedInstaller.exe

Auditing Settings:
	Original Security Descriptor:	
	New Security Descriptor:		S:ARAI"
Audit Success,11/24/2019 10:13:17 AM,Microsoft-Windows-Security-Auditing,4907,Audit Policy Change,"Auditing settings on object were changed.

Subject:
	Security ID:		SYSTEM
	Account Name:		VAGRANT-2008R2$
	Account Domain:		WORKGROUP
	Logon ID:		0x3e7

Object:
	Object Server:	Security
	Object Type:	File
	Object Name:	C:\Windows\winsxs\Temp\PendingRenames\5a33a1caafa2d501820c0000fc03e40b.Windows PowerShell.lnk
	Handle ID:	0x13b4

Process Information:
	Process ID:	0x3fc
	Process Name:	C:\Windows\servicing\TrustedInstaller.exe

Auditing Settings:
	Original Security Descriptor:	
	New Security Descriptor:		S:ARAI"
Audit Success,11/24/2019 10:13:17 AM,Microsoft-Windows-Security-Auditing,4907,Audit Policy Change,"Auditing settings on object were changed.

Subject:
	Security ID:		SYSTEM
	Account Name:		VAGRANT-2008R2$
	Account Domain:		WORKGROUP
	Logon ID:		0x3e7

Object:
	Object Server:	Security
	Object Type:	File
	Object Name:	C:\Windows\winsxs\Temp\PendingRenames\5a33a1caafa2d501810c0000fc03e40b.Windows PowerShell (x86).lnk
	Handle ID:	0x13a4

Process Information:
	Process ID:	0x3fc
	Process Name:	C:\Windows\servicing\TrustedInstaller.exe

Auditing Settings:
	Original Security Descriptor:	
	New Security Descriptor:		S:ARAI"
Audit Success,11/24/2019 10:13:16 AM,Microsoft-Windows-Security-Auditing,4907,Audit Policy Change,"Auditing settings on object were changed.

Subject:
	Security ID:		SYSTEM
	Account Name:		VAGRANT-2008R2$
	Account Domain:		WORKGROUP
	Logon ID:		0x3e7

Object:
	Object Server:	Security
	Object Type:	File
	Object Name:	C:\Windows\System32\WSManHTTPConfig.exe
	Handle ID:	0x170c

Process Information:
	Process ID:	0x3fc
	Process Name:	C:\Windows\servicing\TrustedInstaller.exe

Auditing Settings:
	Original Security Descriptor:	
	New Security Descriptor:		S:ARAI(AU;SAFA;DCLCRPCRSDWDWO;;;WD)"
Audit Success,11/24/2019 10:13:16 AM,Microsoft-Windows-Security-Auditing,4907,Audit Policy Change,"Auditing settings on object were changed.

Subject:
	Security ID:		SYSTEM
	Account Name:		VAGRANT-2008R2$
	Account Domain:		WORKGROUP
	Logon ID:		0x3e7

Object:
	Object Server:	Security
	Object Type:	File
	Object Name:	C:\Windows\System32\DscCoreConfProv.dll
	Handle ID:	0x68c

Process Information:
	Process ID:	0x3fc
	Process Name:	C:\Windows\servicing\TrustedInstaller.exe

Auditing Settings:
	Original Security Descriptor:	
	New Security Descriptor:		S:ARAI(AU;SAFA;DCLCRPCRSDWDWO;;;WD)"
Audit Success,11/24/2019 10:13:16 AM,Microsoft-Windows-Security-Auditing,4907,Audit Policy Change,"Auditing settings on object were changed.

Subject:
	Security ID:		SYSTEM
	Account Name:		VAGRANT-2008R2$
	Account Domain:		WORKGROUP
	Logon ID:		0x3e7

Object:
	Object Server:	Security
	Object Type:	File
	Object Name:	C:\Windows\System32\Wsmselrr.dll
	Handle ID:	0x538

Process Information:
	Process ID:	0x3fc
	Process Name:	C:\Windows\servicing\TrustedInstaller.exe

Auditing Settings:
	Original Security Descriptor:	
	New Security Descriptor:		S:ARAI(AU;SAFA;DCLCRPCRSDWDWO;;;WD)"
Audit Success,11/24/2019 10:13:16 AM,Microsoft-Windows-Security-Auditing,4907,Audit Policy Change,"Auditing settings on object were changed.

Subject:
	Security ID:		SYSTEM
	Account Name:		VAGRANT-2008R2$
	Account Domain:		WORKGROUP
	Logon ID:		0x3e7

Object:
	Object Server:	Security
	Object Type:	File
	Object Name:	C:\ProgramData\Microsoft\Windows\Start Menu\Programs\Accessories\Windows PowerShell\Windows PowerShell.lnk
	Handle ID:	0x16ac

Process Information:
	Process ID:	0x3fc
	Process Name:	C:\Windows\servicing\TrustedInstaller.exe

Auditing Settings:
	Original Security Descriptor:	S:AI
	New Security Descriptor:		"
Audit Success,11/24/2019 10:13:16 AM,Microsoft-Windows-Security-Auditing,4907,Audit Policy Change,"Auditing settings on object were changed.

Subject:
	Security ID:		SYSTEM
	Account Name:		VAGRANT-2008R2$
	Account Domain:		WORKGROUP
	Logon ID:		0x3e7

Object:
	Object Server:	Security
	Object Type:	File
	Object Name:	C:\ProgramData\Microsoft\Windows\Start Menu\Programs\Accessories\Windows PowerShell\Windows PowerShell (x86).lnk
	Handle ID:	0x16ac

Process Information:
	Process ID:	0x3fc
	Process Name:	C:\Windows\servicing\TrustedInstaller.exe

Auditing Settings:
	Original Security Descriptor:	S:AI
	New Security Descriptor:		"
Audit Success,11/24/2019 10:13:15 AM,Microsoft-Windows-Security-Auditing,4907,Audit Policy Change,"Auditing settings on object were changed.

Subject:
	Security ID:		SYSTEM
	Account Name:		VAGRANT-2008R2$
	Account Domain:		WORKGROUP
	Logon ID:		0x3e7

Object:
	Object Server:	Security
	Object Type:	File
	Object Name:	C:\Windows\winsxs\Temp\PendingRenames\f8f43dc9afa2d501350b0000fc03e40b.Microsoft.PackageManagement.MsiProvider.resources.dll
	Handle ID:	0x1654

Process Information:
	Process ID:	0x3fc
	Process Name:	C:\Windows\servicing\TrustedInstaller.exe

Auditing Settings:
	Original Security Descriptor:	
	New Security Descriptor:		S:ARAI"
Audit Success,11/24/2019 10:13:15 AM,Microsoft-Windows-Security-Auditing,4907,Audit Policy Change,"Auditing settings on object were changed.

Subject:
	Security ID:		SYSTEM
	Account Name:		VAGRANT-2008R2$
	Account Domain:		WORKGROUP
	Logon ID:		0x3e7

Object:
	Object Server:	Security
	Object Type:	File
	Object Name:	C:\Windows\winsxs\Temp\PendingRenames\f8f43dc9afa2d501340b0000fc03e40b.Microsoft.PackageManagement.MsuProvider.resources.dll
	Handle ID:	0x164c

Process Information:
	Process ID:	0x3fc
	Process Name:	C:\Windows\servicing\TrustedInstaller.exe

Auditing Settings:
	Original Security Descriptor:	
	New Security Descriptor:		S:ARAI"
Audit Success,11/24/2019 10:13:15 AM,Microsoft-Windows-Security-Auditing,4907,Audit Policy Change,"Auditing settings on object were changed.

Subject:
	Security ID:		SYSTEM
	Account Name:		VAGRANT-2008R2$
	Account Domain:		WORKGROUP
	Logon ID:		0x3e7

Object:
	Object Server:	Security
	Object Type:	File
	Object Name:	C:\Windows\winsxs\Temp\PendingRenames\f8f43dc9afa2d501330b0000fc03e40b.Microsoft.PackageManagement.resources.dll
	Handle ID:	0x1644

Process Information:
	Process ID:	0x3fc
	Process Name:	C:\Windows\servicing\TrustedInstaller.exe

Auditing Settings:
	Original Security Descriptor:	
	New Security Descriptor:		S:ARAI"
Audit Success,11/24/2019 10:13:15 AM,Microsoft-Windows-Security-Auditing,4907,Audit Policy Change,"Auditing settings on object were changed.

Subject:
	Security ID:		SYSTEM
	Account Name:		VAGRANT-2008R2$
	Account Domain:		WORKGROUP
	Logon ID:		0x3e7

Object:
	Object Server:	Security
	Object Type:	File
	Object Name:	C:\Windows\winsxs\Temp\PendingRenames\f8f43dc9afa2d501320b0000fc03e40b.Microsoft.PackageManagement.ArchiverProviders.resources.dll
	Handle ID:	0x163c

Process Information:
	Process ID:	0x3fc
	Process Name:	C:\Windows\servicing\TrustedInstaller.exe

Auditing Settings:
	Original Security Descriptor:	
	New Security Descriptor:		S:ARAI"
Audit Success,11/24/2019 10:13:15 AM,Microsoft-Windows-Security-Auditing,4907,Audit Policy Change,"Auditing settings on object were changed.

Subject:
	Security ID:		SYSTEM
	Account Name:		VAGRANT-2008R2$
	Account Domain:		WORKGROUP
	Logon ID:		0x3e7

Object:
	Object Server:	Security
	Object Type:	File
	Object Name:	C:\Windows\winsxs\Temp\PendingRenames\f8f43dc9afa2d501310b0000fc03e40b.Microsoft.PackageManagement.MetaProvider.PowerShell.resources.dll
	Handle ID:	0x1634

Process Information:
	Process ID:	0x3fc
	Process Name:	C:\Windows\servicing\TrustedInstaller.exe

Auditing Settings:
	Original Security Descriptor:	
	New Security Descriptor:		S:ARAI"
Audit Success,11/24/2019 10:13:15 AM,Microsoft-Windows-Security-Auditing,4907,Audit Policy Change,"Auditing settings on object were changed.

Subject:
	Security ID:		SYSTEM
	Account Name:		VAGRANT-2008R2$
	Account Domain:		WORKGROUP
	Logon ID:		0x3e7

Object:
	Object Server:	Security
	Object Type:	File
	Object Name:	C:\Windows\winsxs\Temp\PendingRenames\f8f43dc9afa2d501300b0000fc03e40b.Microsoft.PowerShell.PackageManagement.resources.dll
	Handle ID:	0x162c

Process Information:
	Process ID:	0x3fc
	Process Name:	C:\Windows\servicing\TrustedInstaller.exe

Auditing Settings:
	Original Security Descriptor:	
	New Security Descriptor:		S:ARAI"
Audit Success,11/24/2019 10:13:15 AM,Microsoft-Windows-Security-Auditing,4907,Audit Policy Change,"Auditing settings on object were changed.

Subject:
	Security ID:		SYSTEM
	Account Name:		VAGRANT-2008R2$
	Account Domain:		WORKGROUP
	Logon ID:		0x3e7

Object:
	Object Server:	Security
	Object Type:	File
	Object Name:	C:\Windows\winsxs\Temp\PendingRenames\f8f43dc9afa2d5012f0b0000fc03e40b.Microsoft.PackageManagement.CoreProviders.resources.dll
	Handle ID:	0x1624

Process Information:
	Process ID:	0x3fc
	Process Name:	C:\Windows\servicing\TrustedInstaller.exe

Auditing Settings:
	Original Security Descriptor:	
	New Security Descriptor:		S:ARAI"
Audit Success,11/24/2019 10:13:15 AM,Microsoft-Windows-Security-Auditing,4907,Audit Policy Change,"Auditing settings on object were changed.

Subject:
	Security ID:		SYSTEM
	Account Name:		VAGRANT-2008R2$
	Account Domain:		WORKGROUP
	Logon ID:		0x3e7

Object:
	Object Server:	Security
	Object Type:	File
	Object Name:	C:\Windows\winsxs\Temp\PendingRenames\f8f43dc9afa2d5012e0b0000fc03e40b.PackageManagement.psd1
	Handle ID:	0x161c

Process Information:
	Process ID:	0x3fc
	Process Name:	C:\Windows\servicing\TrustedInstaller.exe

Auditing Settings:
	Original Security Descriptor:	
	New Security Descriptor:		S:ARAI"
Audit Success,11/24/2019 10:13:15 AM,Microsoft-Windows-Security-Auditing,4907,Audit Policy Change,"Auditing settings on object were changed.

Subject:
	Security ID:		SYSTEM
	Account Name:		VAGRANT-2008R2$
	Account Domain:		WORKGROUP
	Logon ID:		0x3e7

Object:
	Object Server:	Security
	Object Type:	File
	Object Name:	C:\Windows\winsxs\Temp\PendingRenames\f8f43dc9afa2d5012d0b0000fc03e40b.Microsoft.PackageManagement.CoreProviders.dll
	Handle ID:	0x1618

Process Information:
	Process ID:	0x3fc
	Process Name:	C:\Windows\servicing\TrustedInstaller.exe

Auditing Settings:
	Original Security Descriptor:	
	New Security Descriptor:		S:ARAI"
Audit Success,11/24/2019 10:13:15 AM,Microsoft-Windows-Security-Auditing,4907,Audit Policy Change,"Auditing settings on object were changed.

Subject:
	Security ID:		SYSTEM
	Account Name:		VAGRANT-2008R2$
	Account Domain:		WORKGROUP
	Logon ID:		0x3e7

Object:
	Object Server:	Security
	Object Type:	File
	Object Name:	C:\Windows\winsxs\Temp\PendingRenames\f8f43dc9afa2d5012c0b0000fc03e40b.Microsoft.PackageManagement.ArchiverProviders.dll
	Handle ID:	0x1610

Process Information:
	Process ID:	0x3fc
	Process Name:	C:\Windows\servicing\TrustedInstaller.exe

Auditing Settings:
	Original Security Descriptor:	
	New Security Descriptor:		S:ARAI"
Audit Success,11/24/2019 10:13:15 AM,Microsoft-Windows-Security-Auditing,4907,Audit Policy Change,"Auditing settings on object were changed.

Subject:
	Security ID:		SYSTEM
	Account Name:		VAGRANT-2008R2$
	Account Domain:		WORKGROUP
	Logon ID:		0x3e7

Object:
	Object Server:	Security
	Object Type:	File
	Object Name:	C:\Windows\winsxs\Temp\PendingRenames\f8f43dc9afa2d5012b0b0000fc03e40b.Microsoft.PackageManagement.MsuProvider.dll
	Handle ID:	0x1608

Process Information:
	Process ID:	0x3fc
	Process Name:	C:\Windows\servicing\TrustedInstaller.exe

Auditing Settings:
	Original Security Descriptor:	
	New Security Descriptor:		S:ARAI"
Audit Success,11/24/2019 10:13:15 AM,Microsoft-Windows-Security-Auditing,4907,Audit Policy Change,"Auditing settings on object were changed.

Subject:
	Security ID:		SYSTEM
	Account Name:		VAGRANT-2008R2$
	Account Domain:		WORKGROUP
	Logon ID:		0x3e7

Object:
	Object Server:	Security
	Object Type:	File
	Object Name:	C:\Windows\winsxs\Temp\PendingRenames\f8f43dc9afa2d5012a0b0000fc03e40b.PackageProviderFunctions.psm1
	Handle ID:	0x1600

Process Information:
	Process ID:	0x3fc
	Process Name:	C:\Windows\servicing\TrustedInstaller.exe

Auditing Settings:
	Original Security Descriptor:	
	New Security Descriptor:		S:ARAI"
Audit Success,11/24/2019 10:13:15 AM,Microsoft-Windows-Security-Auditing,4907,Audit Policy Change,"Auditing settings on object were changed.

Subject:
	Security ID:		SYSTEM
	Account Name:		VAGRANT-2008R2$
	Account Domain:		WORKGROUP
	Logon ID:		0x3e7

Object:
	Object Server:	Security
	Object Type:	File
	Object Name:	C:\Windows\winsxs\Temp\PendingRenames\f8f43dc9afa2d501290b0000fc03e40b.PackageManagement.format.ps1xml
	Handle ID:	0x15fc

Process Information:
	Process ID:	0x3fc
	Process Name:	C:\Windows\servicing\TrustedInstaller.exe

Auditing Settings:
	Original Security Descriptor:	
	New Security Descriptor:		S:ARAI"
Audit Success,11/24/2019 10:13:15 AM,Microsoft-Windows-Security-Auditing,4907,Audit Policy Change,"Auditing settings on object were changed.

Subject:
	Security ID:		SYSTEM
	Account Name:		VAGRANT-2008R2$
	Account Domain:		WORKGROUP
	Logon ID:		0x3e7

Object:
	Object Server:	Security
	Object Type:	File
	Object Name:	C:\Windows\winsxs\Temp\PendingRenames\f8f43dc9afa2d501280b0000fc03e40b.Microsoft.PackageManagement.MetaProvider.PowerShell.dll
	Handle ID:	0x15f4

Process Information:
	Process ID:	0x3fc
	Process Name:	C:\Windows\servicing\TrustedInstaller.exe

Auditing Settings:
	Original Security Descriptor:	
	New Security Descriptor:		S:ARAI"
Audit Success,11/24/2019 10:13:15 AM,Microsoft-Windows-Security-Auditing,4907,Audit Policy Change,"Auditing settings on object were changed.

Subject:
	Security ID:		SYSTEM
	Account Name:		VAGRANT-2008R2$
	Account Domain:		WORKGROUP
	Logon ID:		0x3e7

Object:
	Object Server:	Security
	Object Type:	File
	Object Name:	C:\Windows\winsxs\Temp\PendingRenames\f8f43dc9afa2d501270b0000fc03e40b.Microsoft.PackageManagement.MsiProvider.dll
	Handle ID:	0x15ec

Process Information:
	Process ID:	0x3fc
	Process Name:	C:\Windows\servicing\TrustedInstaller.exe

Auditing Settings:
	Original Security Descriptor:	
	New Security Descriptor:		S:ARAI"
Audit Success,11/24/2019 10:13:15 AM,Microsoft-Windows-Security-Auditing,4907,Audit Policy Change,"Auditing settings on object were changed.

Subject:
	Security ID:		SYSTEM
	Account Name:		VAGRANT-2008R2$
	Account Domain:		WORKGROUP
	Logon ID:		0x3e7

Object:
	Object Server:	Security
	Object Type:	File
	Object Name:	C:\Windows\winsxs\Temp\PendingRenames\f8f43dc9afa2d501260b0000fc03e40b.Microsoft.PackageManagement.dll
	Handle ID:	0x15e4

Process Information:
	Process ID:	0x3fc
	Process Name:	C:\Windows\servicing\TrustedInstaller.exe

Auditing Settings:
	Original Security Descriptor:	
	New Security Descriptor:		S:ARAI"
Audit Success,11/24/2019 10:13:15 AM,Microsoft-Windows-Security-Auditing,4907,Audit Policy Change,"Auditing settings on object were changed.

Subject:
	Security ID:		SYSTEM
	Account Name:		VAGRANT-2008R2$
	Account Domain:		WORKGROUP
	Logon ID:		0x3e7

Object:
	Object Server:	Security
	Object Type:	File
	Object Name:	C:\Windows\winsxs\Temp\PendingRenames\f8f43dc9afa2d501250b0000fc03e40b.Microsoft.PowerShell.PackageManagement.dll
	Handle ID:	0x15dc

Process Information:
	Process ID:	0x3fc
	Process Name:	C:\Windows\servicing\TrustedInstaller.exe

Auditing Settings:
	Original Security Descriptor:	
	New Security Descriptor:		S:ARAI"
Audit Success,11/24/2019 10:13:15 AM,Microsoft-Windows-Security-Auditing,4907,Audit Policy Change,"Auditing settings on object were changed.

Subject:
	Security ID:		SYSTEM
	Account Name:		VAGRANT-2008R2$
	Account Domain:		WORKGROUP
	Logon ID:		0x3e7

Object:
	Object Server:	Security
	Object Type:	File
	Object Name:	C:\Windows\winsxs\Temp\PendingRenames\f8f43dc9afa2d501240b0000fc03e40b.PSGet.Resource.psd1
	Handle ID:	0x15d4

Process Information:
	Process ID:	0x3fc
	Process Name:	C:\Windows\servicing\TrustedInstaller.exe

Auditing Settings:
	Original Security Descriptor:	
	New Security Descriptor:		S:ARAI"
Audit Success,11/24/2019 10:13:15 AM,Microsoft-Windows-Security-Auditing,4907,Audit Policy Change,"Auditing settings on object were changed.

Subject:
	Security ID:		SYSTEM
	Account Name:		VAGRANT-2008R2$
	Account Domain:		WORKGROUP
	Logon ID:		0x3e7

Object:
	Object Server:	Security
	Object Type:	File
	Object Name:	C:\Windows\winsxs\Temp\PendingRenames\f8f43dc9afa2d501230b0000fc03e40b.PSGet.Resource.psd1
	Handle ID:	0x15cc

Process Information:
	Process ID:	0x3fc
	Process Name:	C:\Windows\servicing\TrustedInstaller.exe

Auditing Settings:
	Original Security Descriptor:	
	New Security Descriptor:		S:ARAI"
Audit Success,11/24/2019 10:13:15 AM,Microsoft-Windows-Security-Auditing,4907,Audit Policy Change,"Auditing settings on object were changed.

Subject:
	Security ID:		SYSTEM
	Account Name:		VAGRANT-2008R2$
	Account Domain:		WORKGROUP
	Logon ID:		0x3e7

Object:
	Object Server:	Security
	Object Type:	File
	Object Name:	C:\Windows\winsxs\Temp\PendingRenames\f8f43dc9afa2d501220b0000fc03e40b.PSGet.Format.ps1xml
	Handle ID:	0x15c8

Process Information:
	Process ID:	0x3fc
	Process Name:	C:\Windows\servicing\TrustedInstaller.exe

Auditing Settings:
	Original Security Descriptor:	
	New Security Descriptor:		S:ARAI"
Audit Success,11/24/2019 10:13:15 AM,Microsoft-Windows-Security-Auditing,4907,Audit Policy Change,"Auditing settings on object were changed.

Subject:
	Security ID:		SYSTEM
	Account Name:		VAGRANT-2008R2$
	Account Domain:		WORKGROUP
	Logon ID:		0x3e7

Object:
	Object Server:	Security
	Object Type:	File
	Object Name:	C:\Windows\winsxs\Temp\PendingRenames\f8f43dc9afa2d501210b0000fc03e40b.PSModule.psm1
	Handle ID:	0x15c4

Process Information:
	Process ID:	0x3fc
	Process Name:	C:\Windows\servicing\TrustedInstaller.exe

Auditing Settings:
	Original Security Descriptor:	
	New Security Descriptor:		S:ARAI"
Audit Success,11/24/2019 10:13:15 AM,Microsoft-Windows-Security-Auditing,4907,Audit Policy Change,"Auditing settings on object were changed.

Subject:
	Security ID:		SYSTEM
	Account Name:		VAGRANT-2008R2$
	Account Domain:		WORKGROUP
	Logon ID:		0x3e7

Object:
	Object Server:	Security
	Object Type:	File
	Object Name:	C:\Windows\winsxs\Temp\PendingRenames\f8f43dc9afa2d501200b0000fc03e40b.PowerShellGet.psd1
	Handle ID:	0x15c0

Process Information:
	Process ID:	0x3fc
	Process Name:	C:\Windows\servicing\TrustedInstaller.exe

Auditing Settings:
	Original Security Descriptor:	
	New Security Descriptor:		S:ARAI"
Audit Success,11/24/2019 10:13:15 AM,Microsoft-Windows-Security-Auditing,4907,Audit Policy Change,"Auditing settings on object were changed.

Subject:
	Security ID:		SYSTEM
	Account Name:		VAGRANT-2008R2$
	Account Domain:		WORKGROUP
	Logon ID:		0x3e7

Object:
	Object Server:	Security
	Object Type:	File
	Object Name:	C:\Windows\winsxs\Temp\PendingRenames\f8f43dc9afa2d5011f0b0000fc03e40b.Microsoft.PackageManagement.MsiProvider.resources.dll
	Handle ID:	0x15b4

Process Information:
	Process ID:	0x3fc
	Process Name:	C:\Windows\servicing\TrustedInstaller.exe

Auditing Settings:
	Original Security Descriptor:	
	New Security Descriptor:		S:ARAI"
Audit Success,11/24/2019 10:13:15 AM,Microsoft-Windows-Security-Auditing,4907,Audit Policy Change,"Auditing settings on object were changed.

Subject:
	Security ID:		SYSTEM
	Account Name:		VAGRANT-2008R2$
	Account Domain:		WORKGROUP
	Logon ID:		0x3e7

Object:
	Object Server:	Security
	Object Type:	File
	Object Name:	C:\Windows\winsxs\Temp\PendingRenames\f8f43dc9afa2d5011e0b0000fc03e40b.Microsoft.PackageManagement.resources.dll
	Handle ID:	0x15ac

Process Information:
	Process ID:	0x3fc
	Process Name:	C:\Windows\servicing\TrustedInstaller.exe

Auditing Settings:
	Original Security Descriptor:	
	New Security Descriptor:		S:ARAI"
Audit Success,11/24/2019 10:13:15 AM,Microsoft-Windows-Security-Auditing,4907,Audit Policy Change,"Auditing settings on object were changed.

Subject:
	Security ID:		SYSTEM
	Account Name:		VAGRANT-2008R2$
	Account Domain:		WORKGROUP
	Logon ID:		0x3e7

Object:
	Object Server:	Security
	Object Type:	File
	Object Name:	C:\Windows\winsxs\Temp\PendingRenames\f8f43dc9afa2d5011d0b0000fc03e40b.Microsoft.PackageManagement.MsuProvider.resources.dll
	Handle ID:	0x15a4

Process Information:
	Process ID:	0x3fc
	Process Name:	C:\Windows\servicing\TrustedInstaller.exe

Auditing Settings:
	Original Security Descriptor:	
	New Security Descriptor:		S:ARAI"
Audit Success,11/24/2019 10:13:15 AM,Microsoft-Windows-Security-Auditing,4907,Audit Policy Change,"Auditing settings on object were changed.

Subject:
	Security ID:		SYSTEM
	Account Name:		VAGRANT-2008R2$
	Account Domain:		WORKGROUP
	Logon ID:		0x3e7

Object:
	Object Server:	Security
	Object Type:	File
	Object Name:	C:\Windows\winsxs\Temp\PendingRenames\9e923bc9afa2d5011c0b0000fc03e40b.Microsoft.PackageManagement.ArchiverProviders.resources.dll
	Handle ID:	0x159c

Process Information:
	Process ID:	0x3fc
	Process Name:	C:\Windows\servicing\TrustedInstaller.exe

Auditing Settings:
	Original Security Descriptor:	
	New Security Descriptor:		S:ARAI"
Audit Success,11/24/2019 10:13:15 AM,Microsoft-Windows-Security-Auditing,4907,Audit Policy Change,"Auditing settings on object were changed.

Subject:
	Security ID:		SYSTEM
	Account Name:		VAGRANT-2008R2$
	Account Domain:		WORKGROUP
	Logon ID:		0x3e7

Object:
	Object Server:	Security
	Object Type:	File
	Object Name:	C:\Windows\winsxs\Temp\PendingRenames\9e923bc9afa2d5011b0b0000fc03e40b.Microsoft.PackageManagement.MetaProvider.PowerShell.resources.dll
	Handle ID:	0x1594

Process Information:
	Process ID:	0x3fc
	Process Name:	C:\Windows\servicing\TrustedInstaller.exe

Auditing Settings:
	Original Security Descriptor:	
	New Security Descriptor:		S:ARAI"
Audit Success,11/24/2019 10:13:15 AM,Microsoft-Windows-Security-Auditing,4907,Audit Policy Change,"Auditing settings on object were changed.

Subject:
	Security ID:		SYSTEM
	Account Name:		VAGRANT-2008R2$
	Account Domain:		WORKGROUP
	Logon ID:		0x3e7

Object:
	Object Server:	Security
	Object Type:	File
	Object Name:	C:\Windows\winsxs\Temp\PendingRenames\9e923bc9afa2d5011a0b0000fc03e40b.Microsoft.PackageManagement.CoreProviders.resources.dll
	Handle ID:	0x158c

Process Information:
	Process ID:	0x3fc
	Process Name:	C:\Windows\servicing\TrustedInstaller.exe

Auditing Settings:
	Original Security Descriptor:	
	New Security Descriptor:		S:ARAI"
Audit Success,11/24/2019 10:13:15 AM,Microsoft-Windows-Security-Auditing,4907,Audit Policy Change,"Auditing settings on object were changed.

Subject:
	Security ID:		SYSTEM
	Account Name:		VAGRANT-2008R2$
	Account Domain:		WORKGROUP
	Logon ID:		0x3e7

Object:
	Object Server:	Security
	Object Type:	File
	Object Name:	C:\Windows\winsxs\Temp\PendingRenames\9e923bc9afa2d501190b0000fc03e40b.Microsoft.PowerShell.PackageManagement.resources.dll
	Handle ID:	0x1584

Process Information:
	Process ID:	0x3fc
	Process Name:	C:\Windows\servicing\TrustedInstaller.exe

Auditing Settings:
	Original Security Descriptor:	
	New Security Descriptor:		S:ARAI"
Audit Success,11/24/2019 10:13:15 AM,Microsoft-Windows-Security-Auditing,4907,Audit Policy Change,"Auditing settings on object were changed.

Subject:
	Security ID:		SYSTEM
	Account Name:		VAGRANT-2008R2$
	Account Domain:		WORKGROUP
	Logon ID:		0x3e7

Object:
	Object Server:	Security
	Object Type:	File
	Object Name:	C:\Windows\winsxs\Temp\PendingRenames\9e923bc9afa2d501180b0000fc03e40b.PackageManagement.psd1
	Handle ID:	0x157c

Process Information:
	Process ID:	0x3fc
	Process Name:	C:\Windows\servicing\TrustedInstaller.exe

Auditing Settings:
	Original Security Descriptor:	
	New Security Descriptor:		S:ARAI"
Audit Success,11/24/2019 10:13:15 AM,Microsoft-Windows-Security-Auditing,4907,Audit Policy Change,"Auditing settings on object were changed.

Subject:
	Security ID:		SYSTEM
	Account Name:		VAGRANT-2008R2$
	Account Domain:		WORKGROUP
	Logon ID:		0x3e7

Object:
	Object Server:	Security
	Object Type:	File
	Object Name:	C:\Windows\winsxs\Temp\PendingRenames\9e923bc9afa2d501170b0000fc03e40b.Microsoft.PackageManagement.CoreProviders.dll
	Handle ID:	0x1578

Process Information:
	Process ID:	0x3fc
	Process Name:	C:\Windows\servicing\TrustedInstaller.exe

Auditing Settings:
	Original Security Descriptor:	
	New Security Descriptor:		S:ARAI"
Audit Success,11/24/2019 10:13:15 AM,Microsoft-Windows-Security-Auditing,4907,Audit Policy Change,"Auditing settings on object were changed.

Subject:
	Security ID:		SYSTEM
	Account Name:		VAGRANT-2008R2$
	Account Domain:		WORKGROUP
	Logon ID:		0x3e7

Object:
	Object Server:	Security
	Object Type:	File
	Object Name:	C:\Windows\winsxs\Temp\PendingRenames\9e923bc9afa2d501160b0000fc03e40b.Microsoft.PackageManagement.ArchiverProviders.dll
	Handle ID:	0x1570

Process Information:
	Process ID:	0x3fc
	Process Name:	C:\Windows\servicing\TrustedInstaller.exe

Auditing Settings:
	Original Security Descriptor:	
	New Security Descriptor:		S:ARAI"
Audit Success,11/24/2019 10:13:15 AM,Microsoft-Windows-Security-Auditing,4907,Audit Policy Change,"Auditing settings on object were changed.

Subject:
	Security ID:		SYSTEM
	Account Name:		VAGRANT-2008R2$
	Account Domain:		WORKGROUP
	Logon ID:		0x3e7

Object:
	Object Server:	Security
	Object Type:	File
	Object Name:	C:\Windows\winsxs\Temp\PendingRenames\9e923bc9afa2d501150b0000fc03e40b.Microsoft.PackageManagement.MsuProvider.dll
	Handle ID:	0x1568

Process Information:
	Process ID:	0x3fc
	Process Name:	C:\Windows\servicing\TrustedInstaller.exe

Auditing Settings:
	Original Security Descriptor:	
	New Security Descriptor:		S:ARAI"
Audit Success,11/24/2019 10:13:15 AM,Microsoft-Windows-Security-Auditing,4907,Audit Policy Change,"Auditing settings on object were changed.

Subject:
	Security ID:		SYSTEM
	Account Name:		VAGRANT-2008R2$
	Account Domain:		WORKGROUP
	Logon ID:		0x3e7

Object:
	Object Server:	Security
	Object Type:	File
	Object Name:	C:\Windows\winsxs\Temp\PendingRenames\9e923bc9afa2d501140b0000fc03e40b.PackageProviderFunctions.psm1
	Handle ID:	0x1560

Process Information:
	Process ID:	0x3fc
	Process Name:	C:\Windows\servicing\TrustedInstaller.exe

Auditing Settings:
	Original Security Descriptor:	
	New Security Descriptor:		S:ARAI"
Audit Success,11/24/2019 10:13:15 AM,Microsoft-Windows-Security-Auditing,4907,Audit Policy Change,"Auditing settings on object were changed.

Subject:
	Security ID:		SYSTEM
	Account Name:		VAGRANT-2008R2$
	Account Domain:		WORKGROUP
	Logon ID:		0x3e7

Object:
	Object Server:	Security
	Object Type:	File
	Object Name:	C:\Windows\winsxs\Temp\PendingRenames\9e923bc9afa2d501130b0000fc03e40b.PackageManagement.format.ps1xml
	Handle ID:	0x155c

Process Information:
	Process ID:	0x3fc
	Process Name:	C:\Windows\servicing\TrustedInstaller.exe

Auditing Settings:
	Original Security Descriptor:	
	New Security Descriptor:		S:ARAI"
Audit Success,11/24/2019 10:13:15 AM,Microsoft-Windows-Security-Auditing,4907,Audit Policy Change,"Auditing settings on object were changed.

Subject:
	Security ID:		SYSTEM
	Account Name:		VAGRANT-2008R2$
	Account Domain:		WORKGROUP
	Logon ID:		0x3e7

Object:
	Object Server:	Security
	Object Type:	File
	Object Name:	C:\Windows\winsxs\Temp\PendingRenames\9e923bc9afa2d501120b0000fc03e40b.Microsoft.PackageManagement.MetaProvider.PowerShell.dll
	Handle ID:	0x1554

Process Information:
	Process ID:	0x3fc
	Process Name:	C:\Windows\servicing\TrustedInstaller.exe

Auditing Settings:
	Original Security Descriptor:	
	New Security Descriptor:		S:ARAI"
Audit Success,11/24/2019 10:13:15 AM,Microsoft-Windows-Security-Auditing,4907,Audit Policy Change,"Auditing settings on object were changed.

Subject:
	Security ID:		SYSTEM
	Account Name:		VAGRANT-2008R2$
	Account Domain:		WORKGROUP
	Logon ID:		0x3e7

Object:
	Object Server:	Security
	Object Type:	File
	Object Name:	C:\Windows\winsxs\Temp\PendingRenames\9e923bc9afa2d501110b0000fc03e40b.Microsoft.PackageManagement.MsiProvider.dll
	Handle ID:	0x154c

Process Information:
	Process ID:	0x3fc
	Process Name:	C:\Windows\servicing\TrustedInstaller.exe

Auditing Settings:
	Original Security Descriptor:	
	New Security Descriptor:		S:ARAI"
Audit Success,11/24/2019 10:13:15 AM,Microsoft-Windows-Security-Auditing,4907,Audit Policy Change,"Auditing settings on object were changed.

Subject:
	Security ID:		SYSTEM
	Account Name:		VAGRANT-2008R2$
	Account Domain:		WORKGROUP
	Logon ID:		0x3e7

Object:
	Object Server:	Security
	Object Type:	File
	Object Name:	C:\Windows\winsxs\Temp\PendingRenames\9e923bc9afa2d501100b0000fc03e40b.Microsoft.PackageManagement.dll
	Handle ID:	0x1544

Process Information:
	Process ID:	0x3fc
	Process Name:	C:\Windows\servicing\TrustedInstaller.exe

Auditing Settings:
	Original Security Descriptor:	
	New Security Descriptor:		S:ARAI"
Audit Success,11/24/2019 10:13:15 AM,Microsoft-Windows-Security-Auditing,4907,Audit Policy Change,"Auditing settings on object were changed.

Subject:
	Security ID:		SYSTEM
	Account Name:		VAGRANT-2008R2$
	Account Domain:		WORKGROUP
	Logon ID:		0x3e7

Object:
	Object Server:	Security
	Object Type:	File
	Object Name:	C:\Windows\winsxs\Temp\PendingRenames\9e923bc9afa2d5010f0b0000fc03e40b.Microsoft.PowerShell.PackageManagement.dll
	Handle ID:	0x153c

Process Information:
	Process ID:	0x3fc
	Process Name:	C:\Windows\servicing\TrustedInstaller.exe

Auditing Settings:
	Original Security Descriptor:	
	New Security Descriptor:		S:ARAI"
Audit Success,11/24/2019 10:13:15 AM,Microsoft-Windows-Security-Auditing,4907,Audit Policy Change,"Auditing settings on object were changed.

Subject:
	Security ID:		SYSTEM
	Account Name:		VAGRANT-2008R2$
	Account Domain:		WORKGROUP
	Logon ID:		0x3e7

Object:
	Object Server:	Security
	Object Type:	File
	Object Name:	C:\Windows\winsxs\Temp\PendingRenames\9e923bc9afa2d5010e0b0000fc03e40b.PSGet.Resource.psd1
	Handle ID:	0x1534

Process Information:
	Process ID:	0x3fc
	Process Name:	C:\Windows\servicing\TrustedInstaller.exe

Auditing Settings:
	Original Security Descriptor:	
	New Security Descriptor:		S:ARAI"
Audit Success,11/24/2019 10:13:15 AM,Microsoft-Windows-Security-Auditing,4907,Audit Policy Change,"Auditing settings on object were changed.

Subject:
	Security ID:		SYSTEM
	Account Name:		VAGRANT-2008R2$
	Account Domain:		WORKGROUP
	Logon ID:		0x3e7

Object:
	Object Server:	Security
	Object Type:	File
	Object Name:	C:\Windows\winsxs\Temp\PendingRenames\9e923bc9afa2d5010d0b0000fc03e40b.PSGet.Resource.psd1
	Handle ID:	0x152c

Process Information:
	Process ID:	0x3fc
	Process Name:	C:\Windows\servicing\TrustedInstaller.exe

Auditing Settings:
	Original Security Descriptor:	
	New Security Descriptor:		S:ARAI"
Audit Success,11/24/2019 10:13:15 AM,Microsoft-Windows-Security-Auditing,4907,Audit Policy Change,"Auditing settings on object were changed.

Subject:
	Security ID:		SYSTEM
	Account Name:		VAGRANT-2008R2$
	Account Domain:		WORKGROUP
	Logon ID:		0x3e7

Object:
	Object Server:	Security
	Object Type:	File
	Object Name:	C:\Windows\winsxs\Temp\PendingRenames\9e923bc9afa2d5010c0b0000fc03e40b.PSGet.Format.ps1xml
	Handle ID:	0x1528

Process Information:
	Process ID:	0x3fc
	Process Name:	C:\Windows\servicing\TrustedInstaller.exe

Auditing Settings:
	Original Security Descriptor:	
	New Security Descriptor:		S:ARAI"
Audit Success,11/24/2019 10:13:15 AM,Microsoft-Windows-Security-Auditing,4907,Audit Policy Change,"Auditing settings on object were changed.

Subject:
	Security ID:		SYSTEM
	Account Name:		VAGRANT-2008R2$
	Account Domain:		WORKGROUP
	Logon ID:		0x3e7

Object:
	Object Server:	Security
	Object Type:	File
	Object Name:	C:\Windows\winsxs\Temp\PendingRenames\9e923bc9afa2d5010b0b0000fc03e40b.PSModule.psm1
	Handle ID:	0x1524

Process Information:
	Process ID:	0x3fc
	Process Name:	C:\Windows\servicing\TrustedInstaller.exe

Auditing Settings:
	Original Security Descriptor:	
	New Security Descriptor:		S:ARAI"
Audit Success,11/24/2019 10:13:15 AM,Microsoft-Windows-Security-Auditing,4907,Audit Policy Change,"Auditing settings on object were changed.

Subject:
	Security ID:		SYSTEM
	Account Name:		VAGRANT-2008R2$
	Account Domain:		WORKGROUP
	Logon ID:		0x3e7

Object:
	Object Server:	Security
	Object Type:	File
	Object Name:	C:\Windows\winsxs\Temp\PendingRenames\9e923bc9afa2d5010a0b0000fc03e40b.PowerShellGet.psd1
	Handle ID:	0x1520

Process Information:
	Process ID:	0x3fc
	Process Name:	C:\Windows\servicing\TrustedInstaller.exe

Auditing Settings:
	Original Security Descriptor:	
	New Security Descriptor:		S:ARAI"
Audit Success,11/24/2019 10:13:15 AM,Microsoft-Windows-Security-Auditing,4907,Audit Policy Change,"Auditing settings on object were changed.

Subject:
	Security ID:		SYSTEM
	Account Name:		VAGRANT-2008R2$
	Account Domain:		WORKGROUP
	Logon ID:		0x3e7

Object:
	Object Server:	Security
	Object Type:	File
	Object Name:	C:\Windows\winsxs\Temp\PendingRenames\eacd36c9afa2d501090b0000fc03e40b.profile.ps1
	Handle ID:	0xfbc

Process Information:
	Process ID:	0x3fc
	Process Name:	C:\Windows\servicing\TrustedInstaller.exe

Auditing Settings:
	Original Security Descriptor:	
	New Security Descriptor:		S:ARAI"
Audit Success,11/24/2019 10:13:15 AM,Microsoft-Windows-Security-Auditing,4907,Audit Policy Change,"Auditing settings on object were changed.

Subject:
	Security ID:		SYSTEM
	Account Name:		VAGRANT-2008R2$
	Account Domain:		WORKGROUP
	Logon ID:		0x3e7

Object:
	Object Server:	Security
	Object Type:	File
	Object Name:	C:\Windows\winsxs\Temp\PendingRenames\dca62fc9afa2d501080b0000fc03e40b.PSDiagnostics.psm1
	Handle ID:	0xd44

Process Information:
	Process ID:	0x3fc
	Process Name:	C:\Windows\servicing\TrustedInstaller.exe

Auditing Settings:
	Original Security Descriptor:	
	New Security Descriptor:		S:ARAI"
Audit Success,11/24/2019 10:13:15 AM,Microsoft-Windows-Security-Auditing,4907,Audit Policy Change,"Auditing settings on object were changed.

Subject:
	Security ID:		SYSTEM
	Account Name:		VAGRANT-2008R2$
	Account Domain:		WORKGROUP
	Logon ID:		0x3e7

Object:
	Object Server:	Security
	Object Type:	File
	Object Name:	C:\Windows\winsxs\Temp\PendingRenames\dca62fc9afa2d501070b0000fc03e40b.PSDiagnostics.psd1
	Handle ID:	0xd40

Process Information:
	Process ID:	0x3fc
	Process Name:	C:\Windows\servicing\TrustedInstaller.exe

Auditing Settings:
	Original Security Descriptor:	
	New Security Descriptor:		S:ARAI"
Audit Success,11/24/2019 10:13:15 AM,Microsoft-Windows-Security-Auditing,4907,Audit Policy Change,"Auditing settings on object were changed.

Subject:
	Security ID:		SYSTEM
	Account Name:		VAGRANT-2008R2$
	Account Domain:		WORKGROUP
	Logon ID:		0x3e7

Object:
	Object Server:	Security
	Object Type:	File
	Object Name:	C:\Windows\winsxs\Temp\PendingRenames\82442dc9afa2d501060b0000fc03e40b.Windows PowerShell.lnk
	Handle ID:	0xa74

Process Information:
	Process ID:	0x3fc
	Process Name:	C:\Windows\servicing\TrustedInstaller.exe

Auditing Settings:
	Original Security Descriptor:	
	New Security Descriptor:		S:ARAI"
Audit Success,11/24/2019 10:13:15 AM,Microsoft-Windows-Security-Auditing,4907,Audit Policy Change,"Auditing settings on object were changed.

Subject:
	Security ID:		SYSTEM
	Account Name:		VAGRANT-2008R2$
	Account Domain:		WORKGROUP
	Logon ID:		0x3e7

Object:
	Object Server:	Security
	Object Type:	File
	Object Name:	C:\Windows\winsxs\Temp\PendingRenames\82442dc9afa2d501050b0000fc03e40b.Windows PowerShell (x86).lnk
	Handle ID:	0x494

Process Information:
	Process ID:	0x3fc
	Process Name:	C:\Windows\servicing\TrustedInstaller.exe

Auditing Settings:
	Original Security Descriptor:	
	New Security Descriptor:		S:ARAI"
Audit Success,11/24/2019 10:11:51 AM,Microsoft-Windows-Security-Auditing,4616,Security State Change,"The system time was changed.

Subject:
	Security ID:		LOCAL SERVICE
	Account Name:		LOCAL SERVICE
	Account Domain:		NT AUTHORITY
	Logon ID:		0x3e5

Process Information:
	Process ID:	0x348
	Name:		C:\Windows\System32\svchost.exe

Previous Time:		‎2019‎-‎11‎-‎24T10:11:51.468750000Z
New Time:		‎2019‎-‎11‎-‎24T10:11:51.468000000Z

This event is generated when the system time is changed. It is normal for the Windows Time Service, which runs with System privilege, to change the system time on a regular basis. Other system time changes may be indicative of attempts to tamper with the computer."
Audit Success,11/24/2019 10:09:51 AM,Microsoft-Windows-Security-Auditing,4672,Special Logon,"Special privileges assigned to new logon.

Subject:
	Security ID:		SYSTEM
	Account Name:		SYSTEM
	Account Domain:		NT AUTHORITY
	Logon ID:		0x3e7

Privileges:		SeAssignPrimaryTokenPrivilege
			SeTcbPrivilege
			SeSecurityPrivilege
			SeTakeOwnershipPrivilege
			SeLoadDriverPrivilege
			SeBackupPrivilege
			SeRestorePrivilege
			SeDebugPrivilege
			SeAuditPrivilege
			SeSystemEnvironmentPrivilege
			SeImpersonatePrivilege"
