Audit Success,11/24/2019 10:13:21 AM,Microsoft-Windows-Security-Auditing,4624,Logon,"An account was successfully logged on.

Subject:
	Security ID:		SYSTEM
	Account Name:		VAGRANT-2008R2$
	Account Domain:		WORKGROUP
	Logon ID:		0x3e7

Logon Type:			5

New Logon:
	Security ID:		SYSTEM
	Account Name:		SYSTEM
	Account Domain:		NT AUTHORITY
	Logon ID:		0x3e7
	Logon GUID:		{00000000-0000-0000-0000-000000000000}

Process Information:
	Process ID:		0x1c0
	Process Name:		C:\Windows\System32\services.exe

Network Information:
	Workstation Name:	
	Source Network Address:	-
	Source Port:		-

Detailed Authentication Information:
	Logon Process:		Advapi  
	Authentication Package:	Negotiate
	Transited Services:	-
	Package Name (NTLM only):	-
	Key Length:		0

This event is generated when a logon session is created. It is generated on the computer that was accessed.

The subject fields indicate the account on the local system which requested the logon. This is most commonly a service such as the Server service, or a local process such as Winlogon.exe or Services.exe.

The logon type field indicates the kind of logon that occurred. The most common types are 2 (interactive) and 3 (network).

The New Logon fields indicate the account for whom the new logon was created, i.e. the account that was logged on.

The network fields indicate where a remote logon request originated. Workstation name is not always available and may be left blank in some cases.

The authentication information fields provide detailed information about this specific logon request.
	- Logon GUID is a unique identifier that can be used to correlate this event with a KDC event.
	- Transited services indicate which intermediate services have participated in this logon request.
	- Package name indicates which sub-protocol was used among the NTLM protocols.
	- Key length indicates the length of the generated session key. This will be 0 if no session key was requested."
Audit Success,11/24/2019 10:13:20 AM,Microsoft-Windows-Security-Auditing,4907,Audit Policy Change,"Auditing settings on object were changed.

Subject:
	Security ID:		SYSTEM
	Account Name:		VAGRANT-2008R2$
	Account Domain:		WORKGROUP
	Logon ID:		0x3e7

Object:
	Object Server:	Security
	Object Type:	File
	Object Name:	C:\Windows\winsxs\Temp\PendingRenames\860c40ccafa2d5012a0e0000fc03e40b.Microsoft.PackageManagement.MsiProvider.resources.dll
	Handle ID:	0x17c0

Process Information:
	Process ID:	0x3fc
	Process Name:	C:\Windows\servicing\TrustedInstaller.exe

Auditing Settings:
	Original Security Descriptor:	
	New Security Descriptor:		S:ARAI"
Audit Success,11/24/2019 10:13:20 AM,Microsoft-Windows-Security-Auditing,4907,Audit Policy Change,"Auditing settings on object were changed.

Subject:
	Security ID:		SYSTEM
	Account Name:		VAGRANT-2008R2$
	Account Domain:		WORKGROUP
	Logon ID:		0x3e7

Object:
	Object Server:	Security
	Object Type:	File
	Object Name:	C:\Windows\winsxs\Temp\PendingRenames\860c40ccafa2d501290e0000fc03e40b.Microsoft.PackageManagement.MsuProvider.resources.dll
	Handle ID:	0x18fc

Process Information:
	Process ID:	0x3fc
	Process Name:	C:\Windows\servicing\TrustedInstaller.exe

Auditing Settings:
	Original Security Descriptor:	
	New Security Descriptor:		S:ARAI"
Audit Success,11/24/2019 10:13:20 AM,Microsoft-Windows-Security-Auditing,4907,Audit Policy Change,"Auditing settings on object were changed.

Subject:
	Security ID:		SYSTEM
	Account Name:		VAGRANT-2008R2$
	Account Domain:		WORKGROUP
	Logon ID:		0x3e7

Object:
	Object Server:	Security
	Object Type:	File
	Object Name:	C:\Windows\winsxs\Temp\PendingRenames\860c40ccafa2d501280e0000fc03e40b.Microsoft.PackageManagement.resources.dll
	Handle ID:	0x18f4

Process Information:
	Process ID:	0x3fc
	Process Name:	C:\Windows\servicing\TrustedInstaller.exe

Auditing Settings:
	Original Security Descriptor:	
	New Security Descriptor:		S:ARAI"
Audit Success,11/24/2019 10:13:20 AM,Microsoft-Windows-Security-Auditing,4907,Audit Policy Change,"Auditing settings on object were changed.

Subject:
	Security ID:		SYSTEM
	Account Name:		VAGRANT-2008R2$
	Account Domain:		WORKGROUP
	Logon ID:		0x3e7

Object:
	Object Server:	Security
	Object Type:	File
	Object Name:	C:\Windows\winsxs\Temp\PendingRenames\860c40ccafa2d501270e0000fc03e40b.Microsoft.PackageManagement.ArchiverProviders.resources.dll
	Handle ID:	0x18e0

Process Information:
	Process ID:	0x3fc
	Process Name:	C:\Windows\servicing\TrustedInstaller.exe

Auditing Settings:
	Original Security Descriptor:	
	New Security Descriptor:		S:ARAI"
Audit Success,11/24/2019 10:13:20 AM,Microsoft-Windows-Security-Auditing,4907,Audit Policy Change,"Auditing settings on object were changed.

Subject:
	Security ID:		SYSTEM
	Account Name:		VAGRANT-2008R2$
	Account Domain:		WORKGROUP
	Logon ID:		0x3e7

Object:
	Object Server:	Security
	Object Type:	File
	Object Name:	C:\Windows\winsxs\Temp\PendingRenames\860c40ccafa2d501260e0000fc03e40b.Microsoft.PackageManagement.MetaProvider.PowerShell.resources.dll
	Handle ID:	0x18dc

Process Information:
	Process ID:	0x3fc
	Process Name:	C:\Windows\servicing\TrustedInstaller.exe

Auditing Settings:
	Original Security Descriptor:	
	New Security Descriptor:		S:ARAI"
Audit Success,11/24/2019 10:13:20 AM,Microsoft-Windows-Security-Auditing,4907,Audit Policy Change,"Auditing settings on object were changed.

Subject:
	Security ID:		SYSTEM
	Account Name:		VAGRANT-2008R2$
	Account Domain:		WORKGROUP
	Logon ID:		0x3e7

Object:
	Object Server:	Security
	Object Type:	File
	Object Name:	C:\Windows\winsxs\Temp\PendingRenames\860c40ccafa2d501250e0000fc03e40b.Microsoft.PowerShell.PackageManagement.resources.dll
	Handle ID:	0x18d4

Process Information:
	Process ID:	0x3fc
	Process Name:	C:\Windows\servicing\TrustedInstaller.exe

Auditing Settings:
	Original Security Descriptor:	
	New Security Descriptor:		S:ARAI"
Audit Success,11/24/2019 10:13:20 AM,Microsoft-Windows-Security-Auditing,4907,Audit Policy Change,"Auditing settings on object were changed.

Subject:
	Security ID:		SYSTEM
	Account Name:		VAGRANT-2008R2$
	Account Domain:		WORKGROUP
	Logon ID:		0x3e7

Object:
	Object Server:	Security
	Object Type:	File
	Object Name:	C:\Windows\winsxs\Temp\PendingRenames\860c40ccafa2d501240e0000fc03e40b.Microsoft.PackageManagement.CoreProviders.resources.dll
	Handle ID:	0x18cc

Process Information:
	Process ID:	0x3fc
	Process Name:	C:\Windows\servicing\TrustedInstaller.exe

Auditing Settings:
	Original Security Descriptor:	
	New Security Descriptor:		S:ARAI"
Audit Success,11/24/2019 10:13:20 AM,Microsoft-Windows-Security-Auditing,4907,Audit Policy Change,"Auditing settings on object were changed.

Subject:
	Security ID:		SYSTEM
	Account Name:		VAGRANT-2008R2$
	Account Domain:		WORKGROUP
	Logon ID:		0x3e7

Object:
	Object Server:	Security
	Object Type:	File
	Object Name:	C:\Windows\winsxs\Temp\PendingRenames\860c40ccafa2d501230e0000fc03e40b.PackageManagement.psd1
	Handle ID:	0x18c4

Process Information:
	Process ID:	0x3fc
	Process Name:	C:\Windows\servicing\TrustedInstaller.exe

Auditing Settings:
	Original Security Descriptor:	
	New Security Descriptor:		S:ARAI"
Audit Success,11/24/2019 10:13:20 AM,Microsoft-Windows-Security-Auditing,4907,Audit Policy Change,"Auditing settings on object were changed.

Subject:
	Security ID:		SYSTEM
	Account Name:		VAGRANT-2008R2$
	Account Domain:		WORKGROUP
	Logon ID:		0x3e7

Object:
	Object Server:	Security
	Object Type:	File
	Object Name:	C:\Windows\winsxs\Temp\PendingRenames\860c40ccafa2d501220e0000fc03e40b.Microsoft.PackageManagement.CoreProviders.dll
	Handle ID:	0x18bc

Process Information:
	Process ID:	0x3fc
	Process Name:	C:\Windows\servicing\TrustedInstaller.exe

Auditing Settings:
	Original Security Descriptor:	
	New Security Descriptor:		S:ARAI"
Audit Success,11/24/2019 10:13:20 AM,Microsoft-Windows-Security-Auditing,4907,Audit Policy Change,"Auditing settings on object were changed.

Subject:
	Security ID:		SYSTEM
	Account Name:		VAGRANT-2008R2$
	Account Domain:		WORKGROUP
	Logon ID:		0x3e7

Object:
	Object Server:	Security
	Object Type:	File
	Object Name:	C:\Windows\winsxs\Temp\PendingRenames\860c40ccafa2d501210e0000fc03e40b.Microsoft.PackageManagement.ArchiverProviders.dll
	Handle ID:	0x18b4

Process Information:
	Process ID:	0x3fc
	Process Name:	C:\Windows\servicing\TrustedInstaller.exe

Auditing Settings:
	Original Security Descriptor:	
	New Security Descriptor:		S:ARAI"
Audit Success,11/24/2019 10:13:20 AM,Microsoft-Windows-Security-Auditing,4907,Audit Policy Change,"Auditing settings on object were changed.

Subject:
	Security ID:		SYSTEM
	Account Name:		VAGRANT-2008R2$
	Account Domain:		WORKGROUP
	Logon ID:		0x3e7

Object:
	Object Server:	Security
	Object Type:	File
	Object Name:	C:\Windows\winsxs\Temp\PendingRenames\860c40ccafa2d501200e0000fc03e40b.Microsoft.PackageManagement.MsuProvider.dll
	Handle ID:	0x18b0

Process Information:
	Process ID:	0x3fc
	Process Name:	C:\Windows\servicing\TrustedInstaller.exe

Auditing Settings:
	Original Security Descriptor:	
	New Security Descriptor:		S:ARAI"
Audit Success,11/24/2019 10:13:20 AM,Microsoft-Windows-Security-Auditing,4907,Audit Policy Change,"Auditing settings on object were changed.

Subject:
	Security ID:		SYSTEM
	Account Name:		VAGRANT-2008R2$
	Account Domain:		WORKGROUP
	Logon ID:		0x3e7

Object:
	Object Server:	Security
	Object Type:	File
	Object Name:	C:\Windows\winsxs\Temp\PendingRenames\860c40ccafa2d5011f0e0000fc03e40b.PackageProviderFunctions.psm1
	Handle ID:	0x18a8

Process Information:
	Process ID:	0x3fc
	Process Name:	C:\Windows\servicing\TrustedInstaller.exe

Auditing Settings:
	Original Security Descriptor:	
	New Security Descriptor:		S:ARAI"
Audit Success,11/24/2019 10:13:20 AM,Microsoft-Windows-Security-Auditing,4907,Audit Policy Change,"Auditing settings on object were changed.

Subject:
	Security ID:		SYSTEM
	Account Name:		VAGRANT-2008R2$
	Account Domain:		WORKGROUP
	Logon ID:		0x3e7

Object:
	Object Server:	Security
	Object Type:	File
	Object Name:	C:\Windows\winsxs\Temp\PendingRenames\860c40ccafa2d5011e0e0000fc03e40b.PackageManagement.format.ps1xml
	Handle ID:	0x18a4

Process Information:
	Process ID:	0x3fc
	Process Name:	C:\Windows\servicing\TrustedInstaller.exe

Auditing Settings:
	Original Security Descriptor:	
	New Security Descriptor:		S:ARAI"
Audit Success,11/24/2019 10:13:20 AM,Microsoft-Windows-Security-Auditing,4907,Audit Policy Change,"Auditing settings on object were changed.

Subject:
	Security ID:		SYSTEM
	Account Name:		VAGRANT-2008R2$
	Account Domain:		WORKGROUP
	Logon ID:		0x3e7

Object:
	Object Server:	Security
	Object Type:	File
	Object Name:	C:\Windows\winsxs\Temp\PendingRenames\860c40ccafa2d5011d0e0000fc03e40b.Microsoft.PackageManagement.MetaProvider.PowerShell.dll
	Handle ID:	0x1898

Process Information:
	Process ID:	0x3fc
	Process Name:	C:\Windows\servicing\TrustedInstaller.exe

Auditing Settings:
	Original Security Descriptor:	
	New Security Descriptor:		S:ARAI"
Audit Success,11/24/2019 10:13:20 AM,Microsoft-Windows-Security-Auditing,4907,Audit Policy Change,"Auditing settings on object were changed.

Subject:
	Security ID:		SYSTEM
	Account Name:		VAGRANT-2008R2$
	Account Domain:		WORKGROUP
	Logon ID:		0x3e7

Object:
	Object Server:	Security
	Object Type:	File
	Object Name:	C:\Windows\winsxs\Temp\PendingRenames\2caa3dccafa2d5011c0e0000fc03e40b.Microsoft.PackageManagement.MsiProvider.dll
	Handle ID:	0x188c

Process Information:
	Process ID:	0x3fc
	Process Name:	C:\Windows\servicing\TrustedInstaller.exe

Auditing Settings:
	Original Security Descriptor:	
	New Security Descriptor:		S:ARAI"
Audit Success,11/24/2019 10:13:20 AM,Microsoft-Windows-Security-Auditing,4907,Audit Policy Change,"Auditing settings on object were changed.

Subject:
	Security ID:		SYSTEM
	Account Name:		VAGRANT-2008R2$
	Account Domain:		WORKGROUP
	Logon ID:		0x3e7

Object:
	Object Server:	Security
	Object Type:	File
	Object Name:	C:\Windows\winsxs\Temp\PendingRenames\2caa3dccafa2d5011b0e0000fc03e40b.Microsoft.PackageManagement.dll
	Handle ID:	0x1888

Process Information:
	Process ID:	0x3fc
	Process Name:	C:\Windows\servicing\TrustedInstaller.exe

Auditing Settings:
	Original Security Descriptor:	
	New Security Descriptor:		S:ARAI"
Audit Success,11/24/2019 10:13:20 AM,Microsoft-Windows-Security-Auditing,4907,Audit Policy Change,"Auditing settings on object were changed.

Subject:
	Security ID:		SYSTEM
	Account Name:		VAGRANT-2008R2$
	Account Domain:		WORKGROUP
	Logon ID:		0x3e7

Object:
	Object Server:	Security
	Object Type:	File
	Object Name:	C:\Windows\winsxs\Temp\PendingRenames\2caa3dccafa2d5011a0e0000fc03e40b.Microsoft.PowerShell.PackageManagement.dll
	Handle ID:	0x1884

Process Information:
	Process ID:	0x3fc
	Process Name:	C:\Windows\servicing\TrustedInstaller.exe

Auditing Settings:
	Original Security Descriptor:	
	New Security Descriptor:		S:ARAI"
Audit Success,11/24/2019 10:13:20 AM,Microsoft-Windows-Security-Auditing,4907,Audit Policy Change,"Auditing settings on object were changed.

Subject:
	Security ID:		SYSTEM
	Account Name:		VAGRANT-2008R2$
	Account Domain:		WORKGROUP
	Logon ID:		0x3e7

Object:
	Object Server:	Security
	Object Type:	File
	Object Name:	C:\Windows\winsxs\Temp\PendingRenames\2caa3dccafa2d501190e0000fc03e40b.PSGet.Resource.psd1
	Handle ID:	0x17a4

Process Information:
	Process ID:	0x3fc
	Process Name:	C:\Windows\servicing\TrustedInstaller.exe

Auditing Settings:
	Original Security Descriptor:	
	New Security Descriptor:		S:ARAI"
Audit Success,11/24/2019 10:13:20 AM,Microsoft-Windows-Security-Auditing,4907,Audit Policy Change,"Auditing settings on object were changed.

Subject:
	Security ID:		SYSTEM
	Account Name:		VAGRANT-2008R2$
	Account Domain:		WORKGROUP
	Logon ID:		0x3e7

Object:
	Object Server:	Security
	Object Type:	File
	Object Name:	C:\Windows\winsxs\Temp\PendingRenames\2caa3dccafa2d501180e0000fc03e40b.PSGet.Resource.psd1
	Handle ID:	0x186c

Process Information:
	Process ID:	0x3fc
	Process Name:	C:\Windows\servicing\TrustedInstaller.exe

Auditing Settings:
	Original Security Descriptor:	
	New Security Descriptor:		S:ARAI"
Audit Success,11/24/2019 10:13:20 AM,Microsoft-Windows-Security-Auditing,4907,Audit Policy Change,"Auditing settings on object were changed.

Subject:
	Security ID:		SYSTEM
	Account Name:		VAGRANT-2008R2$
	Account Domain:		WORKGROUP
	Logon ID:		0x3e7

Object:
	Object Server:	Security
	Object Type:	File
	Object Name:	C:\Windows\winsxs\Temp\PendingRenames\2caa3dccafa2d501170e0000fc03e40b.PSGet.Format.ps1xml
	Handle ID:	0x1868

Process Information:
	Process ID:	0x3fc
	Process Name:	C:\Windows\servicing\TrustedInstaller.exe

Auditing Settings:
	Original Security Descriptor:	
	New Security Descriptor:		S:ARAI"
Audit Success,11/24/2019 10:13:20 AM,Microsoft-Windows-Security-Auditing,4907,Audit Policy Change,"Auditing settings on object were changed.

Subject:
	Security ID:		SYSTEM
	Account Name:		VAGRANT-2008R2$
	Account Domain:		WORKGROUP
	Logon ID:		0x3e7

Object:
	Object Server:	Security
	Object Type:	File
	Object Name:	C:\Windows\winsxs\Temp\PendingRenames\2caa3dccafa2d501160e0000fc03e40b.PSModule.psm1
	Handle ID:	0x1854

Process Information:
	Process ID:	0x3fc
	Process Name:	C:\Windows\servicing\TrustedInstaller.exe

Auditing Settings:
	Original Security Descriptor:	
	New Security Descriptor:		S:ARAI"
Audit Success,11/24/2019 10:13:20 AM,Microsoft-Windows-Security-Auditing,4907,Audit Policy Change,"Auditing settings on object were changed.

Subject:
	Security ID:		SYSTEM
	Account Name:		VAGRANT-2008R2$
	Account Domain:		WORKGROUP
	Logon ID:		0x3e7

Object:
	Object Server:	Security
	Object Type:	File
	Object Name:	C:\Windows\winsxs\Temp\PendingRenames\2caa3dccafa2d501150e0000fc03e40b.PowerShellGet.psd1
	Handle ID:	0x1864

Process Information:
	Process ID:	0x3fc
	Process Name:	C:\Windows\servicing\TrustedInstaller.exe

Auditing Settings:
	Original Security Descriptor:	
	New Security Descriptor:		S:ARAI"
Audit Success,11/24/2019 10:13:20 AM,Microsoft-Windows-Security-Auditing,4907,Audit Policy Change,"Auditing settings on object were changed.

Subject:
	Security ID:		SYSTEM
	Account Name:		VAGRANT-2008R2$
	Account Domain:		WORKGROUP
	Logon ID:		0x3e7

Object:
	Object Server:	Security
	Object Type:	File
	Object Name:	C:\Windows\winsxs\Temp\PendingRenames\2caa3dccafa2d501140e0000fc03e40b.Microsoft.PackageManagement.MsiProvider.resources.dll
	Handle ID:	0x1858

Process Information:
	Process ID:	0x3fc
	Process Name:	C:\Windows\servicing\TrustedInstaller.exe

Auditing Settings:
	Original Security Descriptor:	
	New Security Descriptor:		S:ARAI"
Audit Success,11/24/2019 10:13:20 AM,Microsoft-Windows-Security-Auditing,4907,Audit Policy Change,"Auditing settings on object were changed.

Subject:
	Security ID:		SYSTEM
	Account Name:		VAGRANT-2008R2$
	Account Domain:		WORKGROUP
	Logon ID:		0x3e7

Object:
	Object Server:	Security
	Object Type:	File
	Object Name:	C:\Windows\winsxs\Temp\PendingRenames\2caa3dccafa2d501130e0000fc03e40b.Microsoft.PackageManagement.resources.dll
	Handle ID:	0x1848

Process Information:
	Process ID:	0x3fc
	Process Name:	C:\Windows\servicing\TrustedInstaller.exe

Auditing Settings:
	Original Security Descriptor:	
	New Security Descriptor:		S:ARAI"
Audit Success,11/24/2019 10:13:20 AM,Microsoft-Windows-Security-Auditing,4907,Audit Policy Change,"Auditing settings on object were changed.

Subject:
	Security ID:		SYSTEM
	Account Name:		VAGRANT-2008R2$
	Account Domain:		WORKGROUP
	Logon ID:		0x3e7

Object:
	Object Server:	Security
	Object Type:	File
	Object Name:	C:\Windows\winsxs\Temp\PendingRenames\2caa3dccafa2d501120e0000fc03e40b.Microsoft.PackageManagement.MsuProvider.resources.dll
	Handle ID:	0x1844

Process Information:
	Process ID:	0x3fc
	Process Name:	C:\Windows\servicing\TrustedInstaller.exe

Auditing Settings:
	Original Security Descriptor:	
	New Security Descriptor:		S:ARAI"
Audit Success,11/24/2019 10:13:20 AM,Microsoft-Windows-Security-Auditing,4907,Audit Policy Change,"Auditing settings on object were changed.

Subject:
	Security ID:		SYSTEM
	Account Name:		VAGRANT-2008R2$
	Account Domain:		WORKGROUP
	Logon ID:		0x3e7

Object:
	Object Server:	Security
	Object Type:	File
	Object Name:	C:\Windows\winsxs\Temp\PendingRenames\2caa3dccafa2d501110e0000fc03e40b.Microsoft.PackageManagement.ArchiverProviders.resources.dll
	Handle ID:	0x1828

Process Information:
	Process ID:	0x3fc
	Process Name:	C:\Windows\servicing\TrustedInstaller.exe

Auditing Settings:
	Original Security Descriptor:	
	New Security Descriptor:		S:ARAI"
Audit Success,11/24/2019 10:13:20 AM,Microsoft-Windows-Security-Auditing,4907,Audit Policy Change,"Auditing settings on object were changed.

Subject:
	Security ID:		SYSTEM
	Account Name:		VAGRANT-2008R2$
	Account Domain:		WORKGROUP
	Logon ID:		0x3e7

Object:
	Object Server:	Security
	Object Type:	File
	Object Name:	C:\Windows\winsxs\Temp\PendingRenames\2caa3dccafa2d501100e0000fc03e40b.Microsoft.PackageManagement.MetaProvider.PowerShell.resources.dll
	Handle ID:	0x1830

Process Information:
	Process ID:	0x3fc
	Process Name:	C:\Windows\servicing\TrustedInstaller.exe

Auditing Settings:
	Original Security Descriptor:	
	New Security Descriptor:		S:ARAI"
Audit Success,11/24/2019 10:13:20 AM,Microsoft-Windows-Security-Auditing,4907,Audit Policy Change,"Auditing settings on object were changed.

Subject:
	Security ID:		SYSTEM
	Account Name:		VAGRANT-2008R2$
	Account Domain:		WORKGROUP
	Logon ID:		0x3e7

Object:
	Object Server:	Security
	Object Type:	File
	Object Name:	C:\Windows\winsxs\Temp\PendingRenames\2caa3dccafa2d5010f0e0000fc03e40b.Microsoft.PackageManagement.CoreProviders.resources.dll
	Handle ID:	0x182c

Process Information:
	Process ID:	0x3fc
	Process Name:	C:\Windows\servicing\TrustedInstaller.exe

Auditing Settings:
	Original Security Descriptor:	
	New Security Descriptor:		S:ARAI"
Audit Success,11/24/2019 10:13:20 AM,Microsoft-Windows-Security-Auditing,4907,Audit Policy Change,"Auditing settings on object were changed.

Subject:
	Security ID:		SYSTEM
	Account Name:		VAGRANT-2008R2$
	Account Domain:		WORKGROUP
	Logon ID:		0x3e7

Object:
	Object Server:	Security
	Object Type:	File
	Object Name:	C:\Windows\winsxs\Temp\PendingRenames\2caa3dccafa2d5010e0e0000fc03e40b.Microsoft.PowerShell.PackageManagement.resources.dll
	Handle ID:	0x1818

Process Information:
	Process ID:	0x3fc
	Process Name:	C:\Windows\servicing\TrustedInstaller.exe

Auditing Settings:
	Original Security Descriptor:	
	New Security Descriptor:		S:ARAI"
Audit Success,11/24/2019 10:13:20 AM,Microsoft-Windows-Security-Auditing,4907,Audit Policy Change,"Auditing settings on object were changed.

Subject:
	Security ID:		SYSTEM
	Account Name:		VAGRANT-2008R2$
	Account Domain:		WORKGROUP
	Logon ID:		0x3e7

Object:
	Object Server:	Security
	Object Type:	File
	Object Name:	C:\Windows\winsxs\Temp\PendingRenames\2caa3dccafa2d5010d0e0000fc03e40b.PackageManagement.psd1
	Handle ID:	0x1814

Process Information:
	Process ID:	0x3fc
	Process Name:	C:\Windows\servicing\TrustedInstaller.exe

Auditing Settings:
	Original Security Descriptor:	
	New Security Descriptor:		S:ARAI"
Audit Success,11/24/2019 10:13:20 AM,Microsoft-Windows-Security-Auditing,4907,Audit Policy Change,"Auditing settings on object were changed.

Subject:
	Security ID:		SYSTEM
	Account Name:		VAGRANT-2008R2$
	Account Domain:		WORKGROUP
	Logon ID:		0x3e7

Object:
	Object Server:	Security
	Object Type:	File
	Object Name:	C:\Windows\winsxs\Temp\PendingRenames\2caa3dccafa2d5010c0e0000fc03e40b.Microsoft.PackageManagement.CoreProviders.dll
	Handle ID:	0x1808

Process Information:
	Process ID:	0x3fc
	Process Name:	C:\Windows\servicing\TrustedInstaller.exe

Auditing Settings:
	Original Security Descriptor:	
	New Security Descriptor:		S:ARAI"
Audit Success,11/24/2019 10:13:20 AM,Microsoft-Windows-Security-Auditing,4907,Audit Policy Change,"Auditing settings on object were changed.

Subject:
	Security ID:		SYSTEM
	Account Name:		VAGRANT-2008R2$
	Account Domain:		WORKGROUP
	Logon ID:		0x3e7

Object:
	Object Server:	Security
	Object Type:	File
	Object Name:	C:\Windows\winsxs\Temp\PendingRenames\2caa3dccafa2d5010b0e0000fc03e40b.Microsoft.PackageManagement.ArchiverProviders.dll
	Handle ID:	0x17fc

Process Information:
	Process ID:	0x3fc
	Process Name:	C:\Windows\servicing\TrustedInstaller.exe

Auditing Settings:
	Original Security Descriptor:	
	New Security Descriptor:		S:ARAI"
Audit Success,11/24/2019 10:13:20 AM,Microsoft-Windows-Security-Auditing,4907,Audit Policy Change,"Auditing settings on object were changed.

Subject:
	Security ID:		SYSTEM
	Account Name:		VAGRANT-2008R2$
	Account Domain:		WORKGROUP
	Logon ID:		0x3e7

Object:
	Object Server:	Security
	Object Type:	File
	Object Name:	C:\Windows\winsxs\Temp\PendingRenames\2caa3dccafa2d5010a0e0000fc03e40b.Microsoft.PackageManagement.MsuProvider.dll
	Handle ID:	0x1810

Process Information:
	Process ID:	0x3fc
	Process Name:	C:\Windows\servicing\TrustedInstaller.exe

Auditing Settings:
	Original Security Descriptor:	
	New Security Descriptor:		S:ARAI"
Audit Success,11/24/2019 10:13:20 AM,Microsoft-Windows-Security-Auditing,4907,Audit Policy Change,"Auditing settings on object were changed.

Subject:
	Security ID:		SYSTEM
	Account Name:		VAGRANT-2008R2$
	Account Domain:		WORKGROUP
	Logon ID:		0x3e7

Object:
	Object Server:	Security
	Object Type:	File
	Object Name:	C:\Windows\winsxs\Temp\PendingRenames\2caa3dccafa2d501090e0000fc03e40b.PackageProviderFunctions.psm1
	Handle ID:	0x17e8

Process Information:
	Process ID:	0x3fc
	Process Name:	C:\Windows\servicing\TrustedInstaller.exe

Auditing Settings:
	Original Security Descriptor:	
	New Security Descriptor:		S:ARAI"
Audit Success,11/24/2019 10:13:20 AM,Microsoft-Windows-Security-Auditing,4907,Audit Policy Change,"Auditing settings on object were changed.

Subject:
	Security ID:		SYSTEM
	Account Name:		VAGRANT-2008R2$
	Account Domain:		WORKGROUP
	Logon ID:		0x3e7

Object:
	Object Server:	Security
	Object Type:	File
	Object Name:	C:\Windows\winsxs\Temp\PendingRenames\2caa3dccafa2d501080e0000fc03e40b.PackageManagement.format.ps1xml
	Handle ID:	0x184c

Process Information:
	Process ID:	0x3fc
	Process Name:	C:\Windows\servicing\TrustedInstaller.exe

Auditing Settings:
	Original Security Descriptor:	
	New Security Descriptor:		S:ARAI"
Audit Success,11/24/2019 10:13:20 AM,Microsoft-Windows-Security-Auditing,4907,Audit Policy Change,"Auditing settings on object were changed.

Subject:
	Security ID:		SYSTEM
	Account Name:		VAGRANT-2008R2$
	Account Domain:		WORKGROUP
	Logon ID:		0x3e7

Object:
	Object Server:	Security
	Object Type:	File
	Object Name:	C:\Windows\winsxs\Temp\PendingRenames\2caa3dccafa2d501070e0000fc03e40b.Microsoft.PackageManagement.MetaProvider.PowerShell.dll
	Handle ID:	0x17cc

Process Information:
	Process ID:	0x3fc
	Process Name:	C:\Windows\servicing\TrustedInstaller.exe

Auditing Settings:
	Original Security Descriptor:	
	New Security Descriptor:		S:ARAI"
Audit Success,11/24/2019 10:13:20 AM,Microsoft-Windows-Security-Auditing,4907,Audit Policy Change,"Auditing settings on object were changed.

Subject:
	Security ID:		SYSTEM
	Account Name:		VAGRANT-2008R2$
	Account Domain:		WORKGROUP
	Logon ID:		0x3e7

Object:
	Object Server:	Security
	Object Type:	File
	Object Name:	C:\Windows\winsxs\Temp\PendingRenames\d2473bccafa2d501060e0000fc03e40b.Microsoft.PackageManagement.MsiProvider.dll
	Handle ID:	0x1694

Process Information:
	Process ID:	0x3fc
	Process Name:	C:\Windows\servicing\TrustedInstaller.exe

Auditing Settings:
	Original Security Descriptor:	
	New Security Descriptor:		S:ARAI"
Audit Success,11/24/2019 10:13:20 AM,Microsoft-Windows-Security-Auditing,4907,Audit Policy Change,"Auditing settings on object were changed.

Subject:
	Security ID:		SYSTEM
	Account Name:		VAGRANT-2008R2$
	Account Domain:		WORKGROUP
	Logon ID:		0x3e7

Object:
	Object Server:	Security
	Object Type:	File
	Object Name:	C:\Windows\winsxs\Temp\PendingRenames\d2473bccafa2d501050e0000fc03e40b.Microsoft.PackageManagement.dll
	Handle ID:	0x17f0

Process Information:
	Process ID:	0x3fc
	Process Name:	C:\Windows\servicing\TrustedInstaller.exe

Auditing Settings:
	Original Security Descriptor:	
	New Security Descriptor:		S:ARAI"
Audit Success,11/24/2019 10:13:20 AM,Microsoft-Windows-Security-Auditing,4907,Audit Policy Change,"Auditing settings on object were changed.

Subject:
	Security ID:		SYSTEM
	Account Name:		VAGRANT-2008R2$
	Account Domain:		WORKGROUP
	Logon ID:		0x3e7

Object:
	Object Server:	Security
	Object Type:	File
	Object Name:	C:\Windows\winsxs\Temp\PendingRenames\d2473bccafa2d501040e0000fc03e40b.Microsoft.PowerShell.PackageManagement.dll
	Handle ID:	0x17b0

Process Information:
	Process ID:	0x3fc
	Process Name:	C:\Windows\servicing\TrustedInstaller.exe

Auditing Settings:
	Original Security Descriptor:	
	New Security Descriptor:		S:ARAI"
Audit Success,11/24/2019 10:13:20 AM,Microsoft-Windows-Security-Auditing,4907,Audit Policy Change,"Auditing settings on object were changed.

Subject:
	Security ID:		SYSTEM
	Account Name:		VAGRANT-2008R2$
	Account Domain:		WORKGROUP
	Logon ID:		0x3e7

Object:
	Object Server:	Security
	Object Type:	File
	Object Name:	C:\Windows\winsxs\Temp\PendingRenames\d2473bccafa2d501030e0000fc03e40b.PSGet.Resource.psd1
	Handle ID:	0x17a8

Process Information:
	Process ID:	0x3fc
	Process Name:	C:\Windows\servicing\TrustedInstaller.exe

Auditing Settings:
	Original Security Descriptor:	
	New Security Descriptor:		S:ARAI"
Audit Success,11/24/2019 10:13:20 AM,Microsoft-Windows-Security-Auditing,4907,Audit Policy Change,"Auditing settings on object were changed.

Subject:
	Security ID:		SYSTEM
	Account Name:		VAGRANT-2008R2$
	Account Domain:		WORKGROUP
	Logon ID:		0x3e7

Object:
	Object Server:	Security
	Object Type:	File
	Object Name:	C:\Windows\winsxs\Temp\PendingRenames\d2473bccafa2d501020e0000fc03e40b.PSGet.Resource.psd1
	Handle ID:	0x17ac

Process Information:
	Process ID:	0x3fc
	Process Name:	C:\Windows\servicing\TrustedInstaller.exe

Auditing Settings:
	Original Security Descriptor:	
	New Security Descriptor:		S:ARAI"
Audit Success,11/24/2019 10:13:20 AM,Microsoft-Windows-Security-Auditing,4907,Audit Policy Change,"Auditing settings on object were changed.

Subject:
	Security ID:		SYSTEM
	Account Name:		VAGRANT-2008R2$
	Account Domain:		WORKGROUP
	Logon ID:		0x3e7

Object:
	Object Server:	Security
	Object Type:	File
	Object Name:	C:\Windows\winsxs\Temp\PendingRenames\d2473bccafa2d501010e0000fc03e40b.PSGet.Format.ps1xml
	Handle ID:	0x76c

Process Information:
	Process ID:	0x3fc
	Process Name:	C:\Windows\servicing\TrustedInstaller.exe

Auditing Settings:
	Original Security Descriptor:	
	New Security Descriptor:		S:ARAI"
Audit Success,11/24/2019 10:13:20 AM,Microsoft-Windows-Security-Auditing,4907,Audit Policy Change,"Auditing settings on object were changed.

Subject:
	Security ID:		SYSTEM
	Account Name:		VAGRANT-2008R2$
	Account Domain:		WORKGROUP
	Logon ID:		0x3e7

Object:
	Object Server:	Security
	Object Type:	File
	Object Name:	C:\Windows\winsxs\Temp\PendingRenames\d2473bccafa2d501000e0000fc03e40b.PSModule.psm1
	Handle ID:	0x179c

Process Information:
	Process ID:	0x3fc
	Process Name:	C:\Windows\servicing\TrustedInstaller.exe

Auditing Settings:
	Original Security Descriptor:	
	New Security Descriptor:		S:ARAI"
Audit Success,11/24/2019 10:13:20 AM,Microsoft-Windows-Security-Auditing,4907,Audit Policy Change,"Auditing settings on object were changed.

Subject:
	Security ID:		SYSTEM
	Account Name:		VAGRANT-2008R2$
	Account Domain:		WORKGROUP
	Logon ID:		0x3e7

Object:
	Object Server:	Security
	Object Type:	File
	Object Name:	C:\Windows\winsxs\Temp\PendingRenames\d2473bccafa2d501ff0d0000fc03e40b.PowerShellGet.psd1
	Handle ID:	0x1798

Process Information:
	Process ID:	0x3fc
	Process Name:	C:\Windows\servicing\TrustedInstaller.exe

Auditing Settings:
	Original Security Descriptor:	
	New Security Descriptor:		S:ARAI"
Audit Success,11/24/2019 10:13:20 AM,Microsoft-Windows-Security-Auditing,4907,Audit Policy Change,"Auditing settings on object were changed.

Subject:
	Security ID:		SYSTEM
	Account Name:		VAGRANT-2008R2$
	Account Domain:		WORKGROUP
	Logon ID:		0x3e7

Object:
	Object Server:	Security
	Object Type:	File
	Object Name:	C:\Windows\winsxs\Temp\PendingRenames\1e8336ccafa2d501fe0d0000fc03e40b.profile.ps1
	Handle ID:	0x124c

Process Information:
	Process ID:	0x3fc
	Process Name:	C:\Windows\servicing\TrustedInstaller.exe

Auditing Settings:
	Original Security Descriptor:	
	New Security Descriptor:		S:ARAI"
Audit Success,11/24/2019 10:13:20 AM,Microsoft-Windows-Security-Auditing,4907,Audit Policy Change,"Auditing settings on object were changed.

Subject:
	Security ID:		SYSTEM
	Account Name:		VAGRANT-2008R2$
	Account Domain:		WORKGROUP
	Logon ID:		0x3e7

Object:
	Object Server:	Security
	Object Type:	File
	Object Name:	C:\Windows\winsxs\Temp\PendingRenames\c42034ccafa2d501fd0d0000fc03e40b.PSDiagnostics.psm1
	Handle ID:	0x6c0

Process Information:
	Process ID:	0x3fc
	Process Name:	C:\Windows\servicing\TrustedInstaller.exe

Auditing Settings:
	Original Security Descriptor:	
	New Security Descriptor:		S:ARAI"
Audit Success,11/24/2019 10:13:20 AM,Microsoft-Windows-Security-Auditing,4907,Audit Policy Change,"Auditing settings on object were changed.

Subject:
	Security ID:		SYSTEM
	Account Name:		VAGRANT-2008R2$
	Account Domain:		WORKGROUP
	Logon ID:		0x3e7

Object:
	Object Server:	Security
	Object Type:	File
	Object Name:	C:\Windows\winsxs\Temp\PendingRenames\c42034ccafa2d501fc0d0000fc03e40b.PSDiagnostics.psd1
	Handle ID:	0xc48

Process Information:
	Process ID:	0x3fc
	Process Name:	C:\Windows\servicing\TrustedInstaller.exe

Auditing Settings:
	Original Security Descriptor:	
	New Security Descriptor:		S:ARAI"
Audit Success,11/24/2019 10:13:20 AM,Microsoft-Windows-Security-Auditing,4907,Audit Policy Change,"Auditing settings on object were changed.

Subject:
	Security ID:		SYSTEM
	Account Name:		VAGRANT-2008R2$
	Account Domain:		WORKGROUP
	Logon ID:		0x3e7

Object:
	Object Server:	Security
	Object Type:	File
	Object Name:	C:\Windows\winsxs\Temp\PendingRenames\6abe31ccafa2d501fb0d0000fc03e40b.Windows PowerShell.lnk
	Handle ID:	0x5f0

Process Information:
	Process ID:	0x3fc
	Process Name:	C:\Windows\servicing\TrustedInstaller.exe

Auditing Settings:
	Original Security Descriptor:	
	New Security Descriptor:		S:ARAI"
Audit Success,11/24/2019 10:13:20 AM,Microsoft-Windows-Security-Auditing,4907,Audit Policy Change,"Auditing settings on object were changed.

Subject:
	Security ID:		SYSTEM
	Account Name:		VAGRANT-2008R2$
	Account Domain:		WORKGROUP
	Logon ID:		0x3e7

Object:
	Object Server:	Security
	Object Type:	File
	Object Name:	C:\Windows\winsxs\Temp\PendingRenames\6abe31ccafa2d501fa0d0000fc03e40b.Windows PowerShell (x86).lnk
	Handle ID:	0x8bc

Process Information:
	Process ID:	0x3fc
	Process Name:	C:\Windows\servicing\TrustedInstaller.exe

Auditing Settings:
	Original Security Descriptor:	
	New Security Descriptor:		S:ARAI"
Audit Success,11/24/2019 10:13:18 AM,Microsoft-Windows-Security-Auditing,4907,Audit Policy Change,"Auditing settings on object were changed.

Subject:
	Security ID:		SYSTEM
	Account Name:		VAGRANT-2008R2$
	Account Domain:		WORKGROUP
	Logon ID:		0x3e7

Object:
	Object Server:	Security
	Object Type:	File
	Object Name:	C:\Windows\winsxs\Temp\PendingRenames\84a8b6caafa2d501b10c0000fc03e40b.Microsoft.PackageManagement.MsiProvider.resources.dll
	Handle ID:	0x1778

Process Information:
	Process ID:	0x3fc
	Process Name:	C:\Windows\servicing\TrustedInstaller.exe

Auditing Settings:
	Original Security Descriptor:	
	New Security Descriptor:		S:ARAI"
Audit Success,11/24/2019 10:13:18 AM,Microsoft-Windows-Security-Auditing,4907,Audit Policy Change,"Auditing settings on object were changed.

Subject:
	Security ID:		SYSTEM
	Account Name:		VAGRANT-2008R2$
	Account Domain:		WORKGROUP
	Logon ID:		0x3e7

Object:
	Object Server:	Security
	Object Type:	File
	Object Name:	C:\Windows\winsxs\Temp\PendingRenames\84a8b6caafa2d501b00c0000fc03e40b.Microsoft.PackageManagement.MsuProvider.resources.dll
	Handle ID:	0x1770

Process Information:
	Process ID:	0x3fc
	Process Name:	C:\Windows\servicing\TrustedInstaller.exe

Auditing Settings:
	Original Security Descriptor:	
	New Security Descriptor:		S:ARAI"
Audit Success,11/24/2019 10:13:18 AM,Microsoft-Windows-Security-Auditing,4907,Audit Policy Change,"Auditing settings on object were changed.

Subject:
	Security ID:		SYSTEM
	Account Name:		VAGRANT-2008R2$
	Account Domain:		WORKGROUP
	Logon ID:		0x3e7

Object:
	Object Server:	Security
	Object Type:	File
	Object Name:	C:\Windows\winsxs\Temp\PendingRenames\84a8b6caafa2d501af0c0000fc03e40b.Microsoft.PackageManagement.resources.dll
	Handle ID:	0x1764

Process Information:
	Process ID:	0x3fc
	Process Name:	C:\Windows\servicing\TrustedInstaller.exe

Auditing Settings:
	Original Security Descriptor:	
	New Security Descriptor:		S:ARAI"
Audit Success,11/24/2019 10:13:18 AM,Microsoft-Windows-Security-Auditing,4907,Audit Policy Change,"Auditing settings on object were changed.

Subject:
	Security ID:		SYSTEM
	Account Name:		VAGRANT-2008R2$
	Account Domain:		WORKGROUP
	Logon ID:		0x3e7

Object:
	Object Server:	Security
	Object Type:	File
	Object Name:	C:\Windows\winsxs\Temp\PendingRenames\84a8b6caafa2d501ae0c0000fc03e40b.Microsoft.PackageManagement.ArchiverProviders.resources.dll
	Handle ID:	0x1758

Process Information:
	Process ID:	0x3fc
	Process Name:	C:\Windows\servicing\TrustedInstaller.exe

Auditing Settings:
	Original Security Descriptor:	
	New Security Descriptor:		S:ARAI"
Audit Success,11/24/2019 10:13:18 AM,Microsoft-Windows-Security-Auditing,4907,Audit Policy Change,"Auditing settings on object were changed.

Subject:
	Security ID:		SYSTEM
	Account Name:		VAGRANT-2008R2$
	Account Domain:		WORKGROUP
	Logon ID:		0x3e7

Object:
	Object Server:	Security
	Object Type:	File
	Object Name:	C:\Windows\winsxs\Temp\PendingRenames\84a8b6caafa2d501ad0c0000fc03e40b.Microsoft.PackageManagement.MetaProvider.PowerShell.resources.dll
	Handle ID:	0x1754

Process Information:
	Process ID:	0x3fc
	Process Name:	C:\Windows\servicing\TrustedInstaller.exe

Auditing Settings:
	Original Security Descriptor:	
	New Security Descriptor:		S:ARAI"
Audit Success,11/24/2019 10:13:18 AM,Microsoft-Windows-Security-Auditing,4907,Audit Policy Change,"Auditing settings on object were changed.

Subject:
	Security ID:		SYSTEM
	Account Name:		VAGRANT-2008R2$
	Account Domain:		WORKGROUP
	Logon ID:		0x3e7

Object:
	Object Server:	Security
	Object Type:	File
	Object Name:	C:\Windows\winsxs\Temp\PendingRenames\84a8b6caafa2d501ac0c0000fc03e40b.Microsoft.PowerShell.PackageManagement.resources.dll
	Handle ID:	0x1750

Process Information:
	Process ID:	0x3fc
	Process Name:	C:\Windows\servicing\TrustedInstaller.exe

Auditing Settings:
	Original Security Descriptor:	
	New Security Descriptor:		S:ARAI"
Audit Success,11/24/2019 10:13:18 AM,Microsoft-Windows-Security-Auditing,4907,Audit Policy Change,"Auditing settings on object were changed.

Subject:
	Security ID:		SYSTEM
	Account Name:		VAGRANT-2008R2$
	Account Domain:		WORKGROUP
	Logon ID:		0x3e7

Object:
	Object Server:	Security
	Object Type:	File
	Object Name:	C:\Windows\winsxs\Temp\PendingRenames\84a8b6caafa2d501ab0c0000fc03e40b.Microsoft.PackageManagement.CoreProviders.resources.dll
	Handle ID:	0x1680

Process Information:
	Process ID:	0x3fc
	Process Name:	C:\Windows\servicing\TrustedInstaller.exe

Auditing Settings:
	Original Security Descriptor:	
	New Security Descriptor:		S:ARAI"
Audit Success,11/24/2019 10:13:18 AM,Microsoft-Windows-Security-Auditing,4907,Audit Policy Change,"Auditing settings on object were changed.

Subject:
	Security ID:		SYSTEM
	Account Name:		VAGRANT-2008R2$
	Account Domain:		WORKGROUP
	Logon ID:		0x3e7

Object:
	Object Server:	Security
	Object Type:	File
	Object Name:	C:\Windows\winsxs\Temp\PendingRenames\84a8b6caafa2d501aa0c0000fc03e40b.PackageManagement.psd1
	Handle ID:	0x1738

Process Information:
	Process ID:	0x3fc
	Process Name:	C:\Windows\servicing\TrustedInstaller.exe

Auditing Settings:
	Original Security Descriptor:	
	New Security Descriptor:		S:ARAI"
Audit Success,11/24/2019 10:13:18 AM,Microsoft-Windows-Security-Auditing,4907,Audit Policy Change,"Auditing settings on object were changed.

Subject:
	Security ID:		SYSTEM
	Account Name:		VAGRANT-2008R2$
	Account Domain:		WORKGROUP
	Logon ID:		0x3e7

Object:
	Object Server:	Security
	Object Type:	File
	Object Name:	C:\Windows\winsxs\Temp\PendingRenames\84a8b6caafa2d501a90c0000fc03e40b.Microsoft.PackageManagement.CoreProviders.dll
	Handle ID:	0x1734

Process Information:
	Process ID:	0x3fc
	Process Name:	C:\Windows\servicing\TrustedInstaller.exe

Auditing Settings:
	Original Security Descriptor:	
	New Security Descriptor:		S:ARAI"
Audit Success,11/24/2019 10:13:18 AM,Microsoft-Windows-Security-Auditing,4907,Audit Policy Change,"Auditing settings on object were changed.

Subject:
	Security ID:		SYSTEM
	Account Name:		VAGRANT-2008R2$
	Account Domain:		WORKGROUP
	Logon ID:		0x3e7

Object:
	Object Server:	Security
	Object Type:	File
	Object Name:	C:\Windows\winsxs\Temp\PendingRenames\84a8b6caafa2d501a80c0000fc03e40b.Microsoft.PackageManagement.ArchiverProviders.dll
	Handle ID:	0x1730

Process Information:
	Process ID:	0x3fc
	Process Name:	C:\Windows\servicing\TrustedInstaller.exe

Auditing Settings:
	Original Security Descriptor:	
	New Security Descriptor:		S:ARAI"
Audit Success,11/24/2019 10:13:18 AM,Microsoft-Windows-Security-Auditing,4907,Audit Policy Change,"Auditing settings on object were changed.

Subject:
	Security ID:		SYSTEM
	Account Name:		VAGRANT-2008R2$
	Account Domain:		WORKGROUP
	Logon ID:		0x3e7

Object:
	Object Server:	Security
	Object Type:	File
	Object Name:	C:\Windows\winsxs\Temp\PendingRenames\84a8b6caafa2d501a70c0000fc03e40b.Microsoft.PackageManagement.MsuProvider.dll
	Handle ID:	0x172c

Process Information:
	Process ID:	0x3fc
	Process Name:	C:\Windows\servicing\TrustedInstaller.exe

Auditing Settings:
	Original Security Descriptor:	
	New Security Descriptor:		S:ARAI"
Audit Success,11/24/2019 10:13:18 AM,Microsoft-Windows-Security-Auditing,4907,Audit Policy Change,"Auditing settings on object were changed.

Subject:
	Security ID:		SYSTEM
	Account Name:		VAGRANT-2008R2$
	Account Domain:		WORKGROUP
	Logon ID:		0x3e7

Object:
	Object Server:	Security
	Object Type:	File
	Object Name:	C:\Windows\winsxs\Temp\PendingRenames\84a8b6caafa2d501a60c0000fc03e40b.PackageProviderFunctions.psm1
	Handle ID:	0x171c

Process Information:
	Process ID:	0x3fc
	Process Name:	C:\Windows\servicing\TrustedInstaller.exe

Auditing Settings:
	Original Security Descriptor:	
	New Security Descriptor:		S:ARAI"
Audit Success,11/24/2019 10:13:18 AM,Microsoft-Windows-Security-Auditing,4907,Audit Policy Change,"Auditing settings on object were changed.

Subject:
	Security ID:		SYSTEM
	Account Name:		VAGRANT-2008R2$
	Account Domain:		WORKGROUP
	Logon ID:		0x3e7

Object:
	Object Server:	Security
	Object Type:	File
	Object Name:	C:\Windows\winsxs\Temp\PendingRenames\84a8b6caafa2d501a50c0000fc03e40b.PackageManagement.format.ps1xml
	Handle ID:	0x1714

Process Information:
	Process ID:	0x3fc
	Process Name:	C:\Windows\servicing\TrustedInstaller.exe

Auditing Settings:
	Original Security Descriptor:	
	New Security Descriptor:		S:ARAI"
Audit Success,11/24/2019 10:13:18 AM,Microsoft-Windows-Security-Auditing,4907,Audit Policy Change,"Auditing settings on object were changed.

Subject:
	Security ID:		SYSTEM
	Account Name:		VAGRANT-2008R2$
	Account Domain:		WORKGROUP
	Logon ID:		0x3e7

Object:
	Object Server:	Security
	Object Type:	File
	Object Name:	C:\Windows\winsxs\Temp\PendingRenames\84a8b6caafa2d501a40c0000fc03e40b.Microsoft.PackageManagement.MetaProvider.PowerShell.dll
	Handle ID:	0x1710

Process Information:
	Process ID:	0x3fc
	Process Name:	C:\Windows\servicing\TrustedInstaller.exe

Auditing Settings:
	Original Security Descriptor:	
	New Security Descriptor:		S:ARAI"
Audit Success,11/24/2019 10:13:18 AM,Microsoft-Windows-Security-Auditing,4907,Audit Policy Change,"Auditing settings on object were changed.

Subject:
	Security ID:		SYSTEM
	Account Name:		VAGRANT-2008R2$
	Account Domain:		WORKGROUP
	Logon ID:		0x3e7

Object:
	Object Server:	Security
	Object Type:	File
	Object Name:	C:\Windows\winsxs\Temp\PendingRenames\84a8b6caafa2d501a30c0000fc03e40b.Microsoft.PackageManagement.MsiProvider.dll
	Handle ID:	0x16f4

Process Information:
	Process ID:	0x3fc
	Process Name:	C:\Windows\servicing\TrustedInstaller.exe

Auditing Settings:
	Original Security Descriptor:	
	New Security Descriptor:		S:ARAI"
Audit Success,11/24/2019 10:13:18 AM,Microsoft-Windows-Security-Auditing,4907,Audit Policy Change,"Auditing settings on object were changed.

Subject:
	Security ID:		SYSTEM
	Account Name:		VAGRANT-2008R2$
	Account Domain:		WORKGROUP
	Logon ID:		0x3e7

Object:
	Object Server:	Security
	Object Type:	File
	Object Name:	C:\Windows\winsxs\Temp\PendingRenames\2a46b4caafa2d501a20c0000fc03e40b.Microsoft.PackageManagement.dll
	Handle ID:	0x16fc

Process Information:
	Process ID:	0x3fc
	Process Name:	C:\Windows\servicing\TrustedInstaller.exe

Auditing Settings:
	Original Security Descriptor:	
	New Security Descriptor:		S:ARAI"
Audit Success,11/24/2019 10:13:18 AM,Microsoft-Windows-Security-Auditing,4907,Audit Policy Change,"Auditing settings on object were changed.

Subject:
	Security ID:		SYSTEM
	Account Name:		VAGRANT-2008R2$
	Account Domain:		WORKGROUP
	Logon ID:		0x3e7

Object:
	Object Server:	Security
	Object Type:	File
	Object Name:	C:\Windows\winsxs\Temp\PendingRenames\2a46b4caafa2d501a10c0000fc03e40b.Microsoft.PowerShell.PackageManagement.dll
	Handle ID:	0x16f8

Process Information:
	Process ID:	0x3fc
	Process Name:	C:\Windows\servicing\TrustedInstaller.exe

Auditing Settings:
	Original Security Descriptor:	
	New Security Descriptor:		S:ARAI"
Audit Success,11/24/2019 10:13:18 AM,Microsoft-Windows-Security-Auditing,4907,Audit Policy Change,"Auditing settings on object were changed.

Subject:
	Security ID:		SYSTEM
	Account Name:		VAGRANT-2008R2$
	Account Domain:		WORKGROUP
	Logon ID:		0x3e7

Object:
	Object Server:	Security
	Object Type:	File
	Object Name:	C:\Windows\winsxs\Temp\PendingRenames\2a46b4caafa2d501a00c0000fc03e40b.PSGet.Resource.psd1
	Handle ID:	0x16e4

Process Information:
	Process ID:	0x3fc
	Process Name:	C:\Windows\servicing\TrustedInstaller.exe

Auditing Settings:
	Original Security Descriptor:	
	New Security Descriptor:		S:ARAI"
Audit Success,11/24/2019 10:13:18 AM,Microsoft-Windows-Security-Auditing,4907,Audit Policy Change,"Auditing settings on object were changed.

Subject:
	Security ID:		SYSTEM
	Account Name:		VAGRANT-2008R2$
	Account Domain:		WORKGROUP
	Logon ID:		0x3e7

Object:
	Object Server:	Security
	Object Type:	File
	Object Name:	C:\Windows\winsxs\Temp\PendingRenames\2a46b4caafa2d5019f0c0000fc03e40b.PSGet.Resource.psd1
	Handle ID:	0x16e0

Process Information:
	Process ID:	0x3fc
	Process Name:	C:\Windows\servicing\TrustedInstaller.exe

Auditing Settings:
	Original Security Descriptor:	
	New Security Descriptor:		S:ARAI"
Audit Success,11/24/2019 10:13:18 AM,Microsoft-Windows-Security-Auditing,4907,Audit Policy Change,"Auditing settings on object were changed.

Subject:
	Security ID:		SYSTEM
	Account Name:		VAGRANT-2008R2$
	Account Domain:		WORKGROUP
	Logon ID:		0x3e7

Object:
	Object Server:	Security
	Object Type:	File
	Object Name:	C:\Windows\winsxs\Temp\PendingRenames\2a46b4caafa2d5019e0c0000fc03e40b.PSGet.Format.ps1xml
	Handle ID:	0x16d4

Process Information:
	Process ID:	0x3fc
	Process Name:	C:\Windows\servicing\TrustedInstaller.exe

Auditing Settings:
	Original Security Descriptor:	
	New Security Descriptor:		S:ARAI"
Audit Success,11/24/2019 10:13:18 AM,Microsoft-Windows-Security-Auditing,4907,Audit Policy Change,"Auditing settings on object were changed.

Subject:
	Security ID:		SYSTEM
	Account Name:		VAGRANT-2008R2$
	Account Domain:		WORKGROUP
	Logon ID:		0x3e7

Object:
	Object Server:	Security
	Object Type:	File
	Object Name:	C:\Windows\winsxs\Temp\PendingRenames\2a46b4caafa2d5019d0c0000fc03e40b.PSModule.psm1
	Handle ID:	0x16d0

Process Information:
	Process ID:	0x3fc
	Process Name:	C:\Windows\servicing\TrustedInstaller.exe

Auditing Settings:
	Original Security Descriptor:	
	New Security Descriptor:		S:ARAI"
Audit Success,11/24/2019 10:13:18 AM,Microsoft-Windows-Security-Auditing,4907,Audit Policy Change,"Auditing settings on object were changed.

Subject:
	Security ID:		SYSTEM
	Account Name:		VAGRANT-2008R2$
	Account Domain:		WORKGROUP
	Logon ID:		0x3e7

Object:
	Object Server:	Security
	Object Type:	File
	Object Name:	C:\Windows\winsxs\Temp\PendingRenames\2a46b4caafa2d5019c0c0000fc03e40b.PowerShellGet.psd1
	Handle ID:	0x16cc

Process Information:
	Process ID:	0x3fc
	Process Name:	C:\Windows\servicing\TrustedInstaller.exe

Auditing Settings:
	Original Security Descriptor:	
	New Security Descriptor:		S:ARAI"
Audit Success,11/24/2019 10:13:18 AM,Microsoft-Windows-Security-Auditing,4907,Audit Policy Change,"Auditing settings on object were changed.

Subject:
	Security ID:		SYSTEM
	Account Name:		VAGRANT-2008R2$
	Account Domain:		WORKGROUP
	Logon ID:		0x3e7

Object:
	Object Server:	Security
	Object Type:	File
	Object Name:	C:\Windows\winsxs\Temp\PendingRenames\2a46b4caafa2d5019b0c0000fc03e40b.Microsoft.PackageManagement.MsiProvider.resources.dll
	Handle ID:	0x16bc

Process Information:
	Process ID:	0x3fc
	Process Name:	C:\Windows\servicing\TrustedInstaller.exe

Auditing Settings:
	Original Security Descriptor:	
	New Security Descriptor:		S:ARAI"
Audit Success,11/24/2019 10:13:18 AM,Microsoft-Windows-Security-Auditing,4907,Audit Policy Change,"Auditing settings on object were changed.

Subject:
	Security ID:		SYSTEM
	Account Name:		VAGRANT-2008R2$
	Account Domain:		WORKGROUP
	Logon ID:		0x3e7

Object:
	Object Server:	Security
	Object Type:	File
	Object Name:	C:\Windows\winsxs\Temp\PendingRenames\2a46b4caafa2d5019a0c0000fc03e40b.Microsoft.PackageManagement.resources.dll
	Handle ID:	0x1718

Process Information:
	Process ID:	0x3fc
	Process Name:	C:\Windows\servicing\TrustedInstaller.exe

Auditing Settings:
	Original Security Descriptor:	
	New Security Descriptor:		S:ARAI"
Audit Success,11/24/2019 10:13:18 AM,Microsoft-Windows-Security-Auditing,4907,Audit Policy Change,"Auditing settings on object were changed.

Subject:
	Security ID:		SYSTEM
	Account Name:		VAGRANT-2008R2$
	Account Domain:		WORKGROUP
	Logon ID:		0x3e7

Object:
	Object Server:	Security
	Object Type:	File
	Object Name:	C:\Windows\winsxs\Temp\PendingRenames\2a46b4caafa2d501990c0000fc03e40b.Microsoft.PackageManagement.MsuProvider.resources.dll
	Handle ID:	0x16b0

Process Information:
	Process ID:	0x3fc
	Process Name:	C:\Windows\servicing\TrustedInstaller.exe

Auditing Settings:
	Original Security Descriptor:	
	New Security Descriptor:		S:ARAI"
Audit Success,11/24/2019 10:13:18 AM,Microsoft-Windows-Security-Auditing,4907,Audit Policy Change,"Auditing settings on object were changed.

Subject:
	Security ID:		SYSTEM
	Account Name:		VAGRANT-2008R2$
	Account Domain:		WORKGROUP
	Logon ID:		0x3e7

Object:
	Object Server:	Security
	Object Type:	File
	Object Name:	C:\Windows\winsxs\Temp\PendingRenames\2a46b4caafa2d501980c0000fc03e40b.Microsoft.PackageManagement.ArchiverProviders.resources.dll
	Handle ID:	0x16a4

Process Information:
	Process ID:	0x3fc
	Process Name:	C:\Windows\servicing\TrustedInstaller.exe

Auditing Settings:
	Original Security Descriptor:	
	New Security Descriptor:		S:ARAI"
