Audit Success,11/24/2019 10:18:27 AM,Microsoft-Windows-Security-Auditing,4634,Logoff,"An account was logged off.

Subject:
	Security ID:		VAGRANT-2008R2\Administrator
	Account Name:		Administrator
	Account Domain:		VAGRANT-2008R2
	Logon ID:		0x672bb

Logon Type:			4

This event is generated when a logon session is destroyed. It may be positively correlated with a logon event using the Logon ID value. Logon IDs are only unique between reboots on the same computer."
Audit Success,11/24/2019 10:18:27 AM,Microsoft-Windows-Security-Auditing,4672,Special Logon,"Special privileges assigned to new logon.

Subject:
	Security ID:		VAGRANT-2008R2\Administrator
	Account Name:		Administrator
	Account Domain:		VAGRANT-2008R2
	Logon ID:		0x672bb

Privileges:		SeSecurityPrivilege
			SeTakeOwnershipPrivilege
			SeLoadDriverPrivilege
			SeBackupPrivilege
			SeRestorePrivilege
			SeDebugPrivilege
			SeSystemEnvironmentPrivilege
			SeImpersonatePrivilege"
Audit Success,11/24/2019 10:18:27 AM,Microsoft-Windows-Security-Auditing,4624,Logon,"An account was successfully logged on.

Subject:
	Security ID:		SYSTEM
	Account Name:		VAGRANT-2008R2$
	Account Domain:		WORKGROUP
	Logon ID:		0x3e7

Logon Type:			4

New Logon:
	Security ID:		VAGRANT-2008R2\Administrator
	Account Name:		Administrator
	Account Domain:		VAGRANT-2008R2
	Logon ID:		0x672bb
	Logon GUID:		{00000000-0000-0000-0000-000000000000}

Process Information:
	Process ID:		0x300
	Process Name:		C:\Windows\System32\svchost.exe

Network Information:
	Workstation Name:	VAGRANT-2008R2
	Source Network Address:	-
	Source Port:		-

Detailed Authentication Information:
	Logon Process:		Advapi  
	Authentication Package:	Negotiate
	Transited Services:	-
	Package Name (NTLM only):	-
	Key Length:		0

This event is generated when a logon session is created. It is generated on the computer that was accessed.

The subject fields indicate the account on the local system which requested the logon. This is most commonly a service such as the Server service, or a local process such as Winlogon.exe or Services.exe.

The logon type field indicates the kind of logon that occurred. The most common types are 2 (interactive) and 3 (network).

The New Logon fields indicate the account for whom the new logon was created, i.e. the account that was logged on.

The network fields indicate where a remote logon request originated. Workstation name is not always available and may be left blank in some cases.

The authentication information fields provide detailed information about this specific logon request.
	- Logon GUID is a unique identifier that can be used to correlate this event with a KDC event.
	- Transited services indicate which intermediate services have participated in this logon request.
	- Package name indicates which sub-protocol was used among the NTLM protocols.
	- Key length indicates the length of the generated session key. This will be 0 if no session key was requested."
Audit Success,11/24/2019 10:18:27 AM,Microsoft-Windows-Security-Auditing,4648,Logon,"A logon was attempted using explicit credentials.

Subject:
	Security ID:		SYSTEM
	Account Name:		VAGRANT-2008R2$
	Account Domain:		WORKGROUP
	Logon ID:		0x3e7
	Logon GUID:		{00000000-0000-0000-0000-000000000000}

Account Whose Credentials Were Used:
	Account Name:		Administrator
	Account Domain:		VAGRANT-2008R2
	Logon GUID:		{00000000-0000-0000-0000-000000000000}

Target Server:
	Target Server Name:	localhost
	Additional Information:	localhost

Process Information:
	Process ID:		0x300
	Process Name:		C:\Windows\System32\svchost.exe

Network Information:
	Network Address:	-
	Port:			-

This event is generated when a process attempts to log on an account by explicitly specifying that account’s credentials.  This most commonly occurs in batch-type configurations such as scheduled tasks, or when using the RUNAS command."
Audit Success,11/24/2019 10:18:27 AM,Microsoft-Windows-Security-Auditing,4776,Credential Validation,"The computer attempted to validate the credentials for an account.

Authentication Package:	MICROSOFT_AUTHENTICATION_PACKAGE_V1_0
Logon Account:	Administrator
Source Workstation:	VAGRANT-2008R2
Error Code:	0x0"
Audit Success,11/24/2019 10:18:08 AM,Microsoft-Windows-Security-Auditing,4672,Special Logon,"Special privileges assigned to new logon.

Subject:
	Security ID:		SYSTEM
	Account Name:		SYSTEM
	Account Domain:		NT AUTHORITY
	Logon ID:		0x3e7

Privileges:		SeAssignPrimaryTokenPrivilege
			SeTcbPrivilege
			SeSecurityPrivilege
			SeTakeOwnershipPrivilege
			SeLoadDriverPrivilege
			SeBackupPrivilege
			SeRestorePrivilege
			SeDebugPrivilege
			SeAuditPrivilege
			SeSystemEnvironmentPrivilege
			SeImpersonatePrivilege"
Audit Success,11/24/2019 10:18:08 AM,Microsoft-Windows-Security-Auditing,4624,Logon,"An account was successfully logged on.

Subject:
	Security ID:		SYSTEM
	Account Name:		VAGRANT-2008R2$
	Account Domain:		WORKGROUP
	Logon ID:		0x3e7

Logon Type:			5

New Logon:
	Security ID:		SYSTEM
	Account Name:		SYSTEM
	Account Domain:		NT AUTHORITY
	Logon ID:		0x3e7
	Logon GUID:		{00000000-0000-0000-0000-000000000000}

Process Information:
	Process ID:		0x1b4
	Process Name:		C:\Windows\System32\services.exe

Network Information:
	Workstation Name:	
	Source Network Address:	-
	Source Port:		-

Detailed Authentication Information:
	Logon Process:		Advapi  
	Authentication Package:	Negotiate
	Transited Services:	-
	Package Name (NTLM only):	-
	Key Length:		0

This event is generated when a logon session is created. It is generated on the computer that was accessed.

The subject fields indicate the account on the local system which requested the logon. This is most commonly a service such as the Server service, or a local process such as Winlogon.exe or Services.exe.

The logon type field indicates the kind of logon that occurred. The most common types are 2 (interactive) and 3 (network).

The New Logon fields indicate the account for whom the new logon was created, i.e. the account that was logged on.

The network fields indicate where a remote logon request originated. Workstation name is not always available and may be left blank in some cases.

The authentication information fields provide detailed information about this specific logon request.
	- Logon GUID is a unique identifier that can be used to correlate this event with a KDC event.
	- Transited services indicate which intermediate services have participated in this logon request.
	- Package name indicates which sub-protocol was used among the NTLM protocols.
	- Key length indicates the length of the generated session key. This will be 0 if no session key was requested."
Audit Success,11/24/2019 10:18:08 AM,Microsoft-Windows-Security-Auditing,4672,Special Logon,"Special privileges assigned to new logon.

Subject:
	Security ID:		SYSTEM
	Account Name:		SYSTEM
	Account Domain:		NT AUTHORITY
	Logon ID:		0x3e7

Privileges:		SeAssignPrimaryTokenPrivilege
			SeTcbPrivilege
			SeSecurityPrivilege
			SeTakeOwnershipPrivilege
			SeLoadDriverPrivilege
			SeBackupPrivilege
			SeRestorePrivilege
			SeDebugPrivilege
			SeAuditPrivilege
			SeSystemEnvironmentPrivilege
			SeImpersonatePrivilege"
Audit Success,11/24/2019 10:18:08 AM,Microsoft-Windows-Security-Auditing,4624,Logon,"An account was successfully logged on.

Subject:
	Security ID:		SYSTEM
	Account Name:		VAGRANT-2008R2$
	Account Domain:		WORKGROUP
	Logon ID:		0x3e7

Logon Type:			5

New Logon:
	Security ID:		SYSTEM
	Account Name:		SYSTEM
	Account Domain:		NT AUTHORITY
	Logon ID:		0x3e7
	Logon GUID:		{00000000-0000-0000-0000-000000000000}

Process Information:
	Process ID:		0x1b4
	Process Name:		C:\Windows\System32\services.exe

Network Information:
	Workstation Name:	
	Source Network Address:	-
	Source Port:		-

Detailed Authentication Information:
	Logon Process:		Advapi  
	Authentication Package:	Negotiate
	Transited Services:	-
	Package Name (NTLM only):	-
	Key Length:		0

This event is generated when a logon session is created. It is generated on the computer that was accessed.

The subject fields indicate the account on the local system which requested the logon. This is most commonly a service such as the Server service, or a local process such as Winlogon.exe or Services.exe.

The logon type field indicates the kind of logon that occurred. The most common types are 2 (interactive) and 3 (network).

The New Logon fields indicate the account for whom the new logon was created, i.e. the account that was logged on.

The network fields indicate where a remote logon request originated. Workstation name is not always available and may be left blank in some cases.

The authentication information fields provide detailed information about this specific logon request.
	- Logon GUID is a unique identifier that can be used to correlate this event with a KDC event.
	- Transited services indicate which intermediate services have participated in this logon request.
	- Package name indicates which sub-protocol was used among the NTLM protocols.
	- Key length indicates the length of the generated session key. This will be 0 if no session key was requested."
Audit Success,11/24/2019 10:18:07 AM,Microsoft-Windows-Security-Auditing,4634,Logoff,"An account was logged off.

Subject:
	Security ID:		IIS APPPOOL\Classic .NET AppPool
	Account Name:		Classic .NET AppPool
	Account Domain:		IIS APPPOOL
	Logon ID:		0x5a76f

Logon Type:			5

This event is generated when a logon session is destroyed. It may be positively correlated with a logon event using the Logon ID value. Logon IDs are only unique between reboots on the same computer."
Audit Success,11/24/2019 10:18:06 AM,Microsoft-Windows-Security-Auditing,4672,Special Logon,"Special privileges assigned to new logon.

Subject:
	Security ID:		IIS APPPOOL\Classic .NET AppPool
	Account Name:		Classic .NET AppPool
	Account Domain:		IIS APPPOOL
	Logon ID:		0x5a76f

Privileges:		SeAssignPrimaryTokenPrivilege
			SeAuditPrivilege
			SeImpersonatePrivilege"
Audit Success,11/24/2019 10:18:06 AM,Microsoft-Windows-Security-Auditing,4624,Logon,"An account was successfully logged on.

Subject:
	Security ID:		SYSTEM
	Account Name:		VAGRANT-2008R2$
	Account Domain:		WORKGROUP
	Logon ID:		0x3e7

Logon Type:			5

New Logon:
	Security ID:		IIS APPPOOL\Classic .NET AppPool
	Account Name:		Classic .NET AppPool
	Account Domain:		IIS APPPOOL
	Logon ID:		0x5a76f
	Logon GUID:		{00000000-0000-0000-0000-000000000000}

Process Information:
	Process ID:		0xb1c
	Process Name:		C:\Windows\System32\inetsrv\aspnetca.exe

Network Information:
	Workstation Name:	
	Source Network Address:	-
	Source Port:		-

Detailed Authentication Information:
	Logon Process:		Advapi  
	Authentication Package:	Negotiate
	Transited Services:	-
	Package Name (NTLM only):	-
	Key Length:		0

This event is generated when a logon session is created. It is generated on the computer that was accessed.

The subject fields indicate the account on the local system which requested the logon. This is most commonly a service such as the Server service, or a local process such as Winlogon.exe or Services.exe.

The logon type field indicates the kind of logon that occurred. The most common types are 2 (interactive) and 3 (network).

The New Logon fields indicate the account for whom the new logon was created, i.e. the account that was logged on.

The network fields indicate where a remote logon request originated. Workstation name is not always available and may be left blank in some cases.

The authentication information fields provide detailed information about this specific logon request.
	- Logon GUID is a unique identifier that can be used to correlate this event with a KDC event.
	- Transited services indicate which intermediate services have participated in this logon request.
	- Package name indicates which sub-protocol was used among the NTLM protocols.
	- Key length indicates the length of the generated session key. This will be 0 if no session key was requested."
Audit Success,11/24/2019 10:18:06 AM,Microsoft-Windows-Security-Auditing,4648,Logon,"A logon was attempted using explicit credentials.

Subject:
	Security ID:		SYSTEM
	Account Name:		VAGRANT-2008R2$
	Account Domain:		WORKGROUP
	Logon ID:		0x3e7
	Logon GUID:		{00000000-0000-0000-0000-000000000000}

Account Whose Credentials Were Used:
	Account Name:		Classic .NET AppPool
	Account Domain:		IIS APPPOOL
	Logon GUID:		{00000000-0000-0000-0000-000000000000}

Target Server:
	Target Server Name:	localhost
	Additional Information:	localhost

Process Information:
	Process ID:		0xb1c
	Process Name:		C:\Windows\System32\inetsrv\aspnetca.exe

Network Information:
	Network Address:	-
	Port:			-

This event is generated when a process attempts to log on an account by explicitly specifying that account’s credentials.  This most commonly occurs in batch-type configurations such as scheduled tasks, or when using the RUNAS command."
Audit Success,11/24/2019 10:18:06 AM,Microsoft-Windows-Security-Auditing,4717,Authentication Policy Change,"System security access was granted to an account.

Subject:
	Security ID:		SYSTEM
	Account Name:		VAGRANT-2008R2$
	Account Domain:		WORKGROUP
	Logon ID:		0x3e7

Account Modified:
	Account Name:		IIS APPPOOL\Classic .NET AppPool

Access Granted:
	Access Right:		SeServiceLogonRight"
Audit Success,11/24/2019 10:17:49 AM,Microsoft-Windows-Security-Auditing,5888,System Integrity,"An object in the COM+ Catalog was modified.

Subject:
	Security ID:		SYSTEM
	Account Name:		SYSTEM
	Account Domain:		NT AUTHORITY
	Logon ID:		0x3E7

Object:
	COM+ Catalog Collection:	Components
	Object Name:			
		CLSID = {315FA593-3CF5-4310-887B-3977A578488A}
		Bitness = 2
		ApplicationID = {5268CA1B-44FF-4FE6-9D5F-9CF63F69C4E3}
	Object Properties Modified:	
		Transaction = '1' -> '0'
		Synchronization = '3' -> '0'
		JustInTimeActivation = '1' -> '0'
		EventTrackingEnabled = '1' -> '0'
		MustRunInDefaultContext = '0' -> '1'"
Audit Success,11/24/2019 10:17:49 AM,Microsoft-Windows-Security-Auditing,5888,System Integrity,"An object in the COM+ Catalog was modified.

Subject:
	Security ID:		SYSTEM
	Account Name:		SYSTEM
	Account Domain:		NT AUTHORITY
	Logon ID:		0x3E7

Object:
	COM+ Catalog Collection:	Components
	Object Name:			
		CLSID = {315FA593-3CF5-4310-887B-3977A578488A}
		Bitness = 2
		ApplicationID = {5268CA1B-44FF-4FE6-9D5F-9CF63F69C4E3}
	Object Properties Modified:	
		ApplicationID = '<null>' -> '{5268CA1B-44FF-4FE6-9D5F-9CF63F69C4E3}'
		Transaction = '0' -> '1'
		Synchronization = '0' -> '3'
		JustInTimeActivation = '0' -> '1'
		EventTrackingEnabled = '0' -> '1'
		SavedProgId = '<null>' -> 'IISFtpHost.IISFtpHost.1'
		AllowInprocSubscribers = '0' -> '1'
		IsEnabled = '0' -> '1'
		TxIsolationLevel = '0' -> '4'"
Audit Success,11/24/2019 10:17:49 AM,Microsoft-Windows-Security-Auditing,5890,System Integrity,"An object was added to the COM+ Catalog.

Subject:
	Security ID:		SYSTEM
	Account Name:		SYSTEM
	Account Domain:		NT AUTHORITY
	Logon ID:		0x3E7

Object:
	COM+ Catalog Collection:	Applications
	Object Name:			
		ID = {5268CA1B-44FF-4FE6-9D5F-9CF63F69C4E3}
		AppPartitionID = {41E90F3E-56C1-4633-81C3-6E8BAC8BDD70}
	Object Details:			
		Name = Microsoft FTP Publishing Service Extensibility Host
		ApplicationProxyServerName = 
		ProcessType = 2
		CommandLine = 
		ServiceName = 
		RunAsUserType = 1
		Identity = NT AUTHORITY\NetworkService
		Description = 
		IsSystem = N
		Authentication = 4
		ShutdownAfter = 3
		RunForever = Y
		Password = ********
		Activation = Local
		Changeable = Y
		Deleteable = N
		CreatedBy = Microsoft Internet Information Services
		AccessChecksLevel = 0
		ApplicationAccessChecksEnabled = 0
		cCOL_SecurityDescriptor = <Opaque>
		ImpersonationLevel = 3
		AuthenticationCapability = 64
		CRMEnabled = 0
		3GigSupportEnabled = 0
		QueuingEnabled = 0
		QueueListenerEnabled = N
		EventsEnabled = 1
		ProcessFlags = 0
		ThreadMax = 0
		ApplicationProxy = 0
		CRMLogFile = 
		DumpEnabled = 0
		DumpOnException = 0
		DumpOnFailfast = 0
		MaxDumpCount = 5
		DumpPath = %systemroot%\system32\com\dmp
		IsEnabled = 1
		ConcurrentApps = 1
		RecycleLifetimeLimit = 0
		RecycleCallLimit = 0
		RecycleActivationLimit = 0
		RecycleMemoryLimit = 0
		RecycleExpirationTimeout = 15
		QCListenerMaxThreads = 0
		QCAuthenticateMsgs = 0
		ApplicationDirectory = 
		SRPTrustLevel = 262144
		SRPEnabled = 0
		SoapActivated = 0
		SoapVRoot = 
		SoapMailTo = 
		SoapBaseUrl = 
		Replicable = 1"
Audit Success,11/24/2019 10:17:47 AM,Microsoft-Windows-Security-Auditing,4672,Special Logon,"Special privileges assigned to new logon.

Subject:
	Security ID:		SYSTEM
	Account Name:		SYSTEM
	Account Domain:		NT AUTHORITY
	Logon ID:		0x3e7

Privileges:		SeAssignPrimaryTokenPrivilege
			SeTcbPrivilege
			SeSecurityPrivilege
			SeTakeOwnershipPrivilege
			SeLoadDriverPrivilege
			SeBackupPrivilege
			SeRestorePrivilege
			SeDebugPrivilege
			SeAuditPrivilege
			SeSystemEnvironmentPrivilege
			SeImpersonatePrivilege"
Audit Success,11/24/2019 10:17:47 AM,Microsoft-Windows-Security-Auditing,4624,Logon,"An account was successfully logged on.

Subject:
	Security ID:		SYSTEM
	Account Name:		VAGRANT-2008R2$
	Account Domain:		WORKGROUP
	Logon ID:		0x3e7

Logon Type:			5

New Logon:
	Security ID:		SYSTEM
	Account Name:		SYSTEM
	Account Domain:		NT AUTHORITY
	Logon ID:		0x3e7
	Logon GUID:		{00000000-0000-0000-0000-000000000000}

Process Information:
	Process ID:		0x1b4
	Process Name:		C:\Windows\System32\services.exe

Network Information:
	Workstation Name:	
	Source Network Address:	-
	Source Port:		-

Detailed Authentication Information:
	Logon Process:		Advapi  
	Authentication Package:	Negotiate
	Transited Services:	-
	Package Name (NTLM only):	-
	Key Length:		0

This event is generated when a logon session is created. It is generated on the computer that was accessed.

The subject fields indicate the account on the local system which requested the logon. This is most commonly a service such as the Server service, or a local process such as Winlogon.exe or Services.exe.

The logon type field indicates the kind of logon that occurred. The most common types are 2 (interactive) and 3 (network).

The New Logon fields indicate the account for whom the new logon was created, i.e. the account that was logged on.

The network fields indicate where a remote logon request originated. Workstation name is not always available and may be left blank in some cases.

The authentication information fields provide detailed information about this specific logon request.
	- Logon GUID is a unique identifier that can be used to correlate this event with a KDC event.
	- Transited services indicate which intermediate services have participated in this logon request.
	- Package name indicates which sub-protocol was used among the NTLM protocols.
	- Key length indicates the length of the generated session key. This will be 0 if no session key was requested."
Audit Success,11/24/2019 10:17:31 AM,Microsoft-Windows-Security-Auditing,4672,Special Logon,"Special privileges assigned to new logon.

Subject:
	Security ID:		NT AUTHORITY\IUSR
	Account Name:		IUSR
	Account Domain:		NT AUTHORITY
	Logon ID:		0x3e3

Privileges:		SeImpersonatePrivilege"
Audit Success,11/24/2019 10:17:31 AM,Microsoft-Windows-Security-Auditing,4624,Logon,"An account was successfully logged on.

Subject:
	Security ID:		SYSTEM
	Account Name:		VAGRANT-2008R2$
	Account Domain:		WORKGROUP
	Logon ID:		0x3e7

Logon Type:			5

New Logon:
	Security ID:		NT AUTHORITY\IUSR
	Account Name:		IUSR
	Account Domain:		NT AUTHORITY
	Logon ID:		0x3e3
	Logon GUID:		{00000000-0000-0000-0000-000000000000}

Process Information:
	Process ID:		0x790
	Process Name:		C:\Windows\System32\svchost.exe

Network Information:
	Workstation Name:	
	Source Network Address:	-
	Source Port:		-

Detailed Authentication Information:
	Logon Process:		Advapi  
	Authentication Package:	Negotiate
	Transited Services:	-
	Package Name (NTLM only):	-
	Key Length:		0

This event is generated when a logon session is created. It is generated on the computer that was accessed.

The subject fields indicate the account on the local system which requested the logon. This is most commonly a service such as the Server service, or a local process such as Winlogon.exe or Services.exe.

The logon type field indicates the kind of logon that occurred. The most common types are 2 (interactive) and 3 (network).

The New Logon fields indicate the account for whom the new logon was created, i.e. the account that was logged on.

The network fields indicate where a remote logon request originated. Workstation name is not always available and may be left blank in some cases.

The authentication information fields provide detailed information about this specific logon request.
	- Logon GUID is a unique identifier that can be used to correlate this event with a KDC event.
	- Transited services indicate which intermediate services have participated in this logon request.
	- Package name indicates which sub-protocol was used among the NTLM protocols.
	- Key length indicates the length of the generated session key. This will be 0 if no session key was requested."
Audit Success,11/24/2019 10:17:30 AM,Microsoft-Windows-Security-Auditing,4672,Special Logon,"Special privileges assigned to new logon.

Subject:
	Security ID:		SYSTEM
	Account Name:		SYSTEM
	Account Domain:		NT AUTHORITY
	Logon ID:		0x3e7

Privileges:		SeAssignPrimaryTokenPrivilege
			SeTcbPrivilege
			SeSecurityPrivilege
			SeTakeOwnershipPrivilege
			SeLoadDriverPrivilege
			SeBackupPrivilege
			SeRestorePrivilege
			SeDebugPrivilege
			SeAuditPrivilege
			SeSystemEnvironmentPrivilege
			SeImpersonatePrivilege"
Audit Success,11/24/2019 10:17:30 AM,Microsoft-Windows-Security-Auditing,4624,Logon,"An account was successfully logged on.

Subject:
	Security ID:		SYSTEM
	Account Name:		VAGRANT-2008R2$
	Account Domain:		WORKGROUP
	Logon ID:		0x3e7

Logon Type:			5

New Logon:
	Security ID:		SYSTEM
	Account Name:		SYSTEM
	Account Domain:		NT AUTHORITY
	Logon ID:		0x3e7
	Logon GUID:		{00000000-0000-0000-0000-000000000000}

Process Information:
	Process ID:		0x1b4
	Process Name:		C:\Windows\System32\services.exe

Network Information:
	Workstation Name:	
	Source Network Address:	-
	Source Port:		-

Detailed Authentication Information:
	Logon Process:		Advapi  
	Authentication Package:	Negotiate
	Transited Services:	-
	Package Name (NTLM only):	-
	Key Length:		0

This event is generated when a logon session is created. It is generated on the computer that was accessed.

The subject fields indicate the account on the local system which requested the logon. This is most commonly a service such as the Server service, or a local process such as Winlogon.exe or Services.exe.

The logon type field indicates the kind of logon that occurred. The most common types are 2 (interactive) and 3 (network).

The New Logon fields indicate the account for whom the new logon was created, i.e. the account that was logged on.

The network fields indicate where a remote logon request originated. Workstation name is not always available and may be left blank in some cases.

The authentication information fields provide detailed information about this specific logon request.
	- Logon GUID is a unique identifier that can be used to correlate this event with a KDC event.
	- Transited services indicate which intermediate services have participated in this logon request.
	- Package name indicates which sub-protocol was used among the NTLM protocols.
	- Key length indicates the length of the generated session key. This will be 0 if no session key was requested."
Audit Success,11/24/2019 10:17:30 AM,Microsoft-Windows-Security-Auditing,4733,Security Group Management,"A member was removed from a security-enabled local group.

Subject:
	Security ID:		SYSTEM
	Account Name:		VAGRANT-2008R2$
	Account Domain:		WORKGROUP
	Logon ID:		0x3e7

Member:
	Security ID:		NT AUTHORITY\IUSR
	Account Name:		-

Group:
	Security ID:		BUILTIN\IIS_IUSRS
	Group Name:		IIS_IUSRS
	Group Domain:		Builtin

Additional Information:
	Privileges:		-"
Audit Success,11/24/2019 10:17:30 AM,Microsoft-Windows-Security-Auditing,4717,Authentication Policy Change,"System security access was granted to an account.

Subject:
	Security ID:		SYSTEM
	Account Name:		VAGRANT-2008R2$
	Account Domain:		WORKGROUP
	Logon ID:		0x3e7

Account Modified:
	Account Name:		BUILTIN\IIS_IUSRS

Access Granted:
	Access Right:		SeBatchLogonRight"
Audit Success,11/24/2019 10:17:21 AM,Microsoft-Windows-Security-Auditing,4907,Audit Policy Change,"Auditing settings on object were changed.

Subject:
	Security ID:		SYSTEM
	Account Name:		VAGRANT-2008R2$
	Account Domain:		WORKGROUP
	Logon ID:		0x3e7

Object:
	Object Server:	Security
	Object Type:	File
	Object Name:	C:\Program Files\Reference Assemblies\Microsoft\IIS\Microsoft.Web.FtpServer.dll
	Handle ID:	0x440

Process Information:
	Process ID:	0xd4
	Process Name:	C:\Windows\servicing\TrustedInstaller.exe

Auditing Settings:
	Original Security Descriptor:	
	New Security Descriptor:		S:ARAI(AU;SAFA;DCLCRPCRSDWDWO;;;WD)"
Audit Success,11/24/2019 10:17:21 AM,Microsoft-Windows-Security-Auditing,4907,Audit Policy Change,"Auditing settings on object were changed.

Subject:
	Security ID:		SYSTEM
	Account Name:		VAGRANT-2008R2$
	Account Domain:		WORKGROUP
	Logon ID:		0x3e7

Object:
	Object Server:	Security
	Object Type:	File
	Object Name:	C:\Program Files (x86)\Reference Assemblies\Microsoft\IIS\Microsoft.Web.FtpServer.dll
	Handle ID:	0x4ac

Process Information:
	Process ID:	0xd4
	Process Name:	C:\Windows\servicing\TrustedInstaller.exe

Auditing Settings:
	Original Security Descriptor:	
	New Security Descriptor:		S:ARAI(AU;SAFA;DCLCRPCRSDWDWO;;;WD)"
Audit Success,11/24/2019 10:17:21 AM,Microsoft-Windows-Security-Auditing,4907,Audit Policy Change,"Auditing settings on object were changed.

Subject:
	Security ID:		SYSTEM
	Account Name:		VAGRANT-2008R2$
	Account Domain:		WORKGROUP
	Logon ID:		0x3e7

Object:
	Object Server:	Security
	Object Type:	File
	Object Name:	C:\Windows\SysWOW64\migration\iismig.dll
	Handle ID:	0x4ac

Process Information:
	Process ID:	0xd4
	Process Name:	C:\Windows\servicing\TrustedInstaller.exe

Auditing Settings:
	Original Security Descriptor:	
	New Security Descriptor:		S:ARAI(AU;SAFA;DCLCRPCRSDWDWO;;;WD)"
Audit Success,11/24/2019 10:17:21 AM,Microsoft-Windows-Security-Auditing,4907,Audit Policy Change,"Auditing settings on object were changed.

Subject:
	Security ID:		SYSTEM
	Account Name:		VAGRANT-2008R2$
	Account Domain:		WORKGROUP
	Logon ID:		0x3e7

Object:
	Object Server:	Security
	Object Type:	File
	Object Name:	C:\Windows\SysWOW64\inetsrv\en-US\appobj.dll.mui
	Handle ID:	0x4b0

Process Information:
	Process ID:	0xd4
	Process Name:	C:\Windows\servicing\TrustedInstaller.exe

Auditing Settings:
	Original Security Descriptor:	
	New Security Descriptor:		S:ARAI(AU;SAFA;DCLCRPCRSDWDWO;;;WD)"
Audit Success,11/24/2019 10:17:21 AM,Microsoft-Windows-Security-Auditing,4907,Audit Policy Change,"Auditing settings on object were changed.

Subject:
	Security ID:		SYSTEM
	Account Name:		VAGRANT-2008R2$
	Account Domain:		WORKGROUP
	Logon ID:		0x3e7

Object:
	Object Server:	Security
	Object Type:	File
	Object Name:	C:\Windows\SysWOW64\inetsrv\en-US\iissetup.exe.mui
	Handle ID:	0x57c

Process Information:
	Process ID:	0xd4
	Process Name:	C:\Windows\servicing\TrustedInstaller.exe

Auditing Settings:
	Original Security Descriptor:	
	New Security Descriptor:		S:ARAI(AU;SAFA;DCLCRPCRSDWDWO;;;WD)"
Audit Success,11/24/2019 10:17:21 AM,Microsoft-Windows-Security-Auditing,4907,Audit Policy Change,"Auditing settings on object were changed.

Subject:
	Security ID:		SYSTEM
	Account Name:		VAGRANT-2008R2$
	Account Domain:		WORKGROUP
	Logon ID:		0x3e7

Object:
	Object Server:	Security
	Object Type:	File
	Object Name:	C:\Windows\SysWOW64\inetsrv\en-US\w3wp.exe.mui
	Handle ID:	0x440

Process Information:
	Process ID:	0xd4
	Process Name:	C:\Windows\servicing\TrustedInstaller.exe

Auditing Settings:
	Original Security Descriptor:	
	New Security Descriptor:		S:ARAI(AU;SAFA;DCLCRPCRSDWDWO;;;WD)"
Audit Success,11/24/2019 10:17:21 AM,Microsoft-Windows-Security-Auditing,4907,Audit Policy Change,"Auditing settings on object were changed.

Subject:
	Security ID:		SYSTEM
	Account Name:		VAGRANT-2008R2$
	Account Domain:		WORKGROUP
	Logon ID:		0x3e7

Object:
	Object Server:	Security
	Object Type:	File
	Object Name:	C:\Windows\SysWOW64\inetsrv\en-US\iisfcgi.dll.mui
	Handle ID:	0x4ac

Process Information:
	Process ID:	0xd4
	Process Name:	C:\Windows\servicing\TrustedInstaller.exe

Auditing Settings:
	Original Security Descriptor:	
	New Security Descriptor:		S:ARAI(AU;SAFA;DCLCRPCRSDWDWO;;;WD)"
Audit Success,11/24/2019 10:17:21 AM,Microsoft-Windows-Security-Auditing,4907,Audit Policy Change,"Auditing settings on object were changed.

Subject:
	Security ID:		SYSTEM
	Account Name:		VAGRANT-2008R2$
	Account Domain:		WORKGROUP
	Logon ID:		0x3e7

Object:
	Object Server:	Security
	Object Type:	File
	Object Name:	C:\Windows\SysWOW64\inetsrv\en-US\iis.msc
	Handle ID:	0x4b0

Process Information:
	Process ID:	0xd4
	Process Name:	C:\Windows\servicing\TrustedInstaller.exe

Auditing Settings:
	Original Security Descriptor:	
	New Security Descriptor:		S:ARAI(AU;SAFA;DCLCRPCRSDWDWO;;;WD)"
Audit Success,11/24/2019 10:17:21 AM,Microsoft-Windows-Security-Auditing,4907,Audit Policy Change,"Auditing settings on object were changed.

Subject:
	Security ID:		SYSTEM
	Account Name:		VAGRANT-2008R2$
	Account Domain:		WORKGROUP
	Logon ID:		0x3e7

Object:
	Object Server:	Security
	Object Type:	File
	Object Name:	C:\Windows\SysWOW64\inetsrv\en-US\ftpsvc.mfl
	Handle ID:	0x57c

Process Information:
	Process ID:	0xd4
	Process Name:	C:\Windows\servicing\TrustedInstaller.exe

Auditing Settings:
	Original Security Descriptor:	
	New Security Descriptor:		S:ARAI(AU;SAFA;DCLCRPCRSDWDWO;;;WD)"
Audit Success,11/24/2019 10:17:21 AM,Microsoft-Windows-Security-Auditing,4907,Audit Policy Change,"Auditing settings on object were changed.

Subject:
	Security ID:		SYSTEM
	Account Name:		VAGRANT-2008R2$
	Account Domain:		WORKGROUP
	Logon ID:		0x3e7

Object:
	Object Server:	Security
	Object Type:	File
	Object Name:	C:\Windows\SysWOW64\inetsrv\en-US\appcmd.exe.mui
	Handle ID:	0x440

Process Information:
	Process ID:	0xd4
	Process Name:	C:\Windows\servicing\TrustedInstaller.exe

Auditing Settings:
	Original Security Descriptor:	
	New Security Descriptor:		S:ARAI(AU;SAFA;DCLCRPCRSDWDWO;;;WD)"
Audit Success,11/24/2019 10:17:21 AM,Microsoft-Windows-Security-Auditing,4907,Audit Policy Change,"Auditing settings on object were changed.

Subject:
	Security ID:		SYSTEM
	Account Name:		VAGRANT-2008R2$
	Account Domain:		WORKGROUP
	Logon ID:		0x3e7

Object:
	Object Server:	Security
	Object Type:	File
	Object Name:	C:\Windows\SysWOW64\inetsrv\en-US\ftpres.dll.mui
	Handle ID:	0x4ac

Process Information:
	Process ID:	0xd4
	Process Name:	C:\Windows\servicing\TrustedInstaller.exe

Auditing Settings:
	Original Security Descriptor:	
	New Security Descriptor:		S:ARAI(AU;SAFA;DCLCRPCRSDWDWO;;;WD)"
Audit Success,11/24/2019 10:17:21 AM,Microsoft-Windows-Security-Auditing,4907,Audit Policy Change,"Auditing settings on object were changed.

Subject:
	Security ID:		SYSTEM
	Account Name:		VAGRANT-2008R2$
	Account Domain:		WORKGROUP
	Logon ID:		0x3e7

Object:
	Object Server:	Security
	Object Type:	File
	Object Name:	C:\Windows\SysWOW64\inetsrv\en-US\iisres.dll.mui
	Handle ID:	0x4b0

Process Information:
	Process ID:	0xd4
	Process Name:	C:\Windows\servicing\TrustedInstaller.exe

Auditing Settings:
	Original Security Descriptor:	
	New Security Descriptor:		S:ARAI(AU;SAFA;DCLCRPCRSDWDWO;;;WD)"
Audit Success,11/24/2019 10:17:21 AM,Microsoft-Windows-Security-Auditing,4907,Audit Policy Change,"Auditing settings on object were changed.

Subject:
	Security ID:		SYSTEM
	Account Name:		VAGRANT-2008R2$
	Account Domain:		WORKGROUP
	Logon ID:		0x3e7

Object:
	Object Server:	Security
	Object Type:	File
	Object Name:	C:\Windows\SysWOW64\inetsrv\en-US\XPath.dll.mui
	Handle ID:	0x57c

Process Information:
	Process ID:	0xd4
	Process Name:	C:\Windows\servicing\TrustedInstaller.exe

Auditing Settings:
	Original Security Descriptor:	
	New Security Descriptor:		S:ARAI(AU;SAFA;DCLCRPCRSDWDWO;;;WD)"
Audit Success,11/24/2019 10:17:21 AM,Microsoft-Windows-Security-Auditing,4907,Audit Policy Change,"Auditing settings on object were changed.

Subject:
	Security ID:		SYSTEM
	Account Name:		VAGRANT-2008R2$
	Account Domain:		WORKGROUP
	Logon ID:		0x3e7

Object:
	Object Server:	Security
	Object Type:	File
	Object Name:	C:\Windows\SysWOW64\inetsrv\en-US\AppHostNavigators.dll.mui
	Handle ID:	0x440

Process Information:
	Process ID:	0xd4
	Process Name:	C:\Windows\servicing\TrustedInstaller.exe

Auditing Settings:
	Original Security Descriptor:	
	New Security Descriptor:		S:ARAI(AU;SAFA;DCLCRPCRSDWDWO;;;WD)"
Audit Success,11/24/2019 10:17:21 AM,Microsoft-Windows-Security-Auditing,4907,Audit Policy Change,"Auditing settings on object were changed.

Subject:
	Security ID:		SYSTEM
	Account Name:		VAGRANT-2008R2$
	Account Domain:		WORKGROUP
	Logon ID:		0x3e7

Object:
	Object Server:	Security
	Object Type:	File
	Object Name:	C:\Windows\SysWOW64\inetsrv\en-US\Inetmgr.exe.mui
	Handle ID:	0x4ac

Process Information:
	Process ID:	0xd4
	Process Name:	C:\Windows\servicing\TrustedInstaller.exe

Auditing Settings:
	Original Security Descriptor:	
	New Security Descriptor:		S:ARAI(AU;SAFA;DCLCRPCRSDWDWO;;;WD)"
Audit Success,11/24/2019 10:17:21 AM,Microsoft-Windows-Security-Auditing,4907,Audit Policy Change,"Auditing settings on object were changed.

Subject:
	Security ID:		SYSTEM
	Account Name:		VAGRANT-2008R2$
	Account Domain:		WORKGROUP
	Logon ID:		0x3e7

Object:
	Object Server:	Security
	Object Type:	File
	Object Name:	C:\Windows\SysWOW64\inetsrv\en-US\browscap.dll.mui
	Handle ID:	0x4b0

Process Information:
	Process ID:	0xd4
	Process Name:	C:\Windows\servicing\TrustedInstaller.exe

Auditing Settings:
	Original Security Descriptor:	
	New Security Descriptor:		S:ARAI(AU;SAFA;DCLCRPCRSDWDWO;;;WD)"
Audit Success,11/24/2019 10:17:21 AM,Microsoft-Windows-Security-Auditing,4907,Audit Policy Change,"Auditing settings on object were changed.

Subject:
	Security ID:		SYSTEM
	Account Name:		VAGRANT-2008R2$
	Account Domain:		WORKGROUP
	Logon ID:		0x3e7

Object:
	Object Server:	Security
	Object Type:	File
	Object Name:	C:\Windows\SysWOW64\inetsrv\en-US\asp.mfl
	Handle ID:	0x57c

Process Information:
	Process ID:	0xd4
	Process Name:	C:\Windows\servicing\TrustedInstaller.exe

Auditing Settings:
	Original Security Descriptor:	S:AI
	New Security Descriptor:		"
Audit Success,11/24/2019 10:17:21 AM,Microsoft-Windows-Security-Auditing,4907,Audit Policy Change,"Auditing settings on object were changed.

Subject:
	Security ID:		SYSTEM
	Account Name:		VAGRANT-2008R2$
	Account Domain:		WORKGROUP
	Logon ID:		0x3e7

Object:
	Object Server:	Security
	Object Type:	File
	Object Name:	C:\Windows\SysWOW64\inetsrv\AppHostNavigators.dll
	Handle ID:	0x4ac

Process Information:
	Process ID:	0xd4
	Process Name:	C:\Windows\servicing\TrustedInstaller.exe

Auditing Settings:
	Original Security Descriptor:	
	New Security Descriptor:		S:ARAI(AU;SAFA;DCLCRPCRSDWDWO;;;WD)"
Audit Success,11/24/2019 10:17:21 AM,Microsoft-Windows-Security-Auditing,4907,Audit Policy Change,"Auditing settings on object were changed.

Subject:
	Security ID:		SYSTEM
	Account Name:		VAGRANT-2008R2$
	Account Domain:		WORKGROUP
	Logon ID:		0x3e7

Object:
	Object Server:	Security
	Object Type:	File
	Object Name:	C:\Windows\SysWOW64\inetsrv\apphostsvc.dll
	Handle ID:	0x440

Process Information:
	Process ID:	0xd4
	Process Name:	C:\Windows\servicing\TrustedInstaller.exe

Auditing Settings:
	Original Security Descriptor:	
	New Security Descriptor:		S:ARAI(AU;SAFA;DCLCRPCRSDWDWO;;;WD)"
Audit Success,11/24/2019 10:17:21 AM,Microsoft-Windows-Security-Auditing,4907,Audit Policy Change,"Auditing settings on object were changed.

Subject:
	Security ID:		SYSTEM
	Account Name:		VAGRANT-2008R2$
	Account Domain:		WORKGROUP
	Logon ID:		0x3e7

Object:
	Object Server:	Security
	Object Type:	File
	Object Name:	C:\Windows\SysWOW64\inetsrv\loghttp.dll
	Handle ID:	0x57c

Process Information:
	Process ID:	0xd4
	Process Name:	C:\Windows\servicing\TrustedInstaller.exe

Auditing Settings:
	Original Security Descriptor:	
	New Security Descriptor:		S:ARAI(AU;SAFA;DCLCRPCRSDWDWO;;;WD)"
Audit Success,11/24/2019 10:17:21 AM,Microsoft-Windows-Security-Auditing,4907,Audit Policy Change,"Auditing settings on object were changed.

Subject:
	Security ID:		SYSTEM
	Account Name:		VAGRANT-2008R2$
	Account Domain:		WORKGROUP
	Logon ID:		0x3e7

Object:
	Object Server:	Security
	Object Type:	File
	Object Name:	C:\Windows\SysWOW64\inetsrv\cachfile.dll
	Handle ID:	0x4b0

Process Information:
	Process ID:	0xd4
	Process Name:	C:\Windows\servicing\TrustedInstaller.exe

Auditing Settings:
	Original Security Descriptor:	
	New Security Descriptor:		S:ARAI(AU;SAFA;DCLCRPCRSDWDWO;;;WD)"
Audit Success,11/24/2019 10:17:21 AM,Microsoft-Windows-Security-Auditing,4907,Audit Policy Change,"Auditing settings on object were changed.

Subject:
	Security ID:		SYSTEM
	Account Name:		VAGRANT-2008R2$
	Account Domain:		WORKGROUP
	Logon ID:		0x3e7

Object:
	Object Server:	Security
	Object Type:	File
	Object Name:	C:\Windows\SysWOW64\inetsrv\nativerd.dll
	Handle ID:	0x4ac

Process Information:
	Process ID:	0xd4
	Process Name:	C:\Windows\servicing\TrustedInstaller.exe

Auditing Settings:
	Original Security Descriptor:	
	New Security Descriptor:		S:ARAI(AU;SAFA;DCLCRPCRSDWDWO;;;WD)"
Audit Success,11/24/2019 10:17:21 AM,Microsoft-Windows-Security-Auditing,4907,Audit Policy Change,"Auditing settings on object were changed.

Subject:
	Security ID:		SYSTEM
	Account Name:		VAGRANT-2008R2$
	Account Domain:		WORKGROUP
	Logon ID:		0x3e7

Object:
	Object Server:	Security
	Object Type:	File
	Object Name:	C:\Windows\SysWOW64\inetsrv\Microsoft.Web.Administration.dll
	Handle ID:	0x440

Process Information:
	Process ID:	0xd4
	Process Name:	C:\Windows\servicing\TrustedInstaller.exe

Auditing Settings:
	Original Security Descriptor:	
	New Security Descriptor:		S:ARAI(AU;SAFA;DCLCRPCRSDWDWO;;;WD)"
Audit Success,11/24/2019 10:17:21 AM,Microsoft-Windows-Security-Auditing,4907,Audit Policy Change,"Auditing settings on object were changed.

Subject:
	Security ID:		SYSTEM
	Account Name:		VAGRANT-2008R2$
	Account Domain:		WORKGROUP
	Logon ID:		0x3e7

Object:
	Object Server:	Security
	Object Type:	File
	Object Name:	C:\Windows\SysWOW64\inetsrv\protsup.dll
	Handle ID:	0x57c

Process Information:
	Process ID:	0xd4
	Process Name:	C:\Windows\servicing\TrustedInstaller.exe

Auditing Settings:
	Original Security Descriptor:	
	New Security Descriptor:		S:ARAI(AU;SAFA;DCLCRPCRSDWDWO;;;WD)"
Audit Success,11/24/2019 10:17:21 AM,Microsoft-Windows-Security-Auditing,4907,Audit Policy Change,"Auditing settings on object were changed.

Subject:
	Security ID:		SYSTEM
	Account Name:		VAGRANT-2008R2$
	Account Domain:		WORKGROUP
	Logon ID:		0x3e7

Object:
	Object Server:	Security
	Object Type:	File
	Object Name:	C:\Windows\SysWOW64\inetsrv\w3tp.dll
	Handle ID:	0x4b0

Process Information:
	Process ID:	0xd4
	Process Name:	C:\Windows\servicing\TrustedInstaller.exe

Auditing Settings:
	Original Security Descriptor:	
	New Security Descriptor:		S:ARAI(AU;SAFA;DCLCRPCRSDWDWO;;;WD)"
Audit Success,11/24/2019 10:17:21 AM,Microsoft-Windows-Security-Auditing,4907,Audit Policy Change,"Auditing settings on object were changed.

Subject:
	Security ID:		SYSTEM
	Account Name:		VAGRANT-2008R2$
	Account Domain:		WORKGROUP
	Logon ID:		0x3e7

Object:
	Object Server:	Security
	Object Type:	File
	Object Name:	C:\Windows\SysWOW64\inetsrv\validcfg.dll
	Handle ID:	0x4ac

Process Information:
	Process ID:	0xd4
	Process Name:	C:\Windows\servicing\TrustedInstaller.exe

Auditing Settings:
	Original Security Descriptor:	
	New Security Descriptor:		S:ARAI(AU;SAFA;DCLCRPCRSDWDWO;;;WD)"
Audit Success,11/24/2019 10:17:21 AM,Microsoft-Windows-Security-Auditing,4907,Audit Policy Change,"Auditing settings on object were changed.

Subject:
	Security ID:		SYSTEM
	Account Name:		VAGRANT-2008R2$
	Account Domain:		WORKGROUP
	Logon ID:		0x3e7

Object:
	Object Server:	Security
	Object Type:	File
	Object Name:	C:\Windows\SysWOW64\inetsrv\defdoc.dll
	Handle ID:	0x440

Process Information:
	Process ID:	0xd4
	Process Name:	C:\Windows\servicing\TrustedInstaller.exe

Auditing Settings:
	Original Security Descriptor:	
	New Security Descriptor:		S:ARAI(AU;SAFA;DCLCRPCRSDWDWO;;;WD)"
Audit Success,11/24/2019 10:17:21 AM,Microsoft-Windows-Security-Auditing,4907,Audit Policy Change,"Auditing settings on object were changed.

Subject:
	Security ID:		SYSTEM
	Account Name:		VAGRANT-2008R2$
	Account Domain:		WORKGROUP
	Logon ID:		0x3e7

Object:
	Object Server:	Security
	Object Type:	File
	Object Name:	C:\Windows\SysWOW64\inetsrv\iis.msc
	Handle ID:	0x57c

Process Information:
	Process ID:	0xd4
	Process Name:	C:\Windows\servicing\TrustedInstaller.exe

Auditing Settings:
	Original Security Descriptor:	
	New Security Descriptor:		S:ARAI(AU;SAFA;DCLCRPCRSDWDWO;;;WD)"
Audit Success,11/24/2019 10:17:21 AM,Microsoft-Windows-Security-Auditing,4907,Audit Policy Change,"Auditing settings on object were changed.

Subject:
	Security ID:		SYSTEM
	Account Name:		VAGRANT-2008R2$
	Account Domain:		WORKGROUP
	Logon ID:		0x3e7

Object:
	Object Server:	Security
	Object Type:	File
	Object Name:	C:\Windows\SysWOW64\inetsrv\w3dt.dll
	Handle ID:	0x4b0

Process Information:
	Process ID:	0xd4
	Process Name:	C:\Windows\servicing\TrustedInstaller.exe

Auditing Settings:
	Original Security Descriptor:	
	New Security Descriptor:		S:ARAI(AU;SAFA;DCLCRPCRSDWDWO;;;WD)"
Audit Success,11/24/2019 10:17:21 AM,Microsoft-Windows-Security-Auditing,4907,Audit Policy Change,"Auditing settings on object were changed.

Subject:
	Security ID:		SYSTEM
	Account Name:		VAGRANT-2008R2$
	Account Domain:		WORKGROUP
	Logon ID:		0x3e7

Object:
	Object Server:	Security
	Object Type:	File
	Object Name:	C:\Windows\SysWOW64\inetsrv\iissetup.exe
	Handle ID:	0x4ac

Process Information:
	Process ID:	0xd4
	Process Name:	C:\Windows\servicing\TrustedInstaller.exe

Auditing Settings:
	Original Security Descriptor:	
	New Security Descriptor:		S:ARAI(AU;SAFA;DCLCRPCRSDWDWO;;;WD)"
Audit Success,11/24/2019 10:17:21 AM,Microsoft-Windows-Security-Auditing,4907,Audit Policy Change,"Auditing settings on object were changed.

Subject:
	Security ID:		SYSTEM
	Account Name:		VAGRANT-2008R2$
	Account Domain:		WORKGROUP
	Logon ID:		0x3e7

Object:
	Object Server:	Security
	Object Type:	File
	Object Name:	C:\Windows\SysWOW64\inetsrv\modrqflt.dll
	Handle ID:	0x440

Process Information:
	Process ID:	0xd4
	Process Name:	C:\Windows\servicing\TrustedInstaller.exe

Auditing Settings:
	Original Security Descriptor:	
	New Security Descriptor:		S:ARAI(AU;SAFA;DCLCRPCRSDWDWO;;;WD)"
Audit Success,11/24/2019 10:17:21 AM,Microsoft-Windows-Security-Auditing,4907,Audit Policy Change,"Auditing settings on object were changed.

Subject:
	Security ID:		SYSTEM
	Account Name:		VAGRANT-2008R2$
	Account Domain:		WORKGROUP
	Logon ID:		0x3e7

Object:
	Object Server:	Security
	Object Type:	File
	Object Name:	C:\Windows\SysWOW64\inetsrv\w3ctrs.dll
	Handle ID:	0x57c

Process Information:
	Process ID:	0xd4
	Process Name:	C:\Windows\servicing\TrustedInstaller.exe

Auditing Settings:
	Original Security Descriptor:	
	New Security Descriptor:		S:ARAI(AU;SAFA;DCLCRPCRSDWDWO;;;WD)"
Audit Success,11/24/2019 10:17:21 AM,Microsoft-Windows-Security-Auditing,4907,Audit Policy Change,"Auditing settings on object were changed.

Subject:
	Security ID:		SYSTEM
	Account Name:		VAGRANT-2008R2$
	Account Domain:		WORKGROUP
	Logon ID:		0x3e7

Object:
	Object Server:	Security
	Object Type:	File
	Object Name:	C:\Windows\SysWOW64\inetsrv\iiscore.dll
	Handle ID:	0x4b0

Process Information:
	Process ID:	0xd4
	Process Name:	C:\Windows\servicing\TrustedInstaller.exe

Auditing Settings:
	Original Security Descriptor:	
	New Security Descriptor:		S:ARAI(AU;SAFA;DCLCRPCRSDWDWO;;;WD)"
Audit Success,11/24/2019 10:17:21 AM,Microsoft-Windows-Security-Auditing,4907,Audit Policy Change,"Auditing settings on object were changed.

Subject:
	Security ID:		SYSTEM
	Account Name:		VAGRANT-2008R2$
	Account Domain:		WORKGROUP
	Logon ID:		0x3e7

Object:
	Object Server:	Security
	Object Type:	File
	Object Name:	C:\Windows\SysWOW64\inetsrv\iisreqs.dll
	Handle ID:	0x4ac

Process Information:
	Process ID:	0xd4
	Process Name:	C:\Windows\servicing\TrustedInstaller.exe

Auditing Settings:
	Original Security Descriptor:	
	New Security Descriptor:		S:ARAI(AU;SAFA;DCLCRPCRSDWDWO;;;WD)"
Audit Success,11/24/2019 10:17:21 AM,Microsoft-Windows-Security-Auditing,4907,Audit Policy Change,"Auditing settings on object were changed.

Subject:
	Security ID:		SYSTEM
	Account Name:		VAGRANT-2008R2$
	Account Domain:		WORKGROUP
	Logon ID:		0x3e7

Object:
	Object Server:	Security
	Object Type:	File
	Object Name:	C:\Windows\SysWOW64\inetsrv\filter.dll
	Handle ID:	0x440

Process Information:
	Process ID:	0xd4
	Process Name:	C:\Windows\servicing\TrustedInstaller.exe

Auditing Settings:
	Original Security Descriptor:	
	New Security Descriptor:		S:ARAI(AU;SAFA;DCLCRPCRSDWDWO;;;WD)"
Audit Success,11/24/2019 10:17:21 AM,Microsoft-Windows-Security-Auditing,4907,Audit Policy Change,"Auditing settings on object were changed.

Subject:
	Security ID:		SYSTEM
	Account Name:		VAGRANT-2008R2$
	Account Domain:		WORKGROUP
	Logon ID:		0x3e7

Object:
	Object Server:	Security
	Object Type:	File
	Object Name:	C:\Windows\SysWOW64\inetsrv\cachtokn.dll
	Handle ID:	0x57c

Process Information:
	Process ID:	0xd4
	Process Name:	C:\Windows\servicing\TrustedInstaller.exe

Auditing Settings:
	Original Security Descriptor:	
	New Security Descriptor:		S:ARAI(AU;SAFA;DCLCRPCRSDWDWO;;;WD)"
Audit Success,11/24/2019 10:17:21 AM,Microsoft-Windows-Security-Auditing,4907,Audit Policy Change,"Auditing settings on object were changed.

Subject:
	Security ID:		SYSTEM
	Account Name:		VAGRANT-2008R2$
	Account Domain:		WORKGROUP
	Logon ID:		0x3e7

Object:
	Object Server:	Security
	Object Type:	File
	Object Name:	C:\Windows\SysWOW64\inetsrv\custerr.dll
	Handle ID:	0x4b0

Process Information:
	Process ID:	0xd4
	Process Name:	C:\Windows\servicing\TrustedInstaller.exe

Auditing Settings:
	Original Security Descriptor:	
	New Security Descriptor:		S:ARAI(AU;SAFA;DCLCRPCRSDWDWO;;;WD)"
Audit Success,11/24/2019 10:17:21 AM,Microsoft-Windows-Security-Auditing,4907,Audit Policy Change,"Auditing settings on object were changed.

Subject:
	Security ID:		SYSTEM
	Account Name:		VAGRANT-2008R2$
	Account Domain:		WORKGROUP
	Logon ID:		0x3e7

Object:
	Object Server:	Security
	Object Type:	File
	Object Name:	C:\Windows\SysWOW64\inetsrv\appcmd.exe
	Handle ID:	0x4ac

Process Information:
	Process ID:	0xd4
	Process Name:	C:\Windows\servicing\TrustedInstaller.exe

Auditing Settings:
	Original Security Descriptor:	
	New Security Descriptor:		S:ARAI(AU;SAFA;DCLCRPCRSDWDWO;;;WD)"
Audit Success,11/24/2019 10:17:21 AM,Microsoft-Windows-Security-Auditing,4907,Audit Policy Change,"Auditing settings on object were changed.

Subject:
	Security ID:		SYSTEM
	Account Name:		VAGRANT-2008R2$
	Account Domain:		WORKGROUP
	Logon ID:		0x3e7

Object:
	Object Server:	Security
	Object Type:	File
	Object Name:	C:\Windows\SysWOW64\inetsrv\iisres.dll
	Handle ID:	0x440

Process Information:
	Process ID:	0xd4
	Process Name:	C:\Windows\servicing\TrustedInstaller.exe

Auditing Settings:
	Original Security Descriptor:	
	New Security Descriptor:		S:ARAI(AU;SAFA;DCLCRPCRSDWDWO;;;WD)"
Audit Success,11/24/2019 10:17:21 AM,Microsoft-Windows-Security-Auditing,4907,Audit Policy Change,"Auditing settings on object were changed.

Subject:
	Security ID:		SYSTEM
	Account Name:		VAGRANT-2008R2$
	Account Domain:		WORKGROUP
	Logon ID:		0x3e7

Object:
	Object Server:	Security
	Object Type:	File
	Object Name:	C:\Windows\SysWOW64\inetsrv\isapi.dll
	Handle ID:	0x57c

Process Information:
	Process ID:	0xd4
	Process Name:	C:\Windows\servicing\TrustedInstaller.exe

Auditing Settings:
	Original Security Descriptor:	
	New Security Descriptor:		S:ARAI(AU;SAFA;DCLCRPCRSDWDWO;;;WD)"
Audit Success,11/24/2019 10:17:21 AM,Microsoft-Windows-Security-Auditing,4907,Audit Policy Change,"Auditing settings on object were changed.

Subject:
	Security ID:		SYSTEM
	Account Name:		VAGRANT-2008R2$
	Account Domain:		WORKGROUP
	Logon ID:		0x3e7

Object:
	Object Server:	Security
	Object Type:	File
	Object Name:	C:\Windows\SysWOW64\inetsrv\rscaext.dll
	Handle ID:	0x4b0

Process Information:
	Process ID:	0xd4
	Process Name:	C:\Windows\servicing\TrustedInstaller.exe

Auditing Settings:
	Original Security Descriptor:	
	New Security Descriptor:		S:ARAI(AU;SAFA;DCLCRPCRSDWDWO;;;WD)"
Audit Success,11/24/2019 10:17:21 AM,Microsoft-Windows-Security-Auditing,4907,Audit Policy Change,"Auditing settings on object were changed.

Subject:
	Security ID:		SYSTEM
	Account Name:		VAGRANT-2008R2$
	Account Domain:		WORKGROUP
	Logon ID:		0x3e7

Object:
	Object Server:	Security
	Object Type:	File
	Object Name:	C:\Windows\SysWOW64\inetsrv\w3wphost.dll
	Handle ID:	0x4ac

Process Information:
	Process ID:	0xd4
	Process Name:	C:\Windows\servicing\TrustedInstaller.exe

Auditing Settings:
	Original Security Descriptor:	
	New Security Descriptor:		S:ARAI(AU;SAFA;DCLCRPCRSDWDWO;;;WD)"
Audit Success,11/24/2019 10:17:21 AM,Microsoft-Windows-Security-Auditing,4907,Audit Policy Change,"Auditing settings on object were changed.

Subject:
	Security ID:		SYSTEM
	Account Name:		VAGRANT-2008R2$
	Account Domain:		WORKGROUP
	Logon ID:		0x3e7

Object:
	Object Server:	Security
	Object Type:	File
	Object Name:	C:\Windows\SysWOW64\inetsrv\authanon.dll
	Handle ID:	0x440

Process Information:
	Process ID:	0xd4
	Process Name:	C:\Windows\servicing\TrustedInstaller.exe

Auditing Settings:
	Original Security Descriptor:	
	New Security Descriptor:		S:ARAI(AU;SAFA;DCLCRPCRSDWDWO;;;WD)"
